<?xml version="1.0" encoding="UTF-8"?>
<testsuites name="Folder Share" time="366.646" tests="18" failures="13" errors="0">
   <testsuite name="Folder Share" tests="18" failures="13" errors="0" time="366.646" timestamp="2020-08-21 13:49:54" hostname="mac - localhost" id="Test Suites/Folder Share">
      <properties>
         <property name="deviceName" value=""/>
         <property name="devicePlatform" value=""/>
         <property name="logFolder" value="/Users/mac/Documents/PF-WEBTEST/Reports/20200821_134952/Folder Share/20200821_134952"/>
         <property name="logFiles" value="/Users/mac/Documents/PF-WEBTEST/Reports/20200821_134952/Folder Share/20200821_134952/execution0.log"/>
         <property name="attachments" value=""/>
         <property name="hostName" value="mac - localhost"/>
         <property name="os" value="Mac OS X 64bit"/>
         <property name="katalonVersion" value="7.2.1.1"/>
         <property name="browser" value="Firefox 79.0"/>
         <property name="hostAddress" value="127.0.0.1"/>
         <property name="sessionId" value="ba6bac13-eb53-694d-9d60-1eedcfaa64fc"/>
         <property name="seleniumVersion" value="3.141.59"/>
         <property name="proxyInformation" value="ProxyInformation{proxyOption=NO_PROXY, proxyServerType=HTTP, password=, proxyServerAddress=, proxyServerPort=0, executionList=}"/>
         <property name="platform" value="Mac OS X"/>
      </properties>
      <testcase name="Test Cases/Share/Share Using plus button/Share Folder With one email adress" time="3.58" classname="Test Cases/Share/Share Using plus button/Share Folder With one email adress" status="FAILED">
         <failure type="FAILED" message="Test Cases/Share/Share Using plus button/Share Folder With one email adress FAILED.
Reason:
com.kms.katalon.core.exception.StepFailedException: Unable to click on object 'Object Repository/Share/Page_Folders - PowerFolder/span_Paste_pica-glyph glyphicons glyphicons_ca92f0'
	at com.kms.katalon.core.webui.keyword.internal.WebUIKeywordMain.stepFailed(WebUIKeywordMain.groovy:64)
	at com.kms.katalon.core.webui.keyword.internal.WebUIKeywordMain.runKeyword(WebUIKeywordMain.groovy:26)
	at com.kms.katalon.core.webui.keyword.builtin.ClickKeyword.click(ClickKeyword.groovy:102)
	at com.kms.katalon.core.webui.keyword.builtin.ClickKeyword.execute(ClickKeyword.groovy:43)
	at com.kms.katalon.core.keyword.internal.KeywordExecutor.executeKeywordForPlatform(KeywordExecutor.groovy:72)
	at com.kms.katalon.core.webui.keyword.WebUiBuiltInKeywords.click(WebUiBuiltInKeywords.groovy:616)
	at com.kms.katalon.core.webui.keyword.WebUiBuiltInKeywords$click$0.call(Unknown Source)
	at Share Folder With one email adress.run(Share Folder With one email adress:27)
	at com.kms.katalon.core.main.ScriptEngine.run(ScriptEngine.java:194)
	at com.kms.katalon.core.main.ScriptEngine.runScriptAsRawText(ScriptEngine.java:119)
	at com.kms.katalon.core.main.TestCaseExecutor.runScript(TestCaseExecutor.java:337)
	at com.kms.katalon.core.main.TestCaseExecutor.doExecute(TestCaseExecutor.java:328)
	at com.kms.katalon.core.main.TestCaseExecutor.processExecutionPhase(TestCaseExecutor.java:307)
	at com.kms.katalon.core.main.TestCaseExecutor.accessMainPhase(TestCaseExecutor.java:299)
	at com.kms.katalon.core.main.TestCaseExecutor.execute(TestCaseExecutor.java:233)
	at com.kms.katalon.core.main.TestSuiteExecutor.accessTestCaseMainPhase(TestSuiteExecutor.java:169)
	at com.kms.katalon.core.main.TestSuiteExecutor.accessTestSuiteMainPhase(TestSuiteExecutor.java:142)
	at com.kms.katalon.core.main.TestSuiteExecutor.execute(TestSuiteExecutor.java:91)
	at com.kms.katalon.core.main.TestCaseMain.startTestSuite(TestCaseMain.java:157)
	at com.kms.katalon.core.main.TestCaseMain$startTestSuite$0.call(Unknown Source)
	at TempTestSuite1598014192128.run(TempTestSuite1598014192128.groovy:36)
Caused by: com.kms.katalon.core.webui.exception.BrowserNotOpenedException: Browser is not opened
Build info: version: '3.141.59', revision: 'e82be7d358', time: '2018-11-14T08:25:53'
System info: host: 'MacBook-Pro-di-mac.local', ip: 'fe80:0:0:0:ca8:b2f6:3082:738c%en0', os.name: 'Mac OS X', os.arch: 'x86_64', os.version: '10.15.6', java.version: '1.8.0_181'
Driver info: driver.version: unknown
	at com.kms.katalon.core.webui.driver.DriverFactory.verifyWebDriverIsOpen(DriverFactory.java:816)
	at com.kms.katalon.core.webui.driver.DriverFactory.verifyWebDriver(DriverFactory.java:801)
	at com.kms.katalon.core.webui.driver.DriverFactory.getWebDriver(DriverFactory.java:787)
	at com.kms.katalon.core.webui.common.WebUiCommonHelper.findWebElements(WebUiCommonHelper.java:739)
	at com.kms.katalon.core.webui.common.WebUiCommonHelper.findWebElement(WebUiCommonHelper.java:1150)
	at com.kms.katalon.core.webui.keyword.internal.WebUIAbstractKeyword.findWebElement(WebUIAbstractKeyword.groovy:27)
	at com.kms.katalon.core.webui.keyword.internal.WebUIAbstractKeyword.findWebElement(WebUIAbstractKeyword.groovy:26)
	at com.kms.katalon.core.webui.keyword.builtin.ClickKeyword$_click_closure1.doCall(ClickKeyword.groovy:67)
	at com.kms.katalon.core.webui.keyword.builtin.ClickKeyword$_click_closure1.call(ClickKeyword.groovy)
	at com.kms.katalon.core.webui.keyword.internal.WebUIKeywordMain.runKeyword(WebUIKeywordMain.groovy:20)
	... 19 more
"/>
         <system-out><![CDATA[2020-08-21 13:49:54 - [TEST_CASE][FAILED] - Test Cases/Share/Share Using plus button/Share Folder With one email adress: Test Cases/Share/Share Using plus button/Share Folder With one email adress FAILED.
Reason:
com.kms.katalon.core.exception.StepFailedException: Unable to click on object 'Object Repository/Share/Page_Folders - PowerFolder/span_Paste_pica-glyph glyphicons glyphicons_ca92f0'
	at com.kms.katalon.core.webui.keyword.internal.WebUIKeywordMain.stepFailed(WebUIKeywordMain.groovy:64)
	at com.kms.katalon.core.webui.keyword.internal.WebUIKeywordMain.runKeyword(WebUIKeywordMain.groovy:26)
	at com.kms.katalon.core.webui.keyword.builtin.ClickKeyword.click(ClickKeyword.groovy:102)
	at com.kms.katalon.core.webui.keyword.builtin.ClickKeyword.execute(ClickKeyword.groovy:43)
	at com.kms.katalon.core.keyword.internal.KeywordExecutor.executeKeywordForPlatform(KeywordExecutor.groovy:72)
	at com.kms.katalon.core.webui.keyword.WebUiBuiltInKeywords.click(WebUiBuiltInKeywords.groovy:616)
	at com.kms.katalon.core.webui.keyword.WebUiBuiltInKeywords$click$0.call(Unknown Source)
	at Share Folder With one email adress.run(Share Folder With one email adress:27)
	at com.kms.katalon.core.main.ScriptEngine.run(ScriptEngine.java:194)
	at com.kms.katalon.core.main.ScriptEngine.runScriptAsRawText(ScriptEngine.java:119)
	at com.kms.katalon.core.main.TestCaseExecutor.runScript(TestCaseExecutor.java:337)
	at com.kms.katalon.core.main.TestCaseExecutor.doExecute(TestCaseExecutor.java:328)
	at com.kms.katalon.core.main.TestCaseExecutor.processExecutionPhase(TestCaseExecutor.java:307)
	at com.kms.katalon.core.main.TestCaseExecutor.accessMainPhase(TestCaseExecutor.java:299)
	at com.kms.katalon.core.main.TestCaseExecutor.execute(TestCaseExecutor.java:233)
	at com.kms.katalon.core.main.TestSuiteExecutor.accessTestCaseMainPhase(TestSuiteExecutor.java:169)
	at com.kms.katalon.core.main.TestSuiteExecutor.accessTestSuiteMainPhase(TestSuiteExecutor.java:142)
	at com.kms.katalon.core.main.TestSuiteExecutor.execute(TestSuiteExecutor.java:91)
	at com.kms.katalon.core.main.TestCaseMain.startTestSuite(TestCaseMain.java:157)
	at com.kms.katalon.core.main.TestCaseMain$startTestSuite$0.call(Unknown Source)
	at TempTestSuite1598014192128.run(TempTestSuite1598014192128.groovy:36)
Caused by: com.kms.katalon.core.webui.exception.BrowserNotOpenedException: Browser is not opened
Build info: version: '3.141.59', revision: 'e82be7d358', time: '2018-11-14T08:25:53'
System info: host: 'MacBook-Pro-di-mac.local', ip: 'fe80:0:0:0:ca8:b2f6:3082:738c%en0', os.name: 'Mac OS X', os.arch: 'x86_64', os.version: '10.15.6', java.version: '1.8.0_181'
Driver info: driver.version: unknown
	at com.kms.katalon.core.webui.driver.DriverFactory.verifyWebDriverIsOpen(DriverFactory.java:816)
	at com.kms.katalon.core.webui.driver.DriverFactory.verifyWebDriver(DriverFactory.java:801)
	at com.kms.katalon.core.webui.driver.DriverFactory.getWebDriver(DriverFactory.java:787)
	at com.kms.katalon.core.webui.common.WebUiCommonHelper.findWebElements(WebUiCommonHelper.java:739)
	at com.kms.katalon.core.webui.common.WebUiCommonHelper.findWebElement(WebUiCommonHelper.java:1150)
	at com.kms.katalon.core.webui.keyword.internal.WebUIAbstractKeyword.findWebElement(WebUIAbstractKeyword.groovy:27)
	at com.kms.katalon.core.webui.keyword.internal.WebUIAbstractKeyword.findWebElement(WebUIAbstractKeyword.groovy:26)
	at com.kms.katalon.core.webui.keyword.builtin.ClickKeyword$_click_closure1.doCall(ClickKeyword.groovy:67)
	at com.kms.katalon.core.webui.keyword.builtin.ClickKeyword$_click_closure1.call(ClickKeyword.groovy)
	at com.kms.katalon.core.webui.keyword.internal.WebUIKeywordMain.runKeyword(WebUIKeywordMain.groovy:20)
	... 19 more


2020-08-21 13:49:55 - [TEST_STEP][PASSED] - callTestCase(findTestCase("Folders/Should Go to Folderstable"), [:], OPTIONAL): Unable to call Test Case 'Test Cases/Folders/Should Go to Folderstable' (Root cause: com.kms.katalon.core.exception.StepFailedException: Call Test Case 'Test Cases/Folders/Should Go to Folderstable' failed
	at com.kms.katalon.core.keyword.builtin.CallTestCaseKeyword$_callTestCase_closure1.doCall(CallTestCaseKeyword.groovy:63)
	at com.kms.katalon.core.keyword.builtin.CallTestCaseKeyword$_callTestCase_closure1.call(CallTestCaseKeyword.groovy)
	at com.kms.katalon.core.keyword.internal.KeywordMain.runKeyword(KeywordMain.groovy:68)
	at com.kms.katalon.core.keyword.builtin.CallTestCaseKeyword.callTestCase(CallTestCaseKeyword.groovy:81)
	at com.kms.katalon.core.keyword.builtin.CallTestCaseKeyword.execute(CallTestCaseKeyword.groovy:44)
	at com.kms.katalon.core.keyword.internal.KeywordExecutor.executeKeywordForPlatform(KeywordExecutor.groovy:72)
	at com.kms.katalon.core.keyword.BuiltinKeywords.callTestCase(BuiltinKeywords.groovy:334)
	at Share Folder With one email adress.run(Share Folder With one email adress:23)
	at com.kms.katalon.core.main.ScriptEngine.run(ScriptEngine.java:194)
	at com.kms.katalon.core.main.ScriptEngine.runScriptAsRawText(ScriptEngine.java:119)
	at com.kms.katalon.core.main.TestCaseExecutor.runScript(TestCaseExecutor.java:337)
	at com.kms.katalon.core.main.TestCaseExecutor.doExecute(TestCaseExecutor.java:328)
	at com.kms.katalon.core.main.TestCaseExecutor.processExecutionPhase(TestCaseExecutor.java:307)
	at com.kms.katalon.core.main.TestCaseExecutor.accessMainPhase(TestCaseExecutor.java:299)
	at com.kms.katalon.core.main.TestCaseExecutor.execute(TestCaseExecutor.java:233)
	at com.kms.katalon.core.main.TestSuiteExecutor.accessTestCaseMainPhase(TestSuiteExecutor.java:169)
	at com.kms.katalon.core.main.TestSuiteExecutor.accessTestSuiteMainPhase(TestSuiteExecutor.java:142)
	at com.kms.katalon.core.main.TestSuiteExecutor.execute(TestSuiteExecutor.java:91)
	at com.kms.katalon.core.main.TestCaseMain.startTestSuite(TestCaseMain.java:157)
	at com.kms.katalon.core.main.TestCaseMain$startTestSuite$0.call(Unknown Source)
	at TempTestSuite1598014192128.run(TempTestSuite1598014192128.groovy:36)
Caused by: com.kms.katalon.core.exception.StepFailedException: Unable to open browser with url: ''
	at com.kms.katalon.core.webui.keyword.internal.WebUIKeywordMain.stepFailed(WebUIKeywordMain.groovy:64)
	at com.kms.katalon.core.webui.keyword.internal.WebUIKeywordMain.runKeyword(WebUIKeywordMain.groovy:26)
	at com.kms.katalon.core.webui.keyword.builtin.OpenBrowserKeyword.openBrowser(OpenBrowserKeyword.groovy:81)
	at com.kms.katalon.core.webui.keyword.builtin.OpenBrowserKeyword.execute(OpenBrowserKeyword.groovy:67)
	at com.kms.katalon.core.keyword.internal.KeywordExecutor.executeKeywordForPlatform(KeywordExecutor.groovy:72)
	at com.kms.katalon.core.webui.keyword.WebUiBuiltInKeywords.openBrowser(WebUiBuiltInKeywords.groovy:60)
	at com.kms.katalon.core.webui.keyword.WebUiBuiltInKeywords$openBrowser.call(Unknown Source)
	at Should Go to Folderstable.run(Should Go to Folderstable:23)
	at com.kms.katalon.core.main.ScriptEngine.run(ScriptEngine.java:194)
	at com.kms.katalon.core.main.ScriptEngine.runScriptAsRawText(ScriptEngine.java:119)
	at com.kms.katalon.core.main.TestCaseExecutor.runScript(TestCaseExecutor.java:337)
	at com.kms.katalon.core.main.TestCaseExecutor.doExecute(TestCaseExecutor.java:328)
	at com.kms.katalon.core.main.TestCaseExecutor.processExecutionPhase(TestCaseExecutor.java:307)
	at com.kms.katalon.core.main.TestCaseExecutor.accessMainPhase(TestCaseExecutor.java:299)
	at com.kms.katalon.core.main.TestCaseExecutor.execute(TestCaseExecutor.java:233)
	at com.kms.katalon.core.main.TestCaseMain.runTestCase(TestCaseMain.java:114)
	at com.kms.katalon.core.keyword.builtin.CallTestCaseKeyword$_callTestCase_closure1.doCall(CallTestCaseKeyword.groovy:59)
	... 20 more
Caused by: org.openqa.selenium.WebDriverException: invalid argument: can't kill an exited process
Build info: version: '3.141.59', revision: 'e82be7d358', time: '2018-11-14T08:25:53'
System info: host: 'MacBook-Pro-di-mac.local', ip: 'fe80:0:0:0:ca8:b2f6:3082:738c%en0', os.name: 'Mac OS X', os.arch: 'x86_64', os.version: '10.15.6', java.version: '1.8.0_181'
Driver info: driver.version: CGeckoDriver
remote stacktrace: 
	at org.openqa.selenium.remote.W3CHandshakeResponse.lambda$errorHandler$0(W3CHandshakeResponse.java:62)
	at org.openqa.selenium.remote.HandshakeResponse.lambda$getResponseFunction$0(HandshakeResponse.java:30)
	at org.openqa.selenium.remote.ProtocolHandshake.lambda$createSession$0(ProtocolHandshake.java:126)
	at org.openqa.selenium.remote.ProtocolHandshake.createSession(ProtocolHandshake.java:128)
	at org.openqa.selenium.remote.ProtocolHandshake.createSession(ProtocolHandshake.java:74)
	at org.openqa.selenium.remote.HttpCommandExecutor.execute(HttpCommandExecutor.java:136)
	at org.openqa.selenium.remote.service.DriverCommandExecutor.execute(DriverCommandExecutor.java:83)
	at org.openqa.selenium.remote.RemoteWebDriver.execute(RemoteWebDriver.java:552)
	at com.kms.katalon.selenium.driver.CFirefoxDriver.execute(CFirefoxDriver.java:27)
	at org.openqa.selenium.remote.RemoteWebDriver.startSession(RemoteWebDriver.java:213)
	at org.openqa.selenium.remote.RemoteWebDriver.<init>(RemoteWebDriver.java:131)
	at org.openqa.selenium.firefox.FirefoxDriver.<init>(FirefoxDriver.java:147)
	at com.kms.katalon.selenium.driver.CFirefoxDriver.<init>(CFirefoxDriver.java:21)
	at com.kms.katalon.core.webui.driver.firefox.CGeckoDriver.<init>(CGeckoDriver.java:12)
	at com.kms.katalon.core.webui.driver.firefox.CGeckoDriver.from(CGeckoDriver.java:17)
	at com.kms.katalon.core.webui.driver.DriverFactory.createNewFirefoxDriver(DriverFactory.java:572)
	at com.kms.katalon.core.webui.driver.DriverFactory.startNewBrowser(DriverFactory.java:308)
	at com.kms.katalon.core.webui.driver.DriverFactory.openWebDriver(DriverFactory.java:208)
	at com.kms.katalon.core.webui.keyword.builtin.OpenBrowserKeyword$_openBrowser_closure1.doCall(OpenBrowserKeyword.groovy:74)
	at com.kms.katalon.core.webui.keyword.builtin.OpenBrowserKeyword$_openBrowser_closure1.call(OpenBrowserKeyword.groovy)
	at com.kms.katalon.core.webui.keyword.internal.WebUIKeywordMain.runKeyword(WebUIKeywordMain.groovy:20)
	... 35 more
)

2020-08-21 13:49:55 - [TEST_CASE][FAILED] - Test Cases/Folders/Should Go to Folderstable: Test Cases/Folders/Should Go to Folderstable FAILED.
Reason:
com.kms.katalon.core.exception.StepFailedException: Unable to open browser with url: ''
	at com.kms.katalon.core.webui.keyword.internal.WebUIKeywordMain.stepFailed(WebUIKeywordMain.groovy:64)
	at com.kms.katalon.core.webui.keyword.internal.WebUIKeywordMain.runKeyword(WebUIKeywordMain.groovy:26)
	at com.kms.katalon.core.webui.keyword.builtin.OpenBrowserKeyword.openBrowser(OpenBrowserKeyword.groovy:81)
	at com.kms.katalon.core.webui.keyword.builtin.OpenBrowserKeyword.execute(OpenBrowserKeyword.groovy:67)
	at com.kms.katalon.core.keyword.internal.KeywordExecutor.executeKeywordForPlatform(KeywordExecutor.groovy:72)
	at com.kms.katalon.core.webui.keyword.WebUiBuiltInKeywords.openBrowser(WebUiBuiltInKeywords.groovy:60)
	at com.kms.katalon.core.webui.keyword.WebUiBuiltInKeywords$openBrowser.call(Unknown Source)
	at Should Go to Folderstable.run(Should Go to Folderstable:23)
	at com.kms.katalon.core.main.ScriptEngine.run(ScriptEngine.java:194)
	at com.kms.katalon.core.main.ScriptEngine.runScriptAsRawText(ScriptEngine.java:119)
	at com.kms.katalon.core.main.TestCaseExecutor.runScript(TestCaseExecutor.java:337)
	at com.kms.katalon.core.main.TestCaseExecutor.doExecute(TestCaseExecutor.java:328)
	at com.kms.katalon.core.main.TestCaseExecutor.processExecutionPhase(TestCaseExecutor.java:307)
	at com.kms.katalon.core.main.TestCaseExecutor.accessMainPhase(TestCaseExecutor.java:299)
	at com.kms.katalon.core.main.TestCaseExecutor.execute(TestCaseExecutor.java:233)
	at com.kms.katalon.core.main.TestCaseMain.runTestCase(TestCaseMain.java:114)
	at com.kms.katalon.core.keyword.builtin.CallTestCaseKeyword$_callTestCase_closure1.doCall(CallTestCaseKeyword.groovy:59)
	at com.kms.katalon.core.keyword.builtin.CallTestCaseKeyword$_callTestCase_closure1.call(CallTestCaseKeyword.groovy)
	at com.kms.katalon.core.keyword.internal.KeywordMain.runKeyword(KeywordMain.groovy:68)
	at com.kms.katalon.core.keyword.builtin.CallTestCaseKeyword.callTestCase(CallTestCaseKeyword.groovy:81)
	at com.kms.katalon.core.keyword.builtin.CallTestCaseKeyword.execute(CallTestCaseKeyword.groovy:44)
	at com.kms.katalon.core.keyword.internal.KeywordExecutor.executeKeywordForPlatform(KeywordExecutor.groovy:72)
	at com.kms.katalon.core.keyword.BuiltinKeywords.callTestCase(BuiltinKeywords.groovy:334)
	at Share Folder With one email adress.run(Share Folder With one email adress:23)
	at com.kms.katalon.core.main.ScriptEngine.run(ScriptEngine.java:194)
	at com.kms.katalon.core.main.ScriptEngine.runScriptAsRawText(ScriptEngine.java:119)
	at com.kms.katalon.core.main.TestCaseExecutor.runScript(TestCaseExecutor.java:337)
	at com.kms.katalon.core.main.TestCaseExecutor.doExecute(TestCaseExecutor.java:328)
	at com.kms.katalon.core.main.TestCaseExecutor.processExecutionPhase(TestCaseExecutor.java:307)
	at com.kms.katalon.core.main.TestCaseExecutor.accessMainPhase(TestCaseExecutor.java:299)
	at com.kms.katalon.core.main.TestCaseExecutor.execute(TestCaseExecutor.java:233)
	at com.kms.katalon.core.main.TestSuiteExecutor.accessTestCaseMainPhase(TestSuiteExecutor.java:169)
	at com.kms.katalon.core.main.TestSuiteExecutor.accessTestSuiteMainPhase(TestSuiteExecutor.java:142)
	at com.kms.katalon.core.main.TestSuiteExecutor.execute(TestSuiteExecutor.java:91)
	at com.kms.katalon.core.main.TestCaseMain.startTestSuite(TestCaseMain.java:157)
	at com.kms.katalon.core.main.TestCaseMain$startTestSuite$0.call(Unknown Source)
	at TempTestSuite1598014192128.run(TempTestSuite1598014192128.groovy:36)
Caused by: org.openqa.selenium.WebDriverException: invalid argument: can't kill an exited process
Build info: version: '3.141.59', revision: 'e82be7d358', time: '2018-11-14T08:25:53'
System info: host: 'MacBook-Pro-di-mac.local', ip: 'fe80:0:0:0:ca8:b2f6:3082:738c%en0', os.name: 'Mac OS X', os.arch: 'x86_64', os.version: '10.15.6', java.version: '1.8.0_181'
Driver info: driver.version: CGeckoDriver
remote stacktrace: 
	at org.openqa.selenium.remote.W3CHandshakeResponse.lambda$errorHandler$0(W3CHandshakeResponse.java:62)
	at org.openqa.selenium.remote.HandshakeResponse.lambda$getResponseFunction$0(HandshakeResponse.java:30)
	at org.openqa.selenium.remote.ProtocolHandshake.lambda$createSession$0(ProtocolHandshake.java:126)
	at org.openqa.selenium.remote.ProtocolHandshake.createSession(ProtocolHandshake.java:128)
	at org.openqa.selenium.remote.ProtocolHandshake.createSession(ProtocolHandshake.java:74)
	at org.openqa.selenium.remote.HttpCommandExecutor.execute(HttpCommandExecutor.java:136)
	at org.openqa.selenium.remote.service.DriverCommandExecutor.execute(DriverCommandExecutor.java:83)
	at org.openqa.selenium.remote.RemoteWebDriver.execute(RemoteWebDriver.java:552)
	at com.kms.katalon.selenium.driver.CFirefoxDriver.execute(CFirefoxDriver.java:27)
	at org.openqa.selenium.remote.RemoteWebDriver.startSession(RemoteWebDriver.java:213)
	at org.openqa.selenium.remote.RemoteWebDriver.<init>(RemoteWebDriver.java:131)
	at org.openqa.selenium.firefox.FirefoxDriver.<init>(FirefoxDriver.java:147)
	at com.kms.katalon.selenium.driver.CFirefoxDriver.<init>(CFirefoxDriver.java:21)
	at com.kms.katalon.core.webui.driver.firefox.CGeckoDriver.<init>(CGeckoDriver.java:12)
	at com.kms.katalon.core.webui.driver.firefox.CGeckoDriver.from(CGeckoDriver.java:17)
	at com.kms.katalon.core.webui.driver.DriverFactory.createNewFirefoxDriver(DriverFactory.java:572)
	at com.kms.katalon.core.webui.driver.DriverFactory.startNewBrowser(DriverFactory.java:308)
	at com.kms.katalon.core.webui.driver.DriverFactory.openWebDriver(DriverFactory.java:208)
	at com.kms.katalon.core.webui.keyword.builtin.OpenBrowserKeyword$_openBrowser_closure1.doCall(OpenBrowserKeyword.groovy:74)
	at com.kms.katalon.core.webui.keyword.builtin.OpenBrowserKeyword$_openBrowser_closure1.call(OpenBrowserKeyword.groovy)
	at com.kms.katalon.core.webui.keyword.internal.WebUIKeywordMain.runKeyword(WebUIKeywordMain.groovy:20)
	... 35 more


2020-08-21 13:49:55 - [TEST_STEP][FAILED] - openBrowser(""): Unable to open browser with url: '' (Root cause: com.kms.katalon.core.exception.StepFailedException: Unable to open browser with url: ''
	at com.kms.katalon.core.webui.keyword.internal.WebUIKeywordMain.stepFailed(WebUIKeywordMain.groovy:64)
	at com.kms.katalon.core.webui.keyword.internal.WebUIKeywordMain.runKeyword(WebUIKeywordMain.groovy:26)
	at com.kms.katalon.core.webui.keyword.builtin.OpenBrowserKeyword.openBrowser(OpenBrowserKeyword.groovy:81)
	at com.kms.katalon.core.webui.keyword.builtin.OpenBrowserKeyword.execute(OpenBrowserKeyword.groovy:67)
	at com.kms.katalon.core.keyword.internal.KeywordExecutor.executeKeywordForPlatform(KeywordExecutor.groovy:72)
	at com.kms.katalon.core.webui.keyword.WebUiBuiltInKeywords.openBrowser(WebUiBuiltInKeywords.groovy:60)
	at com.kms.katalon.core.webui.keyword.WebUiBuiltInKeywords$openBrowser.call(Unknown Source)
	at Should Go to Folderstable.run(Should Go to Folderstable:23)
	at com.kms.katalon.core.main.ScriptEngine.run(ScriptEngine.java:194)
	at com.kms.katalon.core.main.ScriptEngine.runScriptAsRawText(ScriptEngine.java:119)
	at com.kms.katalon.core.main.TestCaseExecutor.runScript(TestCaseExecutor.java:337)
	at com.kms.katalon.core.main.TestCaseExecutor.doExecute(TestCaseExecutor.java:328)
	at com.kms.katalon.core.main.TestCaseExecutor.processExecutionPhase(TestCaseExecutor.java:307)
	at com.kms.katalon.core.main.TestCaseExecutor.accessMainPhase(TestCaseExecutor.java:299)
	at com.kms.katalon.core.main.TestCaseExecutor.execute(TestCaseExecutor.java:233)
	at com.kms.katalon.core.main.TestCaseMain.runTestCase(TestCaseMain.java:114)
	at com.kms.katalon.core.keyword.builtin.CallTestCaseKeyword$_callTestCase_closure1.doCall(CallTestCaseKeyword.groovy:59)
	at com.kms.katalon.core.keyword.builtin.CallTestCaseKeyword$_callTestCase_closure1.call(CallTestCaseKeyword.groovy)
	at com.kms.katalon.core.keyword.internal.KeywordMain.runKeyword(KeywordMain.groovy:68)
	at com.kms.katalon.core.keyword.builtin.CallTestCaseKeyword.callTestCase(CallTestCaseKeyword.groovy:81)
	at com.kms.katalon.core.keyword.builtin.CallTestCaseKeyword.execute(CallTestCaseKeyword.groovy:44)
	at com.kms.katalon.core.keyword.internal.KeywordExecutor.executeKeywordForPlatform(KeywordExecutor.groovy:72)
	at com.kms.katalon.core.keyword.BuiltinKeywords.callTestCase(BuiltinKeywords.groovy:334)
	at Share Folder With one email adress.run(Share Folder With one email adress:23)
	at com.kms.katalon.core.main.ScriptEngine.run(ScriptEngine.java:194)
	at com.kms.katalon.core.main.ScriptEngine.runScriptAsRawText(ScriptEngine.java:119)
	at com.kms.katalon.core.main.TestCaseExecutor.runScript(TestCaseExecutor.java:337)
	at com.kms.katalon.core.main.TestCaseExecutor.doExecute(TestCaseExecutor.java:328)
	at com.kms.katalon.core.main.TestCaseExecutor.processExecutionPhase(TestCaseExecutor.java:307)
	at com.kms.katalon.core.main.TestCaseExecutor.accessMainPhase(TestCaseExecutor.java:299)
	at com.kms.katalon.core.main.TestCaseExecutor.execute(TestCaseExecutor.java:233)
	at com.kms.katalon.core.main.TestSuiteExecutor.accessTestCaseMainPhase(TestSuiteExecutor.java:169)
	at com.kms.katalon.core.main.TestSuiteExecutor.accessTestSuiteMainPhase(TestSuiteExecutor.java:142)
	at com.kms.katalon.core.main.TestSuiteExecutor.execute(TestSuiteExecutor.java:91)
	at com.kms.katalon.core.main.TestCaseMain.startTestSuite(TestCaseMain.java:157)
	at com.kms.katalon.core.main.TestCaseMain$startTestSuite$0.call(Unknown Source)
	at TempTestSuite1598014192128.run(TempTestSuite1598014192128.groovy:36)
Caused by: org.openqa.selenium.WebDriverException: invalid argument: can't kill an exited process
Build info: version: '3.141.59', revision: 'e82be7d358', time: '2018-11-14T08:25:53'
System info: host: 'MacBook-Pro-di-mac.local', ip: 'fe80:0:0:0:ca8:b2f6:3082:738c%en0', os.name: 'Mac OS X', os.arch: 'x86_64', os.version: '10.15.6', java.version: '1.8.0_181'
Driver info: driver.version: CGeckoDriver
remote stacktrace: 
	at org.openqa.selenium.remote.W3CHandshakeResponse.lambda$errorHandler$0(W3CHandshakeResponse.java:62)
	at org.openqa.selenium.remote.HandshakeResponse.lambda$getResponseFunction$0(HandshakeResponse.java:30)
	at org.openqa.selenium.remote.ProtocolHandshake.lambda$createSession$0(ProtocolHandshake.java:126)
	at org.openqa.selenium.remote.ProtocolHandshake.createSession(ProtocolHandshake.java:128)
	at org.openqa.selenium.remote.ProtocolHandshake.createSession(ProtocolHandshake.java:74)
	at org.openqa.selenium.remote.HttpCommandExecutor.execute(HttpCommandExecutor.java:136)
	at org.openqa.selenium.remote.service.DriverCommandExecutor.execute(DriverCommandExecutor.java:83)
	at org.openqa.selenium.remote.RemoteWebDriver.execute(RemoteWebDriver.java:552)
	at com.kms.katalon.selenium.driver.CFirefoxDriver.execute(CFirefoxDriver.java:27)
	at org.openqa.selenium.remote.RemoteWebDriver.startSession(RemoteWebDriver.java:213)
	at org.openqa.selenium.remote.RemoteWebDriver.<init>(RemoteWebDriver.java:131)
	at org.openqa.selenium.firefox.FirefoxDriver.<init>(FirefoxDriver.java:147)
	at com.kms.katalon.selenium.driver.CFirefoxDriver.<init>(CFirefoxDriver.java:21)
	at com.kms.katalon.core.webui.driver.firefox.CGeckoDriver.<init>(CGeckoDriver.java:12)
	at com.kms.katalon.core.webui.driver.firefox.CGeckoDriver.from(CGeckoDriver.java:17)
	at com.kms.katalon.core.webui.driver.DriverFactory.createNewFirefoxDriver(DriverFactory.java:572)
	at com.kms.katalon.core.webui.driver.DriverFactory.startNewBrowser(DriverFactory.java:308)
	at com.kms.katalon.core.webui.driver.DriverFactory.openWebDriver(DriverFactory.java:208)
	at com.kms.katalon.core.webui.keyword.builtin.OpenBrowserKeyword$_openBrowser_closure1.doCall(OpenBrowserKeyword.groovy:74)
	at com.kms.katalon.core.webui.keyword.builtin.OpenBrowserKeyword$_openBrowser_closure1.call(OpenBrowserKeyword.groovy)
	at com.kms.katalon.core.webui.keyword.internal.WebUIKeywordMain.runKeyword(WebUIKeywordMain.groovy:20)
	at com.kms.katalon.core.webui.keyword.builtin.OpenBrowserKeyword.openBrowser(OpenBrowserKeyword.groovy:81)
	at com.kms.katalon.core.webui.keyword.builtin.OpenBrowserKeyword.execute(OpenBrowserKeyword.groovy:67)
	at com.kms.katalon.core.keyword.internal.KeywordExecutor.executeKeywordForPlatform(KeywordExecutor.groovy:72)
	at com.kms.katalon.core.webui.keyword.WebUiBuiltInKeywords.openBrowser(WebUiBuiltInKeywords.groovy:60)
	at com.kms.katalon.core.webui.keyword.WebUiBuiltInKeywords$openBrowser.call(Unknown Source)
	at Script1586556402799.run(Script1586556402799.groovy:23)
	at com.kms.katalon.core.main.ScriptEngine.run(ScriptEngine.java:194)
	at com.kms.katalon.core.main.ScriptEngine.runScriptAsRawText(ScriptEngine.java:119)
	at com.kms.katalon.core.main.TestCaseExecutor.runScript(TestCaseExecutor.java:337)
	at com.kms.katalon.core.main.TestCaseExecutor.doExecute(TestCaseExecutor.java:328)
	at com.kms.katalon.core.main.TestCaseExecutor.processExecutionPhase(TestCaseExecutor.java:307)
	at com.kms.katalon.core.main.TestCaseExecutor.accessMainPhase(TestCaseExecutor.java:299)
	at com.kms.katalon.core.main.TestCaseExecutor.execute(TestCaseExecutor.java:233)
	at com.kms.katalon.core.main.TestCaseMain.runTestCase(TestCaseMain.java:114)
	at com.kms.katalon.core.keyword.builtin.CallTestCaseKeyword$_callTestCase_closure1.doCall(CallTestCaseKeyword.groovy:59)
	at com.kms.katalon.core.keyword.builtin.CallTestCaseKeyword$_callTestCase_closure1.call(CallTestCaseKeyword.groovy)
	at com.kms.katalon.core.keyword.internal.KeywordMain.runKeyword(KeywordMain.groovy:68)
	at com.kms.katalon.core.keyword.builtin.CallTestCaseKeyword.callTestCase(CallTestCaseKeyword.groovy:81)
	at com.kms.katalon.core.keyword.builtin.CallTestCaseKeyword.execute(CallTestCaseKeyword.groovy:44)
	at com.kms.katalon.core.keyword.internal.KeywordExecutor.executeKeywordForPlatform(KeywordExecutor.groovy:72)
	at com.kms.katalon.core.keyword.BuiltinKeywords.callTestCase(BuiltinKeywords.groovy:334)
	at Script1594602259476.run(Script1594602259476.groovy:23)
	... 13 more
)

2020-08-21 13:49:55 - [MESSAGE][INFO] - Starting 'Firefox' driver

2020-08-21 13:49:55 - [MESSAGE][INFO] - Action delay is set to 0 seconds

2020-08-21 13:49:58 - [MESSAGE][FAILED] - Unable to open browser with url: '' (Root cause: com.kms.katalon.core.exception.StepFailedException: Unable to open browser with url: ''
	at com.kms.katalon.core.webui.keyword.internal.WebUIKeywordMain.stepFailed(WebUIKeywordMain.groovy:64)
	at com.kms.katalon.core.webui.keyword.internal.WebUIKeywordMain.runKeyword(WebUIKeywordMain.groovy:26)
	at com.kms.katalon.core.webui.keyword.builtin.OpenBrowserKeyword.openBrowser(OpenBrowserKeyword.groovy:81)
	at com.kms.katalon.core.webui.keyword.builtin.OpenBrowserKeyword.execute(OpenBrowserKeyword.groovy:67)
	at com.kms.katalon.core.keyword.internal.KeywordExecutor.executeKeywordForPlatform(KeywordExecutor.groovy:72)
	at com.kms.katalon.core.webui.keyword.WebUiBuiltInKeywords.openBrowser(WebUiBuiltInKeywords.groovy:60)
	at com.kms.katalon.core.webui.keyword.WebUiBuiltInKeywords$openBrowser.call(Unknown Source)
	at Should Go to Folderstable.run(Should Go to Folderstable:23)
	at com.kms.katalon.core.main.ScriptEngine.run(ScriptEngine.java:194)
	at com.kms.katalon.core.main.ScriptEngine.runScriptAsRawText(ScriptEngine.java:119)
	at com.kms.katalon.core.main.TestCaseExecutor.runScript(TestCaseExecutor.java:337)
	at com.kms.katalon.core.main.TestCaseExecutor.doExecute(TestCaseExecutor.java:328)
	at com.kms.katalon.core.main.TestCaseExecutor.processExecutionPhase(TestCaseExecutor.java:307)
	at com.kms.katalon.core.main.TestCaseExecutor.accessMainPhase(TestCaseExecutor.java:299)
	at com.kms.katalon.core.main.TestCaseExecutor.execute(TestCaseExecutor.java:233)
	at com.kms.katalon.core.main.TestCaseMain.runTestCase(TestCaseMain.java:114)
	at com.kms.katalon.core.keyword.builtin.CallTestCaseKeyword$_callTestCase_closure1.doCall(CallTestCaseKeyword.groovy:59)
	at com.kms.katalon.core.keyword.builtin.CallTestCaseKeyword$_callTestCase_closure1.call(CallTestCaseKeyword.groovy)
	at com.kms.katalon.core.keyword.internal.KeywordMain.runKeyword(KeywordMain.groovy:68)
	at com.kms.katalon.core.keyword.builtin.CallTestCaseKeyword.callTestCase(CallTestCaseKeyword.groovy:81)
	at com.kms.katalon.core.keyword.builtin.CallTestCaseKeyword.execute(CallTestCaseKeyword.groovy:44)
	at com.kms.katalon.core.keyword.internal.KeywordExecutor.executeKeywordForPlatform(KeywordExecutor.groovy:72)
	at com.kms.katalon.core.keyword.BuiltinKeywords.callTestCase(BuiltinKeywords.groovy:334)
	at Share Folder With one email adress.run(Share Folder With one email adress:23)
	at com.kms.katalon.core.main.ScriptEngine.run(ScriptEngine.java:194)
	at com.kms.katalon.core.main.ScriptEngine.runScriptAsRawText(ScriptEngine.java:119)
	at com.kms.katalon.core.main.TestCaseExecutor.runScript(TestCaseExecutor.java:337)
	at com.kms.katalon.core.main.TestCaseExecutor.doExecute(TestCaseExecutor.java:328)
	at com.kms.katalon.core.main.TestCaseExecutor.processExecutionPhase(TestCaseExecutor.java:307)
	at com.kms.katalon.core.main.TestCaseExecutor.accessMainPhase(TestCaseExecutor.java:299)
	at com.kms.katalon.core.main.TestCaseExecutor.execute(TestCaseExecutor.java:233)
	at com.kms.katalon.core.main.TestSuiteExecutor.accessTestCaseMainPhase(TestSuiteExecutor.java:169)
	at com.kms.katalon.core.main.TestSuiteExecutor.accessTestSuiteMainPhase(TestSuiteExecutor.java:142)
	at com.kms.katalon.core.main.TestSuiteExecutor.execute(TestSuiteExecutor.java:91)
	at com.kms.katalon.core.main.TestCaseMain.startTestSuite(TestCaseMain.java:157)
	at com.kms.katalon.core.main.TestCaseMain$startTestSuite$0.call(Unknown Source)
	at TempTestSuite1598014192128.run(TempTestSuite1598014192128.groovy:36)
Caused by: org.openqa.selenium.WebDriverException: invalid argument: can't kill an exited process
Build info: version: '3.141.59', revision: 'e82be7d358', time: '2018-11-14T08:25:53'
System info: host: 'MacBook-Pro-di-mac.local', ip: 'fe80:0:0:0:ca8:b2f6:3082:738c%en0', os.name: 'Mac OS X', os.arch: 'x86_64', os.version: '10.15.6', java.version: '1.8.0_181'
Driver info: driver.version: CGeckoDriver
remote stacktrace: 
	at org.openqa.selenium.remote.W3CHandshakeResponse.lambda$errorHandler$0(W3CHandshakeResponse.java:62)
	at org.openqa.selenium.remote.HandshakeResponse.lambda$getResponseFunction$0(HandshakeResponse.java:30)
	at org.openqa.selenium.remote.ProtocolHandshake.lambda$createSession$0(ProtocolHandshake.java:126)
	at org.openqa.selenium.remote.ProtocolHandshake.createSession(ProtocolHandshake.java:128)
	at org.openqa.selenium.remote.ProtocolHandshake.createSession(ProtocolHandshake.java:74)
	at org.openqa.selenium.remote.HttpCommandExecutor.execute(HttpCommandExecutor.java:136)
	at org.openqa.selenium.remote.service.DriverCommandExecutor.execute(DriverCommandExecutor.java:83)
	at org.openqa.selenium.remote.RemoteWebDriver.execute(RemoteWebDriver.java:552)
	at com.kms.katalon.selenium.driver.CFirefoxDriver.execute(CFirefoxDriver.java:27)
	at org.openqa.selenium.remote.RemoteWebDriver.startSession(RemoteWebDriver.java:213)
	at org.openqa.selenium.remote.RemoteWebDriver.<init>(RemoteWebDriver.java:131)
	at org.openqa.selenium.firefox.FirefoxDriver.<init>(FirefoxDriver.java:147)
	at com.kms.katalon.selenium.driver.CFirefoxDriver.<init>(CFirefoxDriver.java:21)
	at com.kms.katalon.core.webui.driver.firefox.CGeckoDriver.<init>(CGeckoDriver.java:12)
	at com.kms.katalon.core.webui.driver.firefox.CGeckoDriver.from(CGeckoDriver.java:17)
	at com.kms.katalon.core.webui.driver.DriverFactory.createNewFirefoxDriver(DriverFactory.java:572)
	at com.kms.katalon.core.webui.driver.DriverFactory.startNewBrowser(DriverFactory.java:308)
	at com.kms.katalon.core.webui.driver.DriverFactory.openWebDriver(DriverFactory.java:208)
	at com.kms.katalon.core.webui.keyword.builtin.OpenBrowserKeyword$_openBrowser_closure1.doCall(OpenBrowserKeyword.groovy:74)
	at com.kms.katalon.core.webui.keyword.builtin.OpenBrowserKeyword$_openBrowser_closure1.call(OpenBrowserKeyword.groovy)
	at com.kms.katalon.core.webui.keyword.internal.WebUIKeywordMain.runKeyword(WebUIKeywordMain.groovy:20)
	at com.kms.katalon.core.webui.keyword.builtin.OpenBrowserKeyword.openBrowser(OpenBrowserKeyword.groovy:81)
	at com.kms.katalon.core.webui.keyword.builtin.OpenBrowserKeyword.execute(OpenBrowserKeyword.groovy:67)
	at com.kms.katalon.core.keyword.internal.KeywordExecutor.executeKeywordForPlatform(KeywordExecutor.groovy:72)
	at com.kms.katalon.core.webui.keyword.WebUiBuiltInKeywords.openBrowser(WebUiBuiltInKeywords.groovy:60)
	at com.kms.katalon.core.webui.keyword.WebUiBuiltInKeywords$openBrowser.call(Unknown Source)
	at Script1586556402799.run(Script1586556402799.groovy:23)
	at com.kms.katalon.core.main.ScriptEngine.run(ScriptEngine.java:194)
	at com.kms.katalon.core.main.ScriptEngine.runScriptAsRawText(ScriptEngine.java:119)
	at com.kms.katalon.core.main.TestCaseExecutor.runScript(TestCaseExecutor.java:337)
	at com.kms.katalon.core.main.TestCaseExecutor.doExecute(TestCaseExecutor.java:328)
	at com.kms.katalon.core.main.TestCaseExecutor.processExecutionPhase(TestCaseExecutor.java:307)
	at com.kms.katalon.core.main.TestCaseExecutor.accessMainPhase(TestCaseExecutor.java:299)
	at com.kms.katalon.core.main.TestCaseExecutor.execute(TestCaseExecutor.java:233)
	at com.kms.katalon.core.main.TestCaseMain.runTestCase(TestCaseMain.java:114)
	at com.kms.katalon.core.keyword.builtin.CallTestCaseKeyword$_callTestCase_closure1.doCall(CallTestCaseKeyword.groovy:59)
	at com.kms.katalon.core.keyword.builtin.CallTestCaseKeyword$_callTestCase_closure1.call(CallTestCaseKeyword.groovy)
	at com.kms.katalon.core.keyword.internal.KeywordMain.runKeyword(KeywordMain.groovy:68)
	at com.kms.katalon.core.keyword.builtin.CallTestCaseKeyword.callTestCase(CallTestCaseKeyword.groovy:81)
	at com.kms.katalon.core.keyword.builtin.CallTestCaseKeyword.execute(CallTestCaseKeyword.groovy:44)
	at com.kms.katalon.core.keyword.internal.KeywordExecutor.executeKeywordForPlatform(KeywordExecutor.groovy:72)
	at com.kms.katalon.core.keyword.BuiltinKeywords.callTestCase(BuiltinKeywords.groovy:334)
	at Script1594602259476.run(Script1594602259476.groovy:23)
	... 13 more
)

2020-08-21 13:49:58 - [MESSAGE][WARNING] - Unable to call Test Case 'Test Cases/Folders/Should Go to Folderstable' (Root cause: com.kms.katalon.core.exception.StepFailedException: Call Test Case 'Test Cases/Folders/Should Go to Folderstable' failed
	at com.kms.katalon.core.keyword.builtin.CallTestCaseKeyword$_callTestCase_closure1.doCall(CallTestCaseKeyword.groovy:63)
	at com.kms.katalon.core.keyword.builtin.CallTestCaseKeyword$_callTestCase_closure1.call(CallTestCaseKeyword.groovy)
	at com.kms.katalon.core.keyword.internal.KeywordMain.runKeyword(KeywordMain.groovy:68)
	at com.kms.katalon.core.keyword.builtin.CallTestCaseKeyword.callTestCase(CallTestCaseKeyword.groovy:81)
	at com.kms.katalon.core.keyword.builtin.CallTestCaseKeyword.execute(CallTestCaseKeyword.groovy:44)
	at com.kms.katalon.core.keyword.internal.KeywordExecutor.executeKeywordForPlatform(KeywordExecutor.groovy:72)
	at com.kms.katalon.core.keyword.BuiltinKeywords.callTestCase(BuiltinKeywords.groovy:334)
	at Share Folder With one email adress.run(Share Folder With one email adress:23)
	at com.kms.katalon.core.main.ScriptEngine.run(ScriptEngine.java:194)
	at com.kms.katalon.core.main.ScriptEngine.runScriptAsRawText(ScriptEngine.java:119)
	at com.kms.katalon.core.main.TestCaseExecutor.runScript(TestCaseExecutor.java:337)
	at com.kms.katalon.core.main.TestCaseExecutor.doExecute(TestCaseExecutor.java:328)
	at com.kms.katalon.core.main.TestCaseExecutor.processExecutionPhase(TestCaseExecutor.java:307)
	at com.kms.katalon.core.main.TestCaseExecutor.accessMainPhase(TestCaseExecutor.java:299)
	at com.kms.katalon.core.main.TestCaseExecutor.execute(TestCaseExecutor.java:233)
	at com.kms.katalon.core.main.TestSuiteExecutor.accessTestCaseMainPhase(TestSuiteExecutor.java:169)
	at com.kms.katalon.core.main.TestSuiteExecutor.accessTestSuiteMainPhase(TestSuiteExecutor.java:142)
	at com.kms.katalon.core.main.TestSuiteExecutor.execute(TestSuiteExecutor.java:91)
	at com.kms.katalon.core.main.TestCaseMain.startTestSuite(TestCaseMain.java:157)
	at com.kms.katalon.core.main.TestCaseMain$startTestSuite$0.call(Unknown Source)
	at TempTestSuite1598014192128.run(TempTestSuite1598014192128.groovy:36)
Caused by: com.kms.katalon.core.exception.StepFailedException: Unable to open browser with url: ''
	at com.kms.katalon.core.webui.keyword.internal.WebUIKeywordMain.stepFailed(WebUIKeywordMain.groovy:64)
	at com.kms.katalon.core.webui.keyword.internal.WebUIKeywordMain.runKeyword(WebUIKeywordMain.groovy:26)
	at com.kms.katalon.core.webui.keyword.builtin.OpenBrowserKeyword.openBrowser(OpenBrowserKeyword.groovy:81)
	at com.kms.katalon.core.webui.keyword.builtin.OpenBrowserKeyword.execute(OpenBrowserKeyword.groovy:67)
	at com.kms.katalon.core.keyword.internal.KeywordExecutor.executeKeywordForPlatform(KeywordExecutor.groovy:72)
	at com.kms.katalon.core.webui.keyword.WebUiBuiltInKeywords.openBrowser(WebUiBuiltInKeywords.groovy:60)
	at com.kms.katalon.core.webui.keyword.WebUiBuiltInKeywords$openBrowser.call(Unknown Source)
	at Should Go to Folderstable.run(Should Go to Folderstable:23)
	at com.kms.katalon.core.main.ScriptEngine.run(ScriptEngine.java:194)
	at com.kms.katalon.core.main.ScriptEngine.runScriptAsRawText(ScriptEngine.java:119)
	at com.kms.katalon.core.main.TestCaseExecutor.runScript(TestCaseExecutor.java:337)
	at com.kms.katalon.core.main.TestCaseExecutor.doExecute(TestCaseExecutor.java:328)
	at com.kms.katalon.core.main.TestCaseExecutor.processExecutionPhase(TestCaseExecutor.java:307)
	at com.kms.katalon.core.main.TestCaseExecutor.accessMainPhase(TestCaseExecutor.java:299)
	at com.kms.katalon.core.main.TestCaseExecutor.execute(TestCaseExecutor.java:233)
	at com.kms.katalon.core.main.TestCaseMain.runTestCase(TestCaseMain.java:114)
	at com.kms.katalon.core.keyword.builtin.CallTestCaseKeyword$_callTestCase_closure1.doCall(CallTestCaseKeyword.groovy:59)
	... 20 more
Caused by: org.openqa.selenium.WebDriverException: invalid argument: can't kill an exited process
Build info: version: '3.141.59', revision: 'e82be7d358', time: '2018-11-14T08:25:53'
System info: host: 'MacBook-Pro-di-mac.local', ip: 'fe80:0:0:0:ca8:b2f6:3082:738c%en0', os.name: 'Mac OS X', os.arch: 'x86_64', os.version: '10.15.6', java.version: '1.8.0_181'
Driver info: driver.version: CGeckoDriver
remote stacktrace: 
	at org.openqa.selenium.remote.W3CHandshakeResponse.lambda$errorHandler$0(W3CHandshakeResponse.java:62)
	at org.openqa.selenium.remote.HandshakeResponse.lambda$getResponseFunction$0(HandshakeResponse.java:30)
	at org.openqa.selenium.remote.ProtocolHandshake.lambda$createSession$0(ProtocolHandshake.java:126)
	at org.openqa.selenium.remote.ProtocolHandshake.createSession(ProtocolHandshake.java:128)
	at org.openqa.selenium.remote.ProtocolHandshake.createSession(ProtocolHandshake.java:74)
	at org.openqa.selenium.remote.HttpCommandExecutor.execute(HttpCommandExecutor.java:136)
	at org.openqa.selenium.remote.service.DriverCommandExecutor.execute(DriverCommandExecutor.java:83)
	at org.openqa.selenium.remote.RemoteWebDriver.execute(RemoteWebDriver.java:552)
	at com.kms.katalon.selenium.driver.CFirefoxDriver.execute(CFirefoxDriver.java:27)
	at org.openqa.selenium.remote.RemoteWebDriver.startSession(RemoteWebDriver.java:213)
	at org.openqa.selenium.remote.RemoteWebDriver.<init>(RemoteWebDriver.java:131)
	at org.openqa.selenium.firefox.FirefoxDriver.<init>(FirefoxDriver.java:147)
	at com.kms.katalon.selenium.driver.CFirefoxDriver.<init>(CFirefoxDriver.java:21)
	at com.kms.katalon.core.webui.driver.firefox.CGeckoDriver.<init>(CGeckoDriver.java:12)
	at com.kms.katalon.core.webui.driver.firefox.CGeckoDriver.from(CGeckoDriver.java:17)
	at com.kms.katalon.core.webui.driver.DriverFactory.createNewFirefoxDriver(DriverFactory.java:572)
	at com.kms.katalon.core.webui.driver.DriverFactory.startNewBrowser(DriverFactory.java:308)
	at com.kms.katalon.core.webui.driver.DriverFactory.openWebDriver(DriverFactory.java:208)
	at com.kms.katalon.core.webui.keyword.builtin.OpenBrowserKeyword$_openBrowser_closure1.doCall(OpenBrowserKeyword.groovy:74)
	at com.kms.katalon.core.webui.keyword.builtin.OpenBrowserKeyword$_openBrowser_closure1.call(OpenBrowserKeyword.groovy)
	at com.kms.katalon.core.webui.keyword.internal.WebUIKeywordMain.runKeyword(WebUIKeywordMain.groovy:20)
	... 35 more
)

2020-08-21 13:49:58 - [TEST_STEP][PASSED] - folderName = RandomStringUtils.random(9, true, true): null

2020-08-21 13:49:58 - [TEST_STEP][FAILED] - click(findTestObject("Object Repository/Share/Page_Folders - PowerFolder/span_Paste_pica-glyph glyphicons glyphicons_ca92f0")): Unable to click on object 'Object Repository/Share/Page_Folders - PowerFolder/span_Paste_pica-glyph glyphicons glyphicons_ca92f0' (Root cause: com.kms.katalon.core.exception.StepFailedException: Unable to click on object 'Object Repository/Share/Page_Folders - PowerFolder/span_Paste_pica-glyph glyphicons glyphicons_ca92f0'
	at com.kms.katalon.core.webui.keyword.internal.WebUIKeywordMain.stepFailed(WebUIKeywordMain.groovy:64)
	at com.kms.katalon.core.webui.keyword.internal.WebUIKeywordMain.runKeyword(WebUIKeywordMain.groovy:26)
	at com.kms.katalon.core.webui.keyword.builtin.ClickKeyword.click(ClickKeyword.groovy:102)
	at com.kms.katalon.core.webui.keyword.builtin.ClickKeyword.execute(ClickKeyword.groovy:43)
	at com.kms.katalon.core.keyword.internal.KeywordExecutor.executeKeywordForPlatform(KeywordExecutor.groovy:72)
	at com.kms.katalon.core.webui.keyword.WebUiBuiltInKeywords.click(WebUiBuiltInKeywords.groovy:616)
	at com.kms.katalon.core.webui.keyword.WebUiBuiltInKeywords$click$0.call(Unknown Source)
	at Share Folder With one email adress.run(Share Folder With one email adress:27)
	at com.kms.katalon.core.main.ScriptEngine.run(ScriptEngine.java:194)
	at com.kms.katalon.core.main.ScriptEngine.runScriptAsRawText(ScriptEngine.java:119)
	at com.kms.katalon.core.main.TestCaseExecutor.runScript(TestCaseExecutor.java:337)
	at com.kms.katalon.core.main.TestCaseExecutor.doExecute(TestCaseExecutor.java:328)
	at com.kms.katalon.core.main.TestCaseExecutor.processExecutionPhase(TestCaseExecutor.java:307)
	at com.kms.katalon.core.main.TestCaseExecutor.accessMainPhase(TestCaseExecutor.java:299)
	at com.kms.katalon.core.main.TestCaseExecutor.execute(TestCaseExecutor.java:233)
	at com.kms.katalon.core.main.TestSuiteExecutor.accessTestCaseMainPhase(TestSuiteExecutor.java:169)
	at com.kms.katalon.core.main.TestSuiteExecutor.accessTestSuiteMainPhase(TestSuiteExecutor.java:142)
	at com.kms.katalon.core.main.TestSuiteExecutor.execute(TestSuiteExecutor.java:91)
	at com.kms.katalon.core.main.TestCaseMain.startTestSuite(TestCaseMain.java:157)
	at com.kms.katalon.core.main.TestCaseMain$startTestSuite$0.call(Unknown Source)
	at TempTestSuite1598014192128.run(TempTestSuite1598014192128.groovy:36)
Caused by: com.kms.katalon.core.webui.exception.BrowserNotOpenedException: Browser is not opened
Build info: version: '3.141.59', revision: 'e82be7d358', time: '2018-11-14T08:25:53'
System info: host: 'MacBook-Pro-di-mac.local', ip: 'fe80:0:0:0:ca8:b2f6:3082:738c%en0', os.name: 'Mac OS X', os.arch: 'x86_64', os.version: '10.15.6', java.version: '1.8.0_181'
Driver info: driver.version: unknown
	at com.kms.katalon.core.webui.driver.DriverFactory.verifyWebDriverIsOpen(DriverFactory.java:816)
	at com.kms.katalon.core.webui.driver.DriverFactory.verifyWebDriver(DriverFactory.java:801)
	at com.kms.katalon.core.webui.driver.DriverFactory.getWebDriver(DriverFactory.java:787)
	at com.kms.katalon.core.webui.common.WebUiCommonHelper.findWebElements(WebUiCommonHelper.java:739)
	at com.kms.katalon.core.webui.common.WebUiCommonHelper.findWebElement(WebUiCommonHelper.java:1150)
	at com.kms.katalon.core.webui.keyword.internal.WebUIAbstractKeyword.findWebElement(WebUIAbstractKeyword.groovy:27)
	at com.kms.katalon.core.webui.keyword.internal.WebUIAbstractKeyword.findWebElement(WebUIAbstractKeyword.groovy:26)
	at com.kms.katalon.core.webui.keyword.builtin.ClickKeyword$_click_closure1.doCall(ClickKeyword.groovy:67)
	at com.kms.katalon.core.webui.keyword.builtin.ClickKeyword$_click_closure1.call(ClickKeyword.groovy)
	at com.kms.katalon.core.webui.keyword.internal.WebUIKeywordMain.runKeyword(WebUIKeywordMain.groovy:20)
	at com.kms.katalon.core.webui.keyword.builtin.ClickKeyword.click(ClickKeyword.groovy:102)
	at com.kms.katalon.core.webui.keyword.builtin.ClickKeyword.execute(ClickKeyword.groovy:43)
	at com.kms.katalon.core.keyword.internal.KeywordExecutor.executeKeywordForPlatform(KeywordExecutor.groovy:72)
	at com.kms.katalon.core.webui.keyword.WebUiBuiltInKeywords.click(WebUiBuiltInKeywords.groovy:616)
	at com.kms.katalon.core.webui.keyword.WebUiBuiltInKeywords$click$0.call(Unknown Source)
	at Script1594602259476.run(Script1594602259476.groovy:27)
	... 13 more
)

2020-08-21 13:49:58 - [MESSAGE][WARNING] - Cannot take screenshot

2020-08-21 13:49:58 - [MESSAGE][FAILED] - Unable to click on object 'Object Repository/Share/Page_Folders - PowerFolder/span_Paste_pica-glyph glyphicons glyphicons_ca92f0' (Root cause: com.kms.katalon.core.exception.StepFailedException: Unable to click on object 'Object Repository/Share/Page_Folders - PowerFolder/span_Paste_pica-glyph glyphicons glyphicons_ca92f0'
	at com.kms.katalon.core.webui.keyword.internal.WebUIKeywordMain.stepFailed(WebUIKeywordMain.groovy:64)
	at com.kms.katalon.core.webui.keyword.internal.WebUIKeywordMain.runKeyword(WebUIKeywordMain.groovy:26)
	at com.kms.katalon.core.webui.keyword.builtin.ClickKeyword.click(ClickKeyword.groovy:102)
	at com.kms.katalon.core.webui.keyword.builtin.ClickKeyword.execute(ClickKeyword.groovy:43)
	at com.kms.katalon.core.keyword.internal.KeywordExecutor.executeKeywordForPlatform(KeywordExecutor.groovy:72)
	at com.kms.katalon.core.webui.keyword.WebUiBuiltInKeywords.click(WebUiBuiltInKeywords.groovy:616)
	at com.kms.katalon.core.webui.keyword.WebUiBuiltInKeywords$click$0.call(Unknown Source)
	at Share Folder With one email adress.run(Share Folder With one email adress:27)
	at com.kms.katalon.core.main.ScriptEngine.run(ScriptEngine.java:194)
	at com.kms.katalon.core.main.ScriptEngine.runScriptAsRawText(ScriptEngine.java:119)
	at com.kms.katalon.core.main.TestCaseExecutor.runScript(TestCaseExecutor.java:337)
	at com.kms.katalon.core.main.TestCaseExecutor.doExecute(TestCaseExecutor.java:328)
	at com.kms.katalon.core.main.TestCaseExecutor.processExecutionPhase(TestCaseExecutor.java:307)
	at com.kms.katalon.core.main.TestCaseExecutor.accessMainPhase(TestCaseExecutor.java:299)
	at com.kms.katalon.core.main.TestCaseExecutor.execute(TestCaseExecutor.java:233)
	at com.kms.katalon.core.main.TestSuiteExecutor.accessTestCaseMainPhase(TestSuiteExecutor.java:169)
	at com.kms.katalon.core.main.TestSuiteExecutor.accessTestSuiteMainPhase(TestSuiteExecutor.java:142)
	at com.kms.katalon.core.main.TestSuiteExecutor.execute(TestSuiteExecutor.java:91)
	at com.kms.katalon.core.main.TestCaseMain.startTestSuite(TestCaseMain.java:157)
	at com.kms.katalon.core.main.TestCaseMain$startTestSuite$0.call(Unknown Source)
	at TempTestSuite1598014192128.run(TempTestSuite1598014192128.groovy:36)
Caused by: com.kms.katalon.core.webui.exception.BrowserNotOpenedException: Browser is not opened
Build info: version: '3.141.59', revision: 'e82be7d358', time: '2018-11-14T08:25:53'
System info: host: 'MacBook-Pro-di-mac.local', ip: 'fe80:0:0:0:ca8:b2f6:3082:738c%en0', os.name: 'Mac OS X', os.arch: 'x86_64', os.version: '10.15.6', java.version: '1.8.0_181'
Driver info: driver.version: unknown
	at com.kms.katalon.core.webui.driver.DriverFactory.verifyWebDriverIsOpen(DriverFactory.java:816)
	at com.kms.katalon.core.webui.driver.DriverFactory.verifyWebDriver(DriverFactory.java:801)
	at com.kms.katalon.core.webui.driver.DriverFactory.getWebDriver(DriverFactory.java:787)
	at com.kms.katalon.core.webui.common.WebUiCommonHelper.findWebElements(WebUiCommonHelper.java:739)
	at com.kms.katalon.core.webui.common.WebUiCommonHelper.findWebElement(WebUiCommonHelper.java:1150)
	at com.kms.katalon.core.webui.keyword.internal.WebUIAbstractKeyword.findWebElement(WebUIAbstractKeyword.groovy:27)
	at com.kms.katalon.core.webui.keyword.internal.WebUIAbstractKeyword.findWebElement(WebUIAbstractKeyword.groovy:26)
	at com.kms.katalon.core.webui.keyword.builtin.ClickKeyword$_click_closure1.doCall(ClickKeyword.groovy:67)
	at com.kms.katalon.core.webui.keyword.builtin.ClickKeyword$_click_closure1.call(ClickKeyword.groovy)
	at com.kms.katalon.core.webui.keyword.internal.WebUIKeywordMain.runKeyword(WebUIKeywordMain.groovy:20)
	at com.kms.katalon.core.webui.keyword.builtin.ClickKeyword.click(ClickKeyword.groovy:102)
	at com.kms.katalon.core.webui.keyword.builtin.ClickKeyword.execute(ClickKeyword.groovy:43)
	at com.kms.katalon.core.keyword.internal.KeywordExecutor.executeKeywordForPlatform(KeywordExecutor.groovy:72)
	at com.kms.katalon.core.webui.keyword.WebUiBuiltInKeywords.click(WebUiBuiltInKeywords.groovy:616)
	at com.kms.katalon.core.webui.keyword.WebUiBuiltInKeywords$click$0.call(Unknown Source)
	at Script1594602259476.run(Script1594602259476.groovy:27)
	... 13 more
)]]></system-out>
         <system-err><![CDATA[2020-08-21 13:49:54 - [TEST_CASE][FAILED] - Test Cases/Share/Share Using plus button/Share Folder With one email adress: Test Cases/Share/Share Using plus button/Share Folder With one email adress FAILED.
Reason:
com.kms.katalon.core.exception.StepFailedException: Unable to click on object 'Object Repository/Share/Page_Folders - PowerFolder/span_Paste_pica-glyph glyphicons glyphicons_ca92f0'
	at com.kms.katalon.core.webui.keyword.internal.WebUIKeywordMain.stepFailed(WebUIKeywordMain.groovy:64)
	at com.kms.katalon.core.webui.keyword.internal.WebUIKeywordMain.runKeyword(WebUIKeywordMain.groovy:26)
	at com.kms.katalon.core.webui.keyword.builtin.ClickKeyword.click(ClickKeyword.groovy:102)
	at com.kms.katalon.core.webui.keyword.builtin.ClickKeyword.execute(ClickKeyword.groovy:43)
	at com.kms.katalon.core.keyword.internal.KeywordExecutor.executeKeywordForPlatform(KeywordExecutor.groovy:72)
	at com.kms.katalon.core.webui.keyword.WebUiBuiltInKeywords.click(WebUiBuiltInKeywords.groovy:616)
	at com.kms.katalon.core.webui.keyword.WebUiBuiltInKeywords$click$0.call(Unknown Source)
	at Share Folder With one email adress.run(Share Folder With one email adress:27)
	at com.kms.katalon.core.main.ScriptEngine.run(ScriptEngine.java:194)
	at com.kms.katalon.core.main.ScriptEngine.runScriptAsRawText(ScriptEngine.java:119)
	at com.kms.katalon.core.main.TestCaseExecutor.runScript(TestCaseExecutor.java:337)
	at com.kms.katalon.core.main.TestCaseExecutor.doExecute(TestCaseExecutor.java:328)
	at com.kms.katalon.core.main.TestCaseExecutor.processExecutionPhase(TestCaseExecutor.java:307)
	at com.kms.katalon.core.main.TestCaseExecutor.accessMainPhase(TestCaseExecutor.java:299)
	at com.kms.katalon.core.main.TestCaseExecutor.execute(TestCaseExecutor.java:233)
	at com.kms.katalon.core.main.TestSuiteExecutor.accessTestCaseMainPhase(TestSuiteExecutor.java:169)
	at com.kms.katalon.core.main.TestSuiteExecutor.accessTestSuiteMainPhase(TestSuiteExecutor.java:142)
	at com.kms.katalon.core.main.TestSuiteExecutor.execute(TestSuiteExecutor.java:91)
	at com.kms.katalon.core.main.TestCaseMain.startTestSuite(TestCaseMain.java:157)
	at com.kms.katalon.core.main.TestCaseMain$startTestSuite$0.call(Unknown Source)
	at TempTestSuite1598014192128.run(TempTestSuite1598014192128.groovy:36)
Caused by: com.kms.katalon.core.webui.exception.BrowserNotOpenedException: Browser is not opened
Build info: version: '3.141.59', revision: 'e82be7d358', time: '2018-11-14T08:25:53'
System info: host: 'MacBook-Pro-di-mac.local', ip: 'fe80:0:0:0:ca8:b2f6:3082:738c%en0', os.name: 'Mac OS X', os.arch: 'x86_64', os.version: '10.15.6', java.version: '1.8.0_181'
Driver info: driver.version: unknown
	at com.kms.katalon.core.webui.driver.DriverFactory.verifyWebDriverIsOpen(DriverFactory.java:816)
	at com.kms.katalon.core.webui.driver.DriverFactory.verifyWebDriver(DriverFactory.java:801)
	at com.kms.katalon.core.webui.driver.DriverFactory.getWebDriver(DriverFactory.java:787)
	at com.kms.katalon.core.webui.common.WebUiCommonHelper.findWebElements(WebUiCommonHelper.java:739)
	at com.kms.katalon.core.webui.common.WebUiCommonHelper.findWebElement(WebUiCommonHelper.java:1150)
	at com.kms.katalon.core.webui.keyword.internal.WebUIAbstractKeyword.findWebElement(WebUIAbstractKeyword.groovy:27)
	at com.kms.katalon.core.webui.keyword.internal.WebUIAbstractKeyword.findWebElement(WebUIAbstractKeyword.groovy:26)
	at com.kms.katalon.core.webui.keyword.builtin.ClickKeyword$_click_closure1.doCall(ClickKeyword.groovy:67)
	at com.kms.katalon.core.webui.keyword.builtin.ClickKeyword$_click_closure1.call(ClickKeyword.groovy)
	at com.kms.katalon.core.webui.keyword.internal.WebUIKeywordMain.runKeyword(WebUIKeywordMain.groovy:20)
	... 19 more]]></system-err>
      </testcase>
      <testcase name="Test Cases/Share/Share Using plus button/Share folder with Multiple emails semi colon" time="20.542" classname="Test Cases/Share/Share Using plus button/Share folder with Multiple emails semi colon" status="FAILED">
         <failure type="FAILED" message="Test Cases/Share/Share Using plus button/Share folder with Multiple emails semi colon FAILED.
Reason:
Assertion failed: 

assert membersCount+3 == getMembersCount()
       |           |  |  |
       1           4  |  5
                      false

	at Share folder with Multiple emails semi colon.run(Share folder with Multiple emails semi colon:50)
	at com.kms.katalon.core.main.ScriptEngine.run(ScriptEngine.java:194)
	at com.kms.katalon.core.main.ScriptEngine.runScriptAsRawText(ScriptEngine.java:119)
	at com.kms.katalon.core.main.TestCaseExecutor.runScript(TestCaseExecutor.java:337)
	at com.kms.katalon.core.main.TestCaseExecutor.doExecute(TestCaseExecutor.java:328)
	at com.kms.katalon.core.main.TestCaseExecutor.processExecutionPhase(TestCaseExecutor.java:307)
	at com.kms.katalon.core.main.TestCaseExecutor.accessMainPhase(TestCaseExecutor.java:299)
	at com.kms.katalon.core.main.TestCaseExecutor.execute(TestCaseExecutor.java:233)
	at com.kms.katalon.core.main.TestSuiteExecutor.accessTestCaseMainPhase(TestSuiteExecutor.java:169)
	at com.kms.katalon.core.main.TestSuiteExecutor.accessTestSuiteMainPhase(TestSuiteExecutor.java:142)
	at com.kms.katalon.core.main.TestSuiteExecutor.execute(TestSuiteExecutor.java:91)
	at com.kms.katalon.core.main.TestCaseMain.startTestSuite(TestCaseMain.java:157)
	at com.kms.katalon.core.main.TestCaseMain$startTestSuite$0.call(Unknown Source)
	at TempTestSuite1598014192128.run(TempTestSuite1598014192128.groovy:36)
"/>
         <system-out><![CDATA[2020-08-21 13:49:58 - [TEST_CASE][FAILED] - Test Cases/Share/Share Using plus button/Share folder with Multiple emails semi colon: Test Cases/Share/Share Using plus button/Share folder with Multiple emails semi colon FAILED.
Reason:
Assertion failed: 

assert membersCount+3 == getMembersCount()
       |           |  |  |
       1           4  |  5
                      false

	at Share folder with Multiple emails semi colon.run(Share folder with Multiple emails semi colon:50)
	at com.kms.katalon.core.main.ScriptEngine.run(ScriptEngine.java:194)
	at com.kms.katalon.core.main.ScriptEngine.runScriptAsRawText(ScriptEngine.java:119)
	at com.kms.katalon.core.main.TestCaseExecutor.runScript(TestCaseExecutor.java:337)
	at com.kms.katalon.core.main.TestCaseExecutor.doExecute(TestCaseExecutor.java:328)
	at com.kms.katalon.core.main.TestCaseExecutor.processExecutionPhase(TestCaseExecutor.java:307)
	at com.kms.katalon.core.main.TestCaseExecutor.accessMainPhase(TestCaseExecutor.java:299)
	at com.kms.katalon.core.main.TestCaseExecutor.execute(TestCaseExecutor.java:233)
	at com.kms.katalon.core.main.TestSuiteExecutor.accessTestCaseMainPhase(TestSuiteExecutor.java:169)
	at com.kms.katalon.core.main.TestSuiteExecutor.accessTestSuiteMainPhase(TestSuiteExecutor.java:142)
	at com.kms.katalon.core.main.TestSuiteExecutor.execute(TestSuiteExecutor.java:91)
	at com.kms.katalon.core.main.TestCaseMain.startTestSuite(TestCaseMain.java:157)
	at com.kms.katalon.core.main.TestCaseMain$startTestSuite$0.call(Unknown Source)
	at TempTestSuite1598014192128.run(TempTestSuite1598014192128.groovy:36)


2020-08-21 13:49:58 - [TEST_STEP][PASSED] - callTestCase(findTestCase("Folders/Should Go to Folderstable"), [:], OPTIONAL): Call Test Case 'Test Cases/Folders/Should Go to Folderstable' successfully

2020-08-21 13:49:58 - [TEST_CASE][PASSED] - Test Cases/Folders/Should Go to Folderstable: Test Cases/Folders/Should Go to Folderstable

2020-08-21 13:49:58 - [TEST_STEP][PASSED] - openBrowser(""): Browser is opened with url: ''

2020-08-21 13:49:58 - [MESSAGE][INFO] - Starting 'Firefox' driver

2020-08-21 13:50:03 - [MESSAGE][PASSED] - Browser is opened with url: ''

2020-08-21 13:50:03 - [TEST_STEP][PASSED] - navigateToUrl(URL): Navigate to 'https://lab.powerfolder.net:8666/login' successfully

2020-08-21 13:50:07 - [MESSAGE][PASSED] - Navigate to 'https://lab.powerfolder.net:8666/login' successfully

2020-08-21 13:50:07 - [TEST_STEP][PASSED] - assert getWindowTitle().equals("Login - PowerFolder"): Current window's title is: 'Login - PowerFolder'

2020-08-21 13:50:07 - [MESSAGE][PASSED] - Current window's title is: 'Login - PowerFolder'

2020-08-21 13:50:07 - [TEST_STEP][PASSED] - setText(findTestObject("Object Repository/Login/Page_Login - PowerFolder/input_register new account_Username"), Username): Text 'admin' is set on object 'Object Repository/Login/Page_Login - PowerFolder/input_register new account_Username'

2020-08-21 13:50:07 - [MESSAGE][PASSED] - Text 'admin' is set on object 'Object Repository/Login/Page_Login - PowerFolder/input_register new account_Username'

2020-08-21 13:50:07 - [TEST_STEP][PASSED] - click(findTestObject("Object Repository/Login/Page_Login - PowerFolder/input_register new account_Login")): Object: 'Object Repository/Login/Page_Login - PowerFolder/input_register new account_Login' is clicked on

2020-08-21 13:50:08 - [MESSAGE][PASSED] - Object: 'Object Repository/Login/Page_Login - PowerFolder/input_register new account_Login' is clicked on

2020-08-21 13:50:08 - [TEST_STEP][PASSED] - isPresent = waitForElementVisible(findTestObject("Object Repository/Login/Page_Login - PowerFolder/input_Recover password_Password"), 2): Object 'Object Repository/Login/Page_Login - PowerFolder/input_Recover password_Password' is visible

2020-08-21 13:50:08 - [MESSAGE][PASSED] - Object 'Object Repository/Login/Page_Login - PowerFolder/input_Recover password_Password' is visible

2020-08-21 13:50:08 - [TEST_STEP][PASSED] - assert isPresent: null

2020-08-21 13:50:08 - [TEST_STEP][PASSED] - setText(findTestObject("Object Repository/Login/Page_Login - PowerFolder/input_Recover password_Password"), Password): Text 'password' is set on object 'Object Repository/Login/Page_Login - PowerFolder/input_Recover password_Password'

2020-08-21 13:50:09 - [MESSAGE][PASSED] - Text 'password' is set on object 'Object Repository/Login/Page_Login - PowerFolder/input_Recover password_Password'

2020-08-21 13:50:09 - [TEST_STEP][PASSED] - click(findTestObject("Object Repository/Login/Page_Login - PowerFolder/input_register new account_Login")): Object: 'Object Repository/Login/Page_Login - PowerFolder/input_register new account_Login' is clicked on

2020-08-21 13:50:10 - [MESSAGE][PASSED] - Object: 'Object Repository/Login/Page_Login - PowerFolder/input_register new account_Login' is clicked on

2020-08-21 13:50:10 - [TEST_STEP][PASSED] - assert getWindowTitle().equals("Dashboard - PowerFolder"): Current window's title is: 'Dashboard - PowerFolder'

2020-08-21 13:50:10 - [MESSAGE][PASSED] - Current window's title is: 'Dashboard - PowerFolder'

2020-08-21 13:50:10 - [TEST_STEP][PASSED] - click(findTestObject("Object Repository/Folders/Page_Folders - PowerFolder/lang_Folders")): Object: 'Object Repository/Folders/Page_Folders - PowerFolder/lang_Folders' is clicked on

2020-08-21 13:50:11 - [MESSAGE][PASSED] - Object: 'Object Repository/Folders/Page_Folders - PowerFolder/lang_Folders' is clicked on

2020-08-21 13:50:11 - [TEST_STEP][PASSED] - assert getWindowTitle().equals("Folders - PowerFolder"): Current window's title is: 'Folders - PowerFolder'

2020-08-21 13:50:11 - [MESSAGE][PASSED] - Current window's title is: 'Folders - PowerFolder'

2020-08-21 13:50:11 - [MESSAGE][PASSED] - Call Test Case 'Test Cases/Folders/Should Go to Folderstable' successfully

2020-08-21 13:50:11 - [TEST_STEP][PASSED] - folderName = RandomStringUtils.random(9, true, true): null

2020-08-21 13:50:11 - [TEST_STEP][PASSED] - click(findTestObject("Object Repository/Share/Page_Folders - PowerFolder/span_Paste_pica-glyph glyphicons glyphicons_ca92f0")): Object: 'Object Repository/Share/Page_Folders - PowerFolder/span_Paste_pica-glyph glyphicons glyphicons_ca92f0' is clicked on

2020-08-21 13:50:13 - [MESSAGE][PASSED] - Object: 'Object Repository/Share/Page_Folders - PowerFolder/span_Paste_pica-glyph glyphicons glyphicons_ca92f0' is clicked on

2020-08-21 13:50:13 - [TEST_STEP][PASSED] - click(findTestObject("Object Repository/Share/Page_Folders - PowerFolder/a_Create Folder                            _852e7b")): Object: 'Object Repository/Share/Page_Folders - PowerFolder/a_Create Folder                            _852e7b' is clicked on

2020-08-21 13:50:13 - [MESSAGE][PASSED] - Object: 'Object Repository/Share/Page_Folders - PowerFolder/a_Create Folder                            _852e7b' is clicked on

2020-08-21 13:50:13 - [TEST_STEP][PASSED] - setText(findTestObject("Object Repository/Share/Page_Folders - PowerFolder/input_Create a new Folder_pencil"), folderName): Text '7BzsCliVl' is set on object 'Object Repository/Share/Page_Folders - PowerFolder/input_Create a new Folder_pencil'

2020-08-21 13:50:14 - [MESSAGE][PASSED] - Text '7BzsCliVl' is set on object 'Object Repository/Share/Page_Folders - PowerFolder/input_Create a new Folder_pencil'

2020-08-21 13:50:14 - [TEST_STEP][PASSED] - sendKeys(findTestObject("Object Repository/Share/Page_Folders - PowerFolder/input_Create a new Folder_pencil"), Keys.chord(ENTER)): Keys 'ENTER + ' sent to object: 'Object Repository/Share/Page_Folders - PowerFolder/input_Create a new Folder_pencil'

2020-08-21 13:50:14 - [MESSAGE][PASSED] - Keys 'ENTER + ' sent to object: 'Object Repository/Share/Page_Folders - PowerFolder/input_Create a new Folder_pencil'

2020-08-21 13:50:14 - [TEST_STEP][PASSED] - btn = findShareButton(folderName): null

2020-08-21 13:50:14 - [TEST_STEP][PASSED] - driver = getWebDriver(): null

2020-08-21 13:50:14 - [TEST_STEP][PASSED] - return driver.findElement(org.openqa.selenium.By.xpath(//table[@id='files_files_table']/tbody/tr/td[2]/a[contains(text(),'$fileName')]/../../td[6]/a)): null

2020-08-21 13:50:16 - [TEST_STEP][PASSED] - executeJavaScript("arguments[0].click()", Arrays.asList(btn)): Execute JavaScript 'arguments[0].click()' successfully

2020-08-21 13:50:16 - [MESSAGE][PASSED] - Execute JavaScript 'arguments[0].click()' successfully

2020-08-21 13:50:16 - [TEST_STEP][PASSED] - mails = "a@a.com;b@b.com;c@c.com": null

2020-08-21 13:50:16 - [TEST_STEP][PASSED] - membersCount = getMembersCount(): null

2020-08-21 13:50:16 - [TEST_STEP][PASSED] - driver = getWebDriver(): null

2020-08-21 13:50:16 - [TEST_STEP][PASSED] - tbody = driver.findElement(By.xpath("//table[@id='share_table']/tbody")): null

2020-08-21 13:50:17 - [TEST_STEP][PASSED] - assert tbody: null

2020-08-21 13:50:17 - [TEST_STEP][PASSED] - rows_table = tbody.findElements(By.tagName("tr")): null

2020-08-21 13:50:17 - [TEST_STEP][PASSED] - return rows_table.size(): null

2020-08-21 13:50:17 - [TEST_STEP][PASSED] - setText(findTestObject("Object Repository/Share/Page_Folders - PowerFolder/input_Invite users and groups or create a l_797df6"), mails): Text 'a@a.com;b@b.com;c@c.com' is set on object 'Object Repository/Share/Page_Folders - PowerFolder/input_Invite users and groups or create a l_797df6'

2020-08-21 13:50:17 - [MESSAGE][PASSED] - Text 'a@a.com;b@b.com;c@c.com' is set on object 'Object Repository/Share/Page_Folders - PowerFolder/input_Invite users and groups or create a l_797df6'

2020-08-21 13:50:17 - [TEST_STEP][PASSED] - click(findTestObject("Object Repository/Share/Page_Folders - PowerFolder/button_Can administrate_pica-taginput-butto_3eb2fe")): Object: 'Object Repository/Share/Page_Folders - PowerFolder/button_Can administrate_pica-taginput-butto_3eb2fe' is clicked on

2020-08-21 13:50:18 - [MESSAGE][PASSED] - Object: 'Object Repository/Share/Page_Folders - PowerFolder/button_Can administrate_pica-taginput-butto_3eb2fe' is clicked on

2020-08-21 13:50:18 - [TEST_STEP][PASSED] - assert membersCount + 3 == getMembersCount(): null

2020-08-21 13:50:18 - [TEST_STEP][PASSED] - driver = getWebDriver(): null

2020-08-21 13:50:18 - [TEST_STEP][PASSED] - tbody = driver.findElement(By.xpath("//table[@id='share_table']/tbody")): null

2020-08-21 13:50:18 - [TEST_STEP][PASSED] - assert tbody: null

2020-08-21 13:50:18 - [TEST_STEP][PASSED] - rows_table = tbody.findElements(By.tagName("tr")): null

2020-08-21 13:50:18 - [TEST_STEP][PASSED] - return rows_table.size(): null]]></system-out>
         <system-err><![CDATA[2020-08-21 13:49:58 - [TEST_CASE][FAILED] - Test Cases/Share/Share Using plus button/Share folder with Multiple emails semi colon: Test Cases/Share/Share Using plus button/Share folder with Multiple emails semi colon FAILED.
Reason:
Assertion failed: 

assert membersCount+3 == getMembersCount()
       |           |  |  |
       1           4  |  5
                      false

	at Share folder with Multiple emails semi colon.run(Share folder with Multiple emails semi colon:50)
	at com.kms.katalon.core.main.ScriptEngine.run(ScriptEngine.java:194)
	at com.kms.katalon.core.main.ScriptEngine.runScriptAsRawText(ScriptEngine.java:119)
	at com.kms.katalon.core.main.TestCaseExecutor.runScript(TestCaseExecutor.java:337)
	at com.kms.katalon.core.main.TestCaseExecutor.doExecute(TestCaseExecutor.java:328)
	at com.kms.katalon.core.main.TestCaseExecutor.processExecutionPhase(TestCaseExecutor.java:307)
	at com.kms.katalon.core.main.TestCaseExecutor.accessMainPhase(TestCaseExecutor.java:299)
	at com.kms.katalon.core.main.TestCaseExecutor.execute(TestCaseExecutor.java:233)
	at com.kms.katalon.core.main.TestSuiteExecutor.accessTestCaseMainPhase(TestSuiteExecutor.java:169)
	at com.kms.katalon.core.main.TestSuiteExecutor.accessTestSuiteMainPhase(TestSuiteExecutor.java:142)
	at com.kms.katalon.core.main.TestSuiteExecutor.execute(TestSuiteExecutor.java:91)
	at com.kms.katalon.core.main.TestCaseMain.startTestSuite(TestCaseMain.java:157)
	at com.kms.katalon.core.main.TestCaseMain$startTestSuite$0.call(Unknown Source)
	at TempTestSuite1598014192128.run(TempTestSuite1598014192128.groovy:36)]]></system-err>
      </testcase>
      <testcase name="Test Cases/Share/Share Using plus button/Share folder with one email outlook format" time="19.389" classname="Test Cases/Share/Share Using plus button/Share folder with one email outlook format" status="PASSED">
         <system-out><![CDATA[2020-08-21 13:50:18 - [TEST_CASE][PASSED] - Test Cases/Share/Share Using plus button/Share folder with one email outlook format: Test Cases/Share/Share Using plus button/Share folder with one email outlook format

2020-08-21 13:50:19 - [TEST_STEP][PASSED] - callTestCase(findTestCase("Folders/Should Go to Folderstable"), [:], OPTIONAL): Call Test Case 'Test Cases/Folders/Should Go to Folderstable' successfully

2020-08-21 13:50:19 - [TEST_CASE][PASSED] - Test Cases/Folders/Should Go to Folderstable: Test Cases/Folders/Should Go to Folderstable

2020-08-21 13:50:19 - [TEST_STEP][PASSED] - openBrowser(""): Browser is opened with url: ''

2020-08-21 13:50:19 - [MESSAGE][WARNING] - A browser is already opened. Closing browser and opening a new one

2020-08-21 13:50:20 - [MESSAGE][INFO] - Starting 'Firefox' driver

2020-08-21 13:50:23 - [MESSAGE][PASSED] - Browser is opened with url: ''

2020-08-21 13:50:23 - [TEST_STEP][PASSED] - navigateToUrl(URL): Navigate to 'https://lab.powerfolder.net:8666/login' successfully

2020-08-21 13:50:26 - [MESSAGE][PASSED] - Navigate to 'https://lab.powerfolder.net:8666/login' successfully

2020-08-21 13:50:26 - [TEST_STEP][PASSED] - assert getWindowTitle().equals("Login - PowerFolder"): Current window's title is: 'Login - PowerFolder'

2020-08-21 13:50:26 - [MESSAGE][PASSED] - Current window's title is: 'Login - PowerFolder'

2020-08-21 13:50:26 - [TEST_STEP][PASSED] - setText(findTestObject("Object Repository/Login/Page_Login - PowerFolder/input_register new account_Username"), Username): Text 'admin' is set on object 'Object Repository/Login/Page_Login - PowerFolder/input_register new account_Username'

2020-08-21 13:50:26 - [MESSAGE][PASSED] - Text 'admin' is set on object 'Object Repository/Login/Page_Login - PowerFolder/input_register new account_Username'

2020-08-21 13:50:26 - [TEST_STEP][PASSED] - click(findTestObject("Object Repository/Login/Page_Login - PowerFolder/input_register new account_Login")): Object: 'Object Repository/Login/Page_Login - PowerFolder/input_register new account_Login' is clicked on

2020-08-21 13:50:27 - [MESSAGE][PASSED] - Object: 'Object Repository/Login/Page_Login - PowerFolder/input_register new account_Login' is clicked on

2020-08-21 13:50:27 - [TEST_STEP][PASSED] - isPresent = waitForElementVisible(findTestObject("Object Repository/Login/Page_Login - PowerFolder/input_Recover password_Password"), 2): Object 'Object Repository/Login/Page_Login - PowerFolder/input_Recover password_Password' is visible

2020-08-21 13:50:27 - [MESSAGE][PASSED] - Object 'Object Repository/Login/Page_Login - PowerFolder/input_Recover password_Password' is visible

2020-08-21 13:50:27 - [TEST_STEP][PASSED] - assert isPresent: null

2020-08-21 13:50:27 - [TEST_STEP][PASSED] - setText(findTestObject("Object Repository/Login/Page_Login - PowerFolder/input_Recover password_Password"), Password): Text 'password' is set on object 'Object Repository/Login/Page_Login - PowerFolder/input_Recover password_Password'

2020-08-21 13:50:28 - [MESSAGE][PASSED] - Text 'password' is set on object 'Object Repository/Login/Page_Login - PowerFolder/input_Recover password_Password'

2020-08-21 13:50:28 - [TEST_STEP][PASSED] - click(findTestObject("Object Repository/Login/Page_Login - PowerFolder/input_register new account_Login")): Object: 'Object Repository/Login/Page_Login - PowerFolder/input_register new account_Login' is clicked on

2020-08-21 13:50:29 - [MESSAGE][PASSED] - Object: 'Object Repository/Login/Page_Login - PowerFolder/input_register new account_Login' is clicked on

2020-08-21 13:50:29 - [TEST_STEP][PASSED] - assert getWindowTitle().equals("Dashboard - PowerFolder"): Current window's title is: 'Dashboard - PowerFolder'

2020-08-21 13:50:29 - [MESSAGE][PASSED] - Current window's title is: 'Dashboard - PowerFolder'

2020-08-21 13:50:29 - [TEST_STEP][PASSED] - click(findTestObject("Object Repository/Folders/Page_Folders - PowerFolder/lang_Folders")): Object: 'Object Repository/Folders/Page_Folders - PowerFolder/lang_Folders' is clicked on

2020-08-21 13:50:30 - [MESSAGE][PASSED] - Object: 'Object Repository/Folders/Page_Folders - PowerFolder/lang_Folders' is clicked on

2020-08-21 13:50:30 - [TEST_STEP][PASSED] - assert getWindowTitle().equals("Folders - PowerFolder"): Current window's title is: 'Folders - PowerFolder'

2020-08-21 13:50:30 - [MESSAGE][PASSED] - Current window's title is: 'Folders - PowerFolder'

2020-08-21 13:50:30 - [MESSAGE][PASSED] - Call Test Case 'Test Cases/Folders/Should Go to Folderstable' successfully

2020-08-21 13:50:30 - [TEST_STEP][PASSED] - folderName = RandomStringUtils.random(9, true, true): null

2020-08-21 13:50:30 - [TEST_STEP][PASSED] - click(findTestObject("Object Repository/Share/Page_Folders - PowerFolder/span_Paste_pica-glyph glyphicons glyphicons_ca92f0")): Object: 'Object Repository/Share/Page_Folders - PowerFolder/span_Paste_pica-glyph glyphicons glyphicons_ca92f0' is clicked on

2020-08-21 13:50:32 - [MESSAGE][PASSED] - Object: 'Object Repository/Share/Page_Folders - PowerFolder/span_Paste_pica-glyph glyphicons glyphicons_ca92f0' is clicked on

2020-08-21 13:50:32 - [TEST_STEP][PASSED] - click(findTestObject("Object Repository/Share/Page_Folders - PowerFolder/a_Create Folder                            _852e7b")): Object: 'Object Repository/Share/Page_Folders - PowerFolder/a_Create Folder                            _852e7b' is clicked on

2020-08-21 13:50:32 - [MESSAGE][PASSED] - Object: 'Object Repository/Share/Page_Folders - PowerFolder/a_Create Folder                            _852e7b' is clicked on

2020-08-21 13:50:32 - [TEST_STEP][PASSED] - setText(findTestObject("Object Repository/Share/Page_Folders - PowerFolder/input_Create a new Folder_pencil"), folderName): Text 'oEUjGon5v' is set on object 'Object Repository/Share/Page_Folders - PowerFolder/input_Create a new Folder_pencil'

2020-08-21 13:50:33 - [MESSAGE][PASSED] - Text 'oEUjGon5v' is set on object 'Object Repository/Share/Page_Folders - PowerFolder/input_Create a new Folder_pencil'

2020-08-21 13:50:33 - [TEST_STEP][PASSED] - sendKeys(findTestObject("Object Repository/Share/Page_Folders - PowerFolder/input_Create a new Folder_pencil"), Keys.chord(ENTER)): Keys 'ENTER + ' sent to object: 'Object Repository/Share/Page_Folders - PowerFolder/input_Create a new Folder_pencil'

2020-08-21 13:50:33 - [MESSAGE][PASSED] - Keys 'ENTER + ' sent to object: 'Object Repository/Share/Page_Folders - PowerFolder/input_Create a new Folder_pencil'

2020-08-21 13:50:33 - [TEST_STEP][PASSED] - btn = findShareButton(folderName): null

2020-08-21 13:50:33 - [TEST_STEP][PASSED] - driver = getWebDriver(): null

2020-08-21 13:50:33 - [TEST_STEP][PASSED] - return driver.findElement(org.openqa.selenium.By.xpath(//table[@id='files_files_table']/tbody/tr/td[2]/a[contains(text(),'$fileName')]/../../td[6]/a)): null

2020-08-21 13:50:35 - [TEST_STEP][PASSED] - executeJavaScript("arguments[0].click()", Arrays.asList(btn)): Execute JavaScript 'arguments[0].click()' successfully

2020-08-21 13:50:35 - [MESSAGE][PASSED] - Execute JavaScript 'arguments[0].click()' successfully

2020-08-21 13:50:35 - [TEST_STEP][PASSED] - mail = ${ -> ... } <${ -> ... }@outlook.com>: null

2020-08-21 13:50:35 - [TEST_STEP][PASSED] - setText(findTestObject("Object Repository/Share/Page_Folders - PowerFolder/input_Invite users and groups or create a l_797df6"), mail): Text 'oEUjGon5v <oEUjGon5v@outlook.com>' is set on object 'Object Repository/Share/Page_Folders - PowerFolder/input_Invite users and groups or create a l_797df6'

2020-08-21 13:50:35 - [MESSAGE][PASSED] - Text 'oEUjGon5v <oEUjGon5v@outlook.com>' is set on object 'Object Repository/Share/Page_Folders - PowerFolder/input_Invite users and groups or create a l_797df6'

2020-08-21 13:50:35 - [TEST_STEP][PASSED] - click(findTestObject("Object Repository/Share/Page_Folders - PowerFolder/button_Can administrate_pica-taginput-butto_3eb2fe")): Object: 'Object Repository/Share/Page_Folders - PowerFolder/button_Can administrate_pica-taginput-butto_3eb2fe' is clicked on

2020-08-21 13:50:36 - [MESSAGE][PASSED] - Object: 'Object Repository/Share/Page_Folders - PowerFolder/button_Can administrate_pica-taginput-butto_3eb2fe' is clicked on

2020-08-21 13:50:36 - [TEST_STEP][PASSED] - verifyElementText(findTestObject("Object Repository/Share/Page_Folders - PowerFolder/td_usermailcom"), folderName): Actual text and expected text of test object 'Object Repository/Share/Page_Folders - PowerFolder/td_usermailcom' are matched.

2020-08-21 13:50:36 - [MESSAGE][PASSED] - Actual text and expected text of test object 'Object Repository/Share/Page_Folders - PowerFolder/td_usermailcom' are matched.

2020-08-21 13:50:36 - [TEST_STEP][PASSED] - closeBrowser(): Browser is closed

2020-08-21 13:50:38 - [MESSAGE][PASSED] - Browser is closed]]></system-out>
         <system-err><![CDATA[]]></system-err>
      </testcase>
      <testcase name="Test Cases/Share/Share Using plus button/Share folder with Multiple emails tabulation separator" time="17.193" classname="Test Cases/Share/Share Using plus button/Share folder with Multiple emails tabulation separator" status="FAILED">
         <failure type="FAILED" message="Test Cases/Share/Share Using plus button/Share folder with Multiple emails tabulation separator FAILED.
Reason:
[...]
"/>
         <system-out><![CDATA[2020-08-21 13:55:37 - [TEST_CASE][FAILED] - Test Cases/Share/Share Using enter/Share folder with Multiple emails multiple separators: Test Cases/Share/Share Using enter/Share folder with Multiple emails multiple separators FAILED.
Reason:
Assertion failed: 

assert membersCount+4 == getMembersCount()
       |           |  |  |
       1           5  |  6
                      false

	at Share folder with Multiple emails multiple separators.run(Share folder with Multiple emails multiple separators:50)
	at com.kms.katalon.core.main.ScriptEngine.run(ScriptEngine.java:194)
	at com.kms.katalon.core.main.ScriptEngine.runScriptAsRawText(ScriptEngine.java:119)
	at com.kms.katalon.core.main.TestCaseExecutor.runScript(TestCaseExecutor.java:337)
	at com.kms.katalon.core.main.TestCaseExecutor.doExecute(TestCaseExecutor.java:328)
	at com.kms.katalon.core.main.TestCaseExecutor.processExecutionPhase(TestCaseExecutor.java:307)
	at com.kms.katalon.core.main.TestCaseExecutor.accessMainPhase(TestCaseExecutor.java:299)
	at com.kms.katalon.core.main.TestCaseExecutor.execute(TestCaseExecutor.java:233)
	at com.kms.katalon.core.main.TestSuiteExecutor.accessTestCaseMainPhase(TestSuiteExecutor.java:169)
	at com.kms.katalon.core.main.TestSuiteExecutor.accessTestSuiteMainPhase(TestSuiteExecutor.java:142)
	at com.kms.katalon.core.main.TestSuiteExecutor.execute(TestSuiteExecutor.java:91)
	at com.kms.katalon.core.main.TestCaseMain.startTestSuite(TestCaseMain.java:157)
	at com.kms.katalon.core.main.TestCaseMain$startTestSuite$0.call(Unknown Source)
	at TempTestSuite1598014192128.run(TempTestSuite1598014192128.groovy:36)


2020-08-21 13:55:37 - [TEST_STEP][PASSED] - callTestCase(findTestCase("Folders/Should Go to Folderstable"), [:], OPTIONAL): Call Test Case 'Test Cases/Folders/Should Go to Folderstable' successfully

2020-08-21 13:55:37 - [TEST_CASE][PASSED] - Test Cases/Folders/Should Go to Folderstable: Test Cases/Folders/Should Go to Folderstable

2020-08-21 13:55:37 - [TEST_STEP][PASSED] - openBrowser(""): Browser is opened with url: ''

2020-08-21 13:55:37 - [MESSAGE][WARNING] - A browser is already opened. Closing browser and opening a new one

2020-08-21 13:55:37 - [MESSAGE][INFO] - Starting 'Firefox' driver

2020-08-21 13:55:40 - [MESSAGE][PASSED] - Browser is opened with url: ''

2020-08-21 13:55:40 - [TEST_STEP][PASSED] - navigateToUrl(URL): Navigate to 'https://lab.powerfolder.net:8666/login' successfully

2020-08-21 13:55:44 - [MESSAGE][PASSED] - Navigate to 'https://lab.powerfolder.net:8666/login' successfully

2020-08-21 13:55:44 - [TEST_STEP][PASSED] - assert getWindowTitle().equals("Login - PowerFolder"): Current window's title is: 'Login - PowerFolder'

2020-08-21 13:55:44 - [MESSAGE][PASSED] - Current window's title is: 'Login - PowerFolder'

2020-08-21 13:55:44 - [TEST_STEP][PASSED] - setText(findTestObject("Object Repository/Login/Page_Login - PowerFolder/input_register new account_Username"), Username): Text 'admin' is set on object 'Object Repository/Login/Page_Login - PowerFolder/input_register new account_Username'

2020-08-21 13:55:44 - [MESSAGE][PASSED] - Text 'admin' is set on object 'Object Repository/Login/Page_Login - PowerFolder/input_register new account_Username'

2020-08-21 13:55:44 - [TEST_STEP][PASSED] - click(findTestObject("Object Repository/Login/Page_Login - PowerFolder/input_register new account_Login")): Object: 'Object Repository/Login/Page_Login - PowerFolder/input_register new account_Login' is clicked on

2020-08-21 13:55:45 - [MESSAGE][PASSED] - Object: 'Object Repository/Login/Page_Login - PowerFolder/input_register new account_Login' is clicked on

2020-08-21 13:55:45 - [TEST_STEP][PASSED] - isPresent = waitForElementVisible(findTestObject("Object Repository/Login/Page_Login - PowerFolder/input_Recover password_Password"), 2): Object 'Object Repository/Login/Page_Login - PowerFolder/input_Recover password_Password' is visible

2020-08-21 13:55:45 - [MESSAGE][PASSED] - Object 'Object Repository/Login/Page_Login - PowerFolder/input_Recover password_Password' is visible

2020-08-21 13:55:45 - [TEST_STEP][PASSED] - assert isPresent: null

2020-08-21 13:55:45 - [TEST_STEP][PASSED] - setText(findTestObject("Object Repository/Login/Page_Login - PowerFolder/input_Recover password_Password"), Password): Text 'password' is set on object 'Object Repository/Login/Page_Login - PowerFolder/input_Recover password_Password'

2020-08-21 13:55:46 - [MESSAGE][PASSED] - Text 'password' is set on object 'Object Repository/Login/Page_Login - PowerFolder/input_Recover password_Password'

2020-08-21 13:55:46 - [TEST_STEP][PASSED] - click(findTestObject("Object Repository/Login/Page_Login - PowerFolder/input_register new account_Login")): Object: 'Object Repository/Login/Page_Login - PowerFolder/input_register new account_Login' is clicked on

2020-08-21 13:55:47 - [MESSAGE][PASSED] - Object: 'Object Repository/Login/Page_Login - PowerFolder/input_register new account_Login' is clicked on

2020-08-21 13:55:47 - [TEST_STEP][PASSED] - assert getWindowTitle().equals("Dashboard - PowerFolder"): Current window's title is: 'Dashboard - PowerFolder'

2020-08-21 13:55:47 - [MESSAGE][PASSED] - Current window's title is: 'Dashboard - PowerFolder'

2020-08-21 13:55:47 - [TEST_STEP][PASSED] - click(findTestObject("Object Repository/Folders/Page_Folders - PowerFolder/lang_Folders")): Object: 'Object Repository/Folders/Page_Folders - PowerFolder/lang_Folders' is clicked on

2020-08-21 13:55:48 - [MESSAGE][PASSED] - Object: 'Object Repository/Folders/Page_Folders - PowerFolder/lang_Folders' is clicked on

2020-08-21 13:55:48 - [TEST_STEP][PASSED] - assert getWindowTitle().equals("Folders - PowerFolder"): Current window's title is: 'Folders - PowerFolder'

2020-08-21 13:55:48 - [MESSAGE][PASSED] - Current window's title is: 'Folders - PowerFolder'

2020-08-21 13:55:48 - [MESSAGE][PASSED] - Call Test Case 'Test Cases/Folders/Should Go to Folderstable' successfully

2020-08-21 13:55:48 - [TEST_STEP][PASSED] - folderName = RandomStringUtils.random(9, true, true): null

2020-08-21 13:55:48 - [TEST_STEP][PASSED] - click(findTestObject("Object Repository/Share/Page_Folders - PowerFolder/span_Paste_pica-glyph glyphicons glyphicons_ca92f0")): Object: 'Object Repository/Share/Page_Folders - PowerFolder/span_Paste_pica-glyph glyphicons glyphicons_ca92f0' is clicked on

2020-08-21 13:55:50 - [MESSAGE][PASSED] - Object: 'Object Repository/Share/Page_Folders - PowerFolder/span_Paste_pica-glyph glyphicons glyphicons_ca92f0' is clicked on

2020-08-21 13:55:50 - [TEST_STEP][PASSED] - click(findTestObject("Object Repository/Share/Page_Folders - PowerFolder/a_Create Folder                            _852e7b")): Object: 'Object Repository/Share/Page_Folders - PowerFolder/a_Create Folder                            _852e7b' is clicked on

2020-08-21 13:55:51 - [MESSAGE][PASSED] - Object: 'Object Repository/Share/Page_Folders - PowerFolder/a_Create Folder                            _852e7b' is clicked on

2020-08-21 13:55:51 - [TEST_STEP][PASSED] - setText(findTestObject("Object Repository/Share/Page_Folders - PowerFolder/input_Create a new Folder_pencil"), folderName): Text 'Fc7NoDexY' is set on object 'Object Repository/Share/Page_Folders - PowerFolder/input_Create a new Folder_pencil'

2020-08-21 13:55:51 - [MESSAGE][PASSED] - Text 'Fc7NoDexY' is set on object 'Object Repository/Share/Page_Folders - PowerFolder/input_Create a new Folder_pencil'

2020-08-21 13:55:51 - [TEST_STEP][PASSED] - sendKeys(findTestObject("Object Repository/Share/Page_Folders - PowerFolder/input_Create a new Folder_pencil"), Keys.chord(ENTER)): Keys 'ENTER + ' sent to object: 'Object Repository/Share/Page_Folders - PowerFolder/input_Create a new Folder_pencil'

2020-08-21 13:55:52 - [MESSAGE][PASSED] - Keys 'ENTER + ' sent to object: 'Object Repository/Share/Page_Folders - PowerFolder/input_Create a new Folder_pencil'

2020-08-21 13:55:52 - [TEST_STEP][PASSED] - btn = findShareButton(folderName): null

2020-08-21 13:55:52 - [TEST_STEP][PASSED] - driver = getWebDriver(): null

2020-08-21 13:55:52 - [TEST_STEP][PASSED] - return driver.findElement(org.openqa.selenium.By.xpath(//table[@id='files_files_table']/tbody/tr/td[2]/a[contains(text(),'$fileName')]/../../td[6]/a)): null

2020-08-21 13:55:55 - [TEST_STEP][PASSED] - executeJavaScript("arguments[0].click()", Arrays.asList(btn)): Execute JavaScript 'arguments[0].click()' successfully

2020-08-21 13:55:55 - [MESSAGE][PASSED] - Execute JavaScript 'arguments[0].click()' successfully

2020-08-21 13:55:55 - [TEST_STEP][PASSED] - mails = a_${ -> ... }@a.com;b_${ -> ... }@b.com:c_${ -> ... }@c.com,d_${ -> ... }@d.com: null

2020-08-21 13:55:55 - [TEST_STEP][PASSED] - membersCount = getMembersCount(): null

2020-08-21 13:55:55 - [TEST_STEP][PASSED] - driver = getWebDriver(): null

2020-08-21 13:55:55 - [TEST_STEP][PASSED] - tbody = driver.findElement(By.xpath("//table[@id='share_table']/tbody")): null

2020-08-21 13:55:56 - [TEST_STEP][PASSED] - assert tbody: null

2020-08-21 13:55:56 - [TEST_STEP][PASSED] - rows_table = tbody.findElements(By.tagName("tr")): null

2020-08-21 13:55:56 - [TEST_STEP][PASSED] - return rows_table.size(): null

2020-08-21 13:55:56 - [TEST_STEP][PASSED] - setText(findTestObject("Object Repository/Share/Page_Folders - PowerFolder/input_Invite users and groups or create a l_797df6"), mails): Text 'a_Fc7NoDexY@a.com;b_Fc7NoDexY@b.com:c_Fc7NoDexY@c.com,d_Fc7NoDexY@d.com' is set on object 'Object Repository/Share/Page_Folders - PowerFolder/input_Invite users and groups or create a l_797df6'

2020-08-21 13:55:56 - [MESSAGE][PASSED] - Text 'a_Fc7NoDexY@a.com;b_Fc7NoDexY@b.com:c_Fc7NoDexY@c.com,d_Fc7NoDexY@d.com' is set on object 'Object Repository/Share/Page_Folders - PowerFolder/input_Invite users and groups or create a l_797df6'

2020-08-21 13:55:56 - [TEST_STEP][PASSED] - sendKeys(findTestObject("Object Repository/Share/Page_Folders - PowerFolder/input_Invite users and groups or create a l_797df6"), Keys.chord(ENTER)): Keys 'ENTER + ' sent to object: 'Object Repository/Share/Page_Folders - PowerFolder/input_Invite users and groups or create a l_797df6'

2020-08-21 13:55:56 - [MESSAGE][PASSED] - Keys 'ENTER + ' sent to object: 'Object Repository/Share/Page_Folders - PowerFolder/input_Invite users and groups or create a l_797df6'

2020-08-21 13:55:56 - [TEST_STEP][PASSED] - assert membersCount + 4 == getMembersCount(): null

2020-08-21 13:55:56 - [TEST_STEP][PASSED] - driver = getWebDriver(): null

2020-08-21 13:55:56 - [TEST_STEP][PASSED] - tbody = driver.findElement(By.xpath("//table[@id='share_table']/tbody")): null

2020-08-21 13:55:58 - [TEST_STEP][PASSED] - assert tbody: null

2020-08-21 13:55:58 - [TEST_STEP][PASSED] - rows_table = tbody.findElements(By.tagName("tr")): null

2020-08-21 13:55:58 - [TEST_STEP][PASSED] - return rows_table.size(): null]]></system-out>
         <system-err><![CDATA[2020-08-21 13:55:37 - [TEST_CASE][FAILED] - Test Cases/Share/Share Using enter/Share folder with Multiple emails multiple separators: Test Cases/Share/Share Using enter/Share folder with Multiple emails multiple separators FAILED.
Reason:
Assertion failed: 

assert membersCount+4 == getMembersCount()
       |           |  |  |
       1           5  |  6
                      false

	at Share folder with Multiple emails multiple separators.run(Share folder with Multiple emails multiple separators:50)
	at com.kms.katalon.core.main.ScriptEngine.run(ScriptEngine.java:194)
	at com.kms.katalon.core.main.ScriptEngine.runScriptAsRawText(ScriptEngine.java:119)
	at com.kms.katalon.core.main.TestCaseExecutor.runScript(TestCaseExecutor.java:337)
	at com.kms.katalon.core.main.TestCaseExecutor.doExecute(TestCaseExecutor.java:328)
	at com.kms.katalon.core.main.TestCaseExecutor.processExecutionPhase(TestCaseExecutor.java:307)
	at com.kms.katalon.core.main.TestCaseExecutor.accessMainPhase(TestCaseExecutor.java:299)
	at com.kms.katalon.core.main.TestCaseExecutor.execute(TestCaseExecutor.java:233)
	at com.kms.katalon.core.main.TestSuiteExecutor.accessTestCaseMainPhase(TestSuiteExecutor.java:169)
	at com.kms.katalon.core.main.TestSuiteExecutor.accessTestSuiteMainPhase(TestSuiteExecutor.java:142)
	at com.kms.katalon.core.main.TestSuiteExecutor.execute(TestSuiteExecutor.java:91)
	at com.kms.katalon.core.main.TestCaseMain.startTestSuite(TestCaseMain.java:157)
	at com.kms.katalon.core.main.TestCaseMain$startTestSuite$0.call(Unknown Source)
	at TempTestSuite1598014192128.run(TempTestSuite1598014192128.groovy:36)]]></system-err>
      </testcase>
      <system-out><![CDATA[2020-08-21 13:49:54 - [TEST_SUITE][FAILED] - Folder Share: Test Cases/Share/Share Using plus button/Share Folder With one email adress FAILED.
Reason:
com.kms.katalon.core.exception.StepFailedException: Unable to click on object 'Object Repository/Share/Page_Folders - PowerFolder/span_Paste_pica-glyph glyphicons glyphicons_ca92f0'
	at com.kms.katalon.core.webui.keyword.internal.WebUIKeywordMain.stepFailed(WebUIKeywordMain.groovy:64)
	at com.kms.katalon.core.webui.keyword.internal.WebUIKeywordMain.runKeyword(WebUIKeywordMain.groovy:26)
	at com.kms.katalon.core.webui.keyword.builtin.ClickKeyword.click(ClickKeyword.groovy:102)
	at com.kms.katalon.core.webui.keyword.builtin.ClickKeyword.execute(ClickKeyword.groovy:43)
	at com.kms.katalon.core.keyword.internal.KeywordExecutor.executeKeywordForPlatform(KeywordExecutor.groovy:72)
	at com.kms.katalon.core.webui.keyword.WebUiBuiltInKeywords.click(WebUiBuiltInKeywords.groovy:616)
	at com.kms.katalon.core.webui.keyword.WebUiBuiltInKeywords$click$0.call(Unknown Source)
	at Share Folder With one email adress.run(Share Folder With one email adress:27)
	at com.kms.katalon.core.main.ScriptEngine.run(ScriptEngine.java:194)
	at com.kms.katalon.core.main.ScriptEngine.runScriptAsRawText(ScriptEngine.java:119)
	at com.kms.katalon.core.main.TestCaseExecutor.runScript(TestCaseExecutor.java:337)
	at com.kms.katalon.core.main.TestCaseExecutor.doExecute(TestCaseExecutor.java:328)
	at com.kms.katalon.core.main.TestCaseExecutor.processExecutionPhase(TestCaseExecutor.java:307)
	at com.kms.katalon.core.main.TestCaseExecutor.accessMainPhase(TestCaseExecutor.java:299)
	at com.kms.katalon.core.main.TestCaseExecutor.execute(TestCaseExecutor.java:233)
	at com.kms.katalon.core.main.TestSuiteExecutor.accessTestCaseMainPhase(TestSuiteExecutor.java:169)
	at com.kms.katalon.core.main.TestSuiteExecutor.accessTestSuiteMainPhase(TestSuiteExecutor.java:142)
	at com.kms.katalon.core.main.TestSuiteExecutor.execute(TestSuiteExecutor.java:91)
	at com.kms.katalon.core.main.TestCaseMain.startTestSuite(TestCaseMain.java:157)
	at com.kms.katalon.core.main.TestCaseMain$startTestSuite$0.call(Unknown Source)
	at TempTestSuite1598014192128.run(TempTestSuite1598014192128.groovy:36)
Caused by: com.kms.katalon.core.webui.exception.BrowserNotOpenedException: Browser is not opened
Build info: version: '3.141.59', revision: 'e82be7d358', time: '2018-11-14T08:25:53'
System info: host: 'MacBook-Pro-di-mac.local', ip: 'fe80:0:0:0:ca8:b2f6:3082:738c%en0', os.name: 'Mac OS X', os.arch: 'x86_64', os.version: '10.15.6', java.version: '1.8.0_181'
Driver info: driver.version: unknown
	at com.kms.katalon.core.webui.driver.DriverFactory.verifyWebDriverIsOpen(DriverFactory.java:816)
	at com.kms.katalon.core.webui.driver.DriverFactory.verifyWebDriver(DriverFactory.java:801)
	at com.kms.katalon.core.webui.driver.DriverFactory.getWebDriver(DriverFactory.java:787)
	at com.kms.katalon.core.webui.common.WebUiCommonHelper.findWebElements(WebUiCommonHelper.java:739)
	at com.kms.katalon.core.webui.common.WebUiCommonHelper.findWebElement(WebUiCommonHelper.java:1150)
	at com.kms.katalon.core.webui.keyword.internal.WebUIAbstractKeyword.findWebElement(WebUIAbstractKeyword.groovy:27)
	at com.kms.katalon.core.webui.keyword.internal.WebUIAbstractKeyword.findWebElement(WebUIAbstractKeyword.groovy:26)
	at com.kms.katalon.core.webui.keyword.builtin.ClickKeyword$_click_closure1.doCall(ClickKeyword.groovy:67)
	at com.kms.katalon.core.webui.keyword.builtin.ClickKeyword$_click_closure1.call(ClickKeyword.groovy)
	at com.kms.katalon.core.webui.keyword.internal.WebUIKeywordMain.runKeyword(WebUIKeywordMain.groovy:20)
	... 19 more]]></system-out>
      <system-err><![CDATA[2020-08-21 13:49:54 - [TEST_SUITE][FAILED] - Folder Share: Test Cases/Share/Share Using plus button/Share Folder With one email adress FAILED.
Reason:
com.kms.katalon.core.exception.StepFailedException: Unable to click on object 'Object Repository/Share/Page_Folders - PowerFolder/span_Paste_pica-glyph glyphicons glyphicons_ca92f0'
	at com.kms.katalon.core.webui.keyword.internal.WebUIKeywordMain.stepFailed(WebUIKeywordMain.groovy:64)
	at com.kms.katalon.core.webui.keyword.internal.WebUIKeywordMain.runKeyword(WebUIKeywordMain.groovy:26)
	at com.kms.katalon.core.webui.keyword.builtin.ClickKeyword.click(ClickKeyword.groovy:102)
	at com.kms.katalon.core.webui.keyword.builtin.ClickKeyword.execute(ClickKeyword.groovy:43)
	at com.kms.katalon.core.keyword.internal.KeywordExecutor.executeKeywordForPlatform(KeywordExecutor.groovy:72)
	at com.kms.katalon.core.webui.keyword.WebUiBuiltInKeywords.click(WebUiBuiltInKeywords.groovy:616)
	at com.kms.katalon.core.webui.keyword.WebUiBuiltInKeywords$click$0.call(Unknown Source)
	at Share Folder With one email adress.run(Share Folder With one email adress:27)
	at com.kms.katalon.core.main.ScriptEngine.run(ScriptEngine.java:194)
	at com.kms.katalon.core.main.ScriptEngine.runScriptAsRawText(ScriptEngine.java:119)
	at com.kms.katalon.core.main.TestCaseExecutor.runScript(TestCaseExecutor.java:337)
	at com.kms.katalon.core.main.TestCaseExecutor.doExecute(TestCaseExecutor.java:328)
	at com.kms.katalon.core.main.TestCaseExecutor.processExecutionPhase(TestCaseExecutor.java:307)
	at com.kms.katalon.core.main.TestCaseExecutor.accessMainPhase(TestCaseExecutor.java:299)
	at com.kms.katalon.core.main.TestCaseExecutor.execute(TestCaseExecutor.java:233)
	at com.kms.katalon.core.main.TestSuiteExecutor.accessTestCaseMainPhase(TestSuiteExecutor.java:169)
	at com.kms.katalon.core.main.TestSuiteExecutor.accessTestSuiteMainPhase(TestSuiteExecutor.java:142)
	at com.kms.katalon.core.main.TestSuiteExecutor.execute(TestSuiteExecutor.java:91)
	at com.kms.katalon.core.main.TestCaseMain.startTestSuite(TestCaseMain.java:157)
	at com.kms.katalon.core.main.TestCaseMain$startTestSuite$0.call(Unknown Source)
	at TempTestSuite1598014192128.run(TempTestSuite1598014192128.groovy:36)
Caused by: com.kms.katalon.core.webui.exception.BrowserNotOpenedException: Browser is not opened
Build info: version: '3.141.59', revision: 'e82be7d358', time: '2018-11-14T08:25:53'
System info: host: 'MacBook-Pro-di-mac.local', ip: 'fe80:0:0:0:ca8:b2f6:3082:738c%en0', os.name: 'Mac OS X', os.arch: 'x86_64', os.version: '10.15.6', java.version: '1.8.0_181'
Driver info: driver.version: unknown
	at com.kms.katalon.core.webui.driver.DriverFactory.verifyWebDriverIsOpen(DriverFactory.java:816)
	at com.kms.katalon.core.webui.driver.DriverFactory.verifyWebDriver(DriverFactory.java:801)
	at com.kms.katalon.core.webui.driver.DriverFactory.getWebDriver(DriverFactory.java:787)
	at com.kms.katalon.core.webui.common.WebUiCommonHelper.findWebElements(WebUiCommonHelper.java:739)
	at com.kms.katalon.core.webui.common.WebUiCommonHelper.findWebElement(WebUiCommonHelper.java:1150)
	at com.kms.katalon.core.webui.keyword.internal.WebUIAbstractKeyword.findWebElement(WebUIAbstractKeyword.groovy:27)
	at com.kms.katalon.core.webui.keyword.internal.WebUIAbstractKeyword.findWebElement(WebUIAbstractKeyword.groovy:26)
	at com.kms.katalon.core.webui.keyword.builtin.ClickKeyword$_click_closure1.doCall(ClickKeyword.groovy:67)
	at com.kms.katalon.core.webui.keyword.builtin.ClickKeyword$_click_closure1.call(ClickKeyword.groovy)
	at com.kms.katalon.core.webui.keyword.internal.WebUIKeywordMain.runKeyword(WebUIKeywordMain.groovy:20)
	... 19 more]]></system-err>
   </testsuite>
</testsuites>
