<?xml version="1.0" encoding="UTF-8"?>
<testsuites name="Folder Share" time="395.663" tests="18" failures="6" errors="3">
   <testsuite name="Folder Share" tests="18" failures="6" errors="3" time="395.663" timestamp="2020-08-21 15:19:20" hostname="mac - localhost" id="Test Suites/Folder Share">
      <properties>
         <property name="deviceName" value=""/>
         <property name="devicePlatform" value=""/>
         <property name="logFolder" value="/Users/mac/Documents/PF-WEBTEST/Reports/20200821_151918/Folder Share/20200821_151918"/>
         <property name="logFiles" value="/Users/mac/Documents/PF-WEBTEST/Reports/20200821_151918/Folder Share/20200821_151918/execution0.log"/>
         <property name="attachments" value="/Users/mac/Documents/PF-WEBTEST/Reports/20200821_151918/Folder Share/20200821_151918/1598019773948.png, /Users/mac/Documents/PF-WEBTEST/Reports/20200821_151918/Folder Share/20200821_151918/1598019774186.png"/>
         <property name="hostName" value="mac - localhost"/>
         <property name="os" value="Mac OS X 64bit"/>
         <property name="katalonVersion" value="7.2.1.1"/>
         <property name="browser" value="Firefox 79.0"/>
         <property name="hostAddress" value="127.0.0.1"/>
         <property name="sessionId" value="6a3b6645-cf15-7a49-9c80-90640cce56a0"/>
         <property name="seleniumVersion" value="3.141.59"/>
         <property name="proxyInformation" value="ProxyInformation{proxyOption=NO_PROXY, proxyServerType=HTTP, password=, proxyServerAddress=, proxyServerPort=0, executionList=}"/>
         <property name="platform" value="Mac OS X"/>
      </properties>
      <testcase name="Test Cases/Share/Share Using plus button/Share Folder With one email adress" time="20.481" classname="Test Cases/Share/Share Using plus button/Share Folder With one email adress" status="PASSED">
         <system-out><![CDATA[2020-08-21 15:19:20 - [TEST_CASE][PASSED] - Test Cases/Share/Share Using plus button/Share Folder With one email adress: Test Cases/Share/Share Using plus button/Share Folder With one email adress

2020-08-21 15:19:21 - [TEST_STEP][PASSED] - callTestCase(findTestCase("Folders/Should Go to Folderstable"), [:], OPTIONAL): Call Test Case 'Test Cases/Folders/Should Go to Folderstable' successfully

2020-08-21 15:19:21 - [TEST_CASE][PASSED] - Test Cases/Folders/Should Go to Folderstable: Test Cases/Folders/Should Go to Folderstable

2020-08-21 15:19:21 - [TEST_STEP][PASSED] - openBrowser(""): Browser is opened with url: ''

2020-08-21 15:19:21 - [MESSAGE][INFO] - Starting 'Firefox' driver

2020-08-21 15:19:21 - [MESSAGE][INFO] - Action delay is set to 0 seconds

2020-08-21 15:19:25 - [MESSAGE][PASSED] - Browser is opened with url: ''

2020-08-21 15:19:25 - [TEST_STEP][PASSED] - navigateToUrl(URL): Navigate to 'https://lab.powerfolder.net:8666/login' successfully

2020-08-21 15:19:28 - [MESSAGE][PASSED] - Navigate to 'https://lab.powerfolder.net:8666/login' successfully

2020-08-21 15:19:28 - [TEST_STEP][PASSED] - assert getWindowTitle().equals("Login - PowerFolder"): Current window's title is: 'Login - PowerFolder'

2020-08-21 15:19:28 - [MESSAGE][PASSED] - Current window's title is: 'Login - PowerFolder'

2020-08-21 15:19:28 - [TEST_STEP][PASSED] - setText(findTestObject("Object Repository/Login/Page_Login - PowerFolder/input_register new account_Username"), Username): Text 'admin' is set on object 'Object Repository/Login/Page_Login - PowerFolder/input_register new account_Username'

2020-08-21 15:19:29 - [MESSAGE][PASSED] - Text 'admin' is set on object 'Object Repository/Login/Page_Login - PowerFolder/input_register new account_Username'

2020-08-21 15:19:29 - [TEST_STEP][PASSED] - click(findTestObject("Object Repository/Login/Page_Login - PowerFolder/input_register new account_Login")): Object: 'Object Repository/Login/Page_Login - PowerFolder/input_register new account_Login' is clicked on

2020-08-21 15:19:29 - [MESSAGE][PASSED] - Object: 'Object Repository/Login/Page_Login - PowerFolder/input_register new account_Login' is clicked on

2020-08-21 15:19:29 - [TEST_STEP][PASSED] - isPresent = waitForElementVisible(findTestObject("Object Repository/Login/Page_Login - PowerFolder/input_Recover password_Password"), 2): Object 'Object Repository/Login/Page_Login - PowerFolder/input_Recover password_Password' is visible

2020-08-21 15:19:30 - [MESSAGE][PASSED] - Object 'Object Repository/Login/Page_Login - PowerFolder/input_Recover password_Password' is visible

2020-08-21 15:19:30 - [TEST_STEP][PASSED] - assert isPresent: null

2020-08-21 15:19:30 - [TEST_STEP][PASSED] - setText(findTestObject("Object Repository/Login/Page_Login - PowerFolder/input_Recover password_Password"), Password): Text 'password' is set on object 'Object Repository/Login/Page_Login - PowerFolder/input_Recover password_Password'

2020-08-21 15:19:30 - [MESSAGE][PASSED] - Text 'password' is set on object 'Object Repository/Login/Page_Login - PowerFolder/input_Recover password_Password'

2020-08-21 15:19:30 - [TEST_STEP][PASSED] - click(findTestObject("Object Repository/Login/Page_Login - PowerFolder/input_register new account_Login")): Object: 'Object Repository/Login/Page_Login - PowerFolder/input_register new account_Login' is clicked on

2020-08-21 15:19:31 - [MESSAGE][PASSED] - Object: 'Object Repository/Login/Page_Login - PowerFolder/input_register new account_Login' is clicked on

2020-08-21 15:19:31 - [TEST_STEP][PASSED] - assert getWindowTitle().equals("Dashboard - PowerFolder"): Current window's title is: 'Dashboard - PowerFolder'

2020-08-21 15:19:31 - [MESSAGE][PASSED] - Current window's title is: 'Dashboard - PowerFolder'

2020-08-21 15:19:31 - [TEST_STEP][PASSED] - click(findTestObject("Object Repository/Folders/Page_Folders - PowerFolder/lang_Folders")): Object: 'Object Repository/Folders/Page_Folders - PowerFolder/lang_Folders' is clicked on

2020-08-21 15:19:33 - [MESSAGE][PASSED] - Object: 'Object Repository/Folders/Page_Folders - PowerFolder/lang_Folders' is clicked on

2020-08-21 15:19:33 - [TEST_STEP][PASSED] - assert getWindowTitle().equals("Folders - PowerFolder"): Current window's title is: 'Folders - PowerFolder'

2020-08-21 15:19:33 - [MESSAGE][PASSED] - Current window's title is: 'Folders - PowerFolder'

2020-08-21 15:19:33 - [MESSAGE][PASSED] - Call Test Case 'Test Cases/Folders/Should Go to Folderstable' successfully

2020-08-21 15:19:33 - [TEST_STEP][PASSED] - folderName = RandomStringUtils.random(9, true, true): null

2020-08-21 15:19:33 - [TEST_STEP][PASSED] - click(findTestObject("Object Repository/Share/Page_Folders - PowerFolder/span_Paste_pica-glyph glyphicons glyphicons_ca92f0")): Object: 'Object Repository/Share/Page_Folders - PowerFolder/span_Paste_pica-glyph glyphicons glyphicons_ca92f0' is clicked on

2020-08-21 15:19:35 - [MESSAGE][PASSED] - Object: 'Object Repository/Share/Page_Folders - PowerFolder/span_Paste_pica-glyph glyphicons glyphicons_ca92f0' is clicked on

2020-08-21 15:19:35 - [TEST_STEP][PASSED] - click(findTestObject("Object Repository/Share/Page_Folders - PowerFolder/a_Create Folder                            _852e7b")): Object: 'Object Repository/Share/Page_Folders - PowerFolder/a_Create Folder                            _852e7b' is clicked on

2020-08-21 15:19:35 - [MESSAGE][PASSED] - Object: 'Object Repository/Share/Page_Folders - PowerFolder/a_Create Folder                            _852e7b' is clicked on

2020-08-21 15:19:35 - [TEST_STEP][PASSED] - setText(findTestObject("Object Repository/Share/Page_Folders - PowerFolder/input_Create a new Folder_pencil"), folderName): Text 'ioZ1Udd52' is set on object 'Object Repository/Share/Page_Folders - PowerFolder/input_Create a new Folder_pencil'

2020-08-21 15:19:36 - [MESSAGE][PASSED] - Text 'ioZ1Udd52' is set on object 'Object Repository/Share/Page_Folders - PowerFolder/input_Create a new Folder_pencil'

2020-08-21 15:19:36 - [TEST_STEP][PASSED] - sendKeys(findTestObject("Object Repository/Share/Page_Folders - PowerFolder/input_Create a new Folder_pencil"), Keys.chord(ENTER)): Keys 'ENTER + ' sent to object: 'Object Repository/Share/Page_Folders - PowerFolder/input_Create a new Folder_pencil'

2020-08-21 15:19:36 - [MESSAGE][PASSED] - Keys 'ENTER + ' sent to object: 'Object Repository/Share/Page_Folders - PowerFolder/input_Create a new Folder_pencil'

2020-08-21 15:19:36 - [TEST_STEP][PASSED] - btn = share.ShareHelper.findShareButton(folderName): share.ShareHelper.findShareButton is PASSED

2020-08-21 15:19:38 - [MESSAGE][PASSED] - share.ShareHelper.findShareButton is PASSED

2020-08-21 15:19:38 - [TEST_STEP][PASSED] - executeJavaScript("arguments[0].click()", Arrays.asList(btn)): Execute JavaScript 'arguments[0].click()' successfully

2020-08-21 15:19:38 - [MESSAGE][PASSED] - Execute JavaScript 'arguments[0].click()' successfully

2020-08-21 15:19:38 - [TEST_STEP][PASSED] - mail = ${ -> ... }@mail.com: null

2020-08-21 15:19:38 - [TEST_STEP][PASSED] - setText(findTestObject("Object Repository/Share/Page_Folders - PowerFolder/input_Invite users and groups or create a l_797df6"), mail): Text 'ioZ1Udd52@mail.com' is set on object 'Object Repository/Share/Page_Folders - PowerFolder/input_Invite users and groups or create a l_797df6'

2020-08-21 15:19:38 - [MESSAGE][PASSED] - Text 'ioZ1Udd52@mail.com' is set on object 'Object Repository/Share/Page_Folders - PowerFolder/input_Invite users and groups or create a l_797df6'

2020-08-21 15:19:38 - [TEST_STEP][PASSED] - click(findTestObject("Object Repository/Share/Page_Folders - PowerFolder/button_Can administrate_pica-taginput-butto_3eb2fe")): Object: 'Object Repository/Share/Page_Folders - PowerFolder/button_Can administrate_pica-taginput-butto_3eb2fe' is clicked on

2020-08-21 15:19:39 - [MESSAGE][PASSED] - Object: 'Object Repository/Share/Page_Folders - PowerFolder/button_Can administrate_pica-taginput-butto_3eb2fe' is clicked on

2020-08-21 15:19:39 - [TEST_STEP][PASSED] - verifyElementText(findTestObject("Object Repository/Share/Page_Folders - PowerFolder/td_usermailcom"), mail): Actual text and expected text of test object 'Object Repository/Share/Page_Folders - PowerFolder/td_usermailcom' are matched.

2020-08-21 15:19:40 - [MESSAGE][PASSED] - Actual text and expected text of test object 'Object Repository/Share/Page_Folders - PowerFolder/td_usermailcom' are matched.

2020-08-21 15:19:40 - [TEST_STEP][PASSED] - closeBrowser(): Browser is closed

2020-08-21 15:19:41 - [MESSAGE][PASSED] - Browser is closed]]></system-out>
         <system-err><![CDATA[]]></system-err>
      </testcase>
      <testcase name="Test Cases/Share/Share Using plus button/Share folder with Multiple emails semi colon" time="17.337" classname="Test Cases/Share/Share Using plus button/Share folder with Multiple emails semi colon" status="FAILED">
         <failure type="FAILED" message="Test Cases/Share/Share Using plus button/Share folder with Multiple emails semi colon FAILED.
Reason:
Assertion failed: 

assert membersCount+3 == CustomKeywords.'share.ShareHelper.getMembersCount'()
       |           |  |                 |
       0           3  false             0

	at Share folder with Multiple emails semi colon.run(Share folder with Multiple emails semi colon:50)
	at com.kms.katalon.core.main.ScriptEngine.run(ScriptEngine.java:194)
	at com.kms.katalon.core.main.ScriptEngine.runScriptAsRawText(ScriptEngine.java:119)
	at com.kms.katalon.core.main.TestCaseExecutor.runScript(TestCaseExecutor.java:337)
	at com.kms.katalon.core.main.TestCaseExecutor.doExecute(TestCaseExecutor.java:328)
	at com.kms.katalon.core.main.TestCaseExecutor.processExecutionPhase(TestCaseExecutor.java:307)
	at com.kms.katalon.core.main.TestCaseExecutor.accessMainPhase(TestCaseExecutor.java:299)
	at com.kms.katalon.core.main.TestCaseExecutor.execute(TestCaseExecutor.java:233)
	at com.kms.katalon.core.main.TestSuiteExecutor.accessTestCaseMainPhase(TestSuiteExecutor.java:169)
	at com.kms.katalon.core.main.TestSuiteExecutor.accessTestSuiteMainPhase(TestSuiteExecutor.java:142)
	at com.kms.katalon.core.main.TestSuiteExecutor.execute(TestSuiteExecutor.java:91)
	at com.kms.katalon.core.main.TestCaseMain.startTestSuite(TestCaseMain.java:157)
	at com.kms.katalon.core.main.TestCaseMain$startTestSuite$0.call(Unknown Source)
	at TempTestSuite1598019558913.run(TempTestSuite1598019558913.groovy:36)
"/>
         <system-out><![CDATA[2020-08-21 15:19:41 - [TEST_CASE][FAILED] - Test Cases/Share/Share Using plus button/Share folder with Multiple emails semi colon: Test Cases/Share/Share Using plus button/Share folder with Multiple emails semi colon FAILED.
Reason:
Assertion failed: 

assert membersCount+3 == CustomKeywords.'share.ShareHelper.getMembersCount'()
       |           |  |                 |
       0           3  false             0

	at Share folder with Multiple emails semi colon.run(Share folder with Multiple emails semi colon:50)
	at com.kms.katalon.core.main.ScriptEngine.run(ScriptEngine.java:194)
	at com.kms.katalon.core.main.ScriptEngine.runScriptAsRawText(ScriptEngine.java:119)
	at com.kms.katalon.core.main.TestCaseExecutor.runScript(TestCaseExecutor.java:337)
	at com.kms.katalon.core.main.TestCaseExecutor.doExecute(TestCaseExecutor.java:328)
	at com.kms.katalon.core.main.TestCaseExecutor.processExecutionPhase(TestCaseExecutor.java:307)
	at com.kms.katalon.core.main.TestCaseExecutor.accessMainPhase(TestCaseExecutor.java:299)
	at com.kms.katalon.core.main.TestCaseExecutor.execute(TestCaseExecutor.java:233)
	at com.kms.katalon.core.main.TestSuiteExecutor.accessTestCaseMainPhase(TestSuiteExecutor.java:169)
	at com.kms.katalon.core.main.TestSuiteExecutor.accessTestSuiteMainPhase(TestSuiteExecutor.java:142)
	at com.kms.katalon.core.main.TestSuiteExecutor.execute(TestSuiteExecutor.java:91)
	at com.kms.katalon.core.main.TestCaseMain.startTestSuite(TestCaseMain.java:157)
	at com.kms.katalon.core.main.TestCaseMain$startTestSuite$0.call(Unknown Source)
	at TempTestSuite1598019558913.run(TempTestSuite1598019558913.groovy:36)


2020-08-21 15:19:41 - [TEST_STEP][PASSED] - callTestCase(findTestCase("Folders/Should Go to Folderstable"), [:], OPTIONAL): Call Test Case 'Test Cases/Folders/Should Go to Folderstable' successfully

2020-08-21 15:19:41 - [TEST_CASE][PASSED] - Test Cases/Folders/Should Go to Folderstable: Test Cases/Folders/Should Go to Folderstable

2020-08-21 15:19:41 - [TEST_STEP][PASSED] - openBrowser(""): Browser is opened with url: ''

2020-08-21 15:19:41 - [MESSAGE][INFO] - Starting 'Firefox' driver

2020-08-21 15:19:44 - [MESSAGE][PASSED] - Browser is opened with url: ''

2020-08-21 15:19:44 - [TEST_STEP][PASSED] - navigateToUrl(URL): Navigate to 'https://lab.powerfolder.net:8666/login' successfully

2020-08-21 15:19:47 - [MESSAGE][PASSED] - Navigate to 'https://lab.powerfolder.net:8666/login' successfully

2020-08-21 15:19:47 - [TEST_STEP][PASSED] - assert getWindowTitle().equals("Login - PowerFolder"): Current window's title is: 'Login - PowerFolder'

2020-08-21 15:19:47 - [MESSAGE][PASSED] - Current window's title is: 'Login - PowerFolder'

2020-08-21 15:19:47 - [TEST_STEP][PASSED] - setText(findTestObject("Object Repository/Login/Page_Login - PowerFolder/input_register new account_Username"), Username): Text 'admin' is set on object 'Object Repository/Login/Page_Login - PowerFolder/input_register new account_Username'

2020-08-21 15:19:48 - [MESSAGE][PASSED] - Text 'admin' is set on object 'Object Repository/Login/Page_Login - PowerFolder/input_register new account_Username'

2020-08-21 15:19:48 - [TEST_STEP][PASSED] - click(findTestObject("Object Repository/Login/Page_Login - PowerFolder/input_register new account_Login")): Object: 'Object Repository/Login/Page_Login - PowerFolder/input_register new account_Login' is clicked on

2020-08-21 15:19:48 - [MESSAGE][PASSED] - Object: 'Object Repository/Login/Page_Login - PowerFolder/input_register new account_Login' is clicked on

2020-08-21 15:19:48 - [TEST_STEP][PASSED] - isPresent = waitForElementVisible(findTestObject("Object Repository/Login/Page_Login - PowerFolder/input_Recover password_Password"), 2): Object 'Object Repository/Login/Page_Login - PowerFolder/input_Recover password_Password' is visible

2020-08-21 15:19:49 - [MESSAGE][PASSED] - Object 'Object Repository/Login/Page_Login - PowerFolder/input_Recover password_Password' is visible

2020-08-21 15:19:49 - [TEST_STEP][PASSED] - assert isPresent: null

2020-08-21 15:19:49 - [TEST_STEP][PASSED] - setText(findTestObject("Object Repository/Login/Page_Login - PowerFolder/input_Recover password_Password"), Password): Text 'password' is set on object 'Object Repository/Login/Page_Login - PowerFolder/input_Recover password_Password'

2020-08-21 15:19:49 - [MESSAGE][PASSED] - Text 'password' is set on object 'Object Repository/Login/Page_Login - PowerFolder/input_Recover password_Password'

2020-08-21 15:19:49 - [TEST_STEP][PASSED] - click(findTestObject("Object Repository/Login/Page_Login - PowerFolder/input_register new account_Login")): Object: 'Object Repository/Login/Page_Login - PowerFolder/input_register new account_Login' is clicked on

2020-08-21 15:19:50 - [MESSAGE][PASSED] - Object: 'Object Repository/Login/Page_Login - PowerFolder/input_register new account_Login' is clicked on

2020-08-21 15:19:50 - [TEST_STEP][PASSED] - assert getWindowTitle().equals("Dashboard - PowerFolder"): Current window's title is: 'Dashboard - PowerFolder'

2020-08-21 15:19:50 - [MESSAGE][PASSED] - Current window's title is: 'Dashboard - PowerFolder'

2020-08-21 15:19:50 - [TEST_STEP][PASSED] - click(findTestObject("Object Repository/Folders/Page_Folders - PowerFolder/lang_Folders")): Object: 'Object Repository/Folders/Page_Folders - PowerFolder/lang_Folders' is clicked on

2020-08-21 15:19:51 - [MESSAGE][PASSED] - Object: 'Object Repository/Folders/Page_Folders - PowerFolder/lang_Folders' is clicked on

2020-08-21 15:19:51 - [TEST_STEP][PASSED] - assert getWindowTitle().equals("Folders - PowerFolder"): Current window's title is: 'Folders - PowerFolder'

2020-08-21 15:19:51 - [MESSAGE][PASSED] - Current window's title is: 'Folders - PowerFolder'

2020-08-21 15:19:51 - [MESSAGE][PASSED] - Call Test Case 'Test Cases/Folders/Should Go to Folderstable' successfully

2020-08-21 15:19:51 - [TEST_STEP][PASSED] - folderName = RandomStringUtils.random(9, true, true): null

2020-08-21 15:19:51 - [TEST_STEP][PASSED] - click(findTestObject("Object Repository/Share/Page_Folders - PowerFolder/span_Paste_pica-glyph glyphicons glyphicons_ca92f0")): Object: 'Object Repository/Share/Page_Folders - PowerFolder/span_Paste_pica-glyph glyphicons glyphicons_ca92f0' is clicked on

2020-08-21 15:19:53 - [MESSAGE][PASSED] - Object: 'Object Repository/Share/Page_Folders - PowerFolder/span_Paste_pica-glyph glyphicons glyphicons_ca92f0' is clicked on

2020-08-21 15:19:53 - [TEST_STEP][PASSED] - click(findTestObject("Object Repository/Share/Page_Folders - PowerFolder/a_Create Folder                            _852e7b")): Object: 'Object Repository/Share/Page_Folders - PowerFolder/a_Create Folder                            _852e7b' is clicked on

2020-08-21 15:19:53 - [MESSAGE][PASSED] - Object: 'Object Repository/Share/Page_Folders - PowerFolder/a_Create Folder                            _852e7b' is clicked on

2020-08-21 15:19:53 - [TEST_STEP][PASSED] - setText(findTestObject("Object Repository/Share/Page_Folders - PowerFolder/input_Create a new Folder_pencil"), folderName): Text 'xpEOHt8by' is set on object 'Object Repository/Share/Page_Folders - PowerFolder/input_Create a new Folder_pencil'

2020-08-21 15:19:54 - [MESSAGE][PASSED] - Text 'xpEOHt8by' is set on object 'Object Repository/Share/Page_Folders - PowerFolder/input_Create a new Folder_pencil'

2020-08-21 15:19:54 - [TEST_STEP][PASSED] - sendKeys(findTestObject("Object Repository/Share/Page_Folders - PowerFolder/input_Create a new Folder_pencil"), Keys.chord(ENTER)): Keys 'ENTER + ' sent to object: 'Object Repository/Share/Page_Folders - PowerFolder/input_Create a new Folder_pencil'

2020-08-21 15:19:54 - [MESSAGE][PASSED] - Keys 'ENTER + ' sent to object: 'Object Repository/Share/Page_Folders - PowerFolder/input_Create a new Folder_pencil'

2020-08-21 15:19:54 - [TEST_STEP][PASSED] - btn = share.ShareHelper.findShareButton(folderName): share.ShareHelper.findShareButton is PASSED

2020-08-21 15:19:56 - [MESSAGE][PASSED] - share.ShareHelper.findShareButton is PASSED

2020-08-21 15:19:56 - [TEST_STEP][PASSED] - executeJavaScript("arguments[0].click()", Arrays.asList(btn)): Execute JavaScript 'arguments[0].click()' successfully

2020-08-21 15:19:56 - [MESSAGE][PASSED] - Execute JavaScript 'arguments[0].click()' successfully

2020-08-21 15:19:56 - [TEST_STEP][PASSED] - mails = ${ -> ... }@a.com;${ -> ... }@b.com;${ -> ... }@c.com: null

2020-08-21 15:19:56 - [TEST_STEP][PASSED] - membersCount = share.ShareHelper.getMembersCount(): share.ShareHelper.getMembersCount is PASSED

2020-08-21 15:19:57 - [MESSAGE][PASSED] - share.ShareHelper.getMembersCount is PASSED

2020-08-21 15:19:57 - [TEST_STEP][PASSED] - setText(findTestObject("Object Repository/Share/Page_Folders - PowerFolder/input_Invite users and groups or create a l_797df6"), mails): Text 'xpEOHt8by@a.com;xpEOHt8by@b.com;xpEOHt8by@c.com' is set on object 'Object Repository/Share/Page_Folders - PowerFolder/input_Invite users and groups or create a l_797df6'

2020-08-21 15:19:57 - [MESSAGE][PASSED] - Text 'xpEOHt8by@a.com;xpEOHt8by@b.com;xpEOHt8by@c.com' is set on object 'Object Repository/Share/Page_Folders - PowerFolder/input_Invite users and groups or create a l_797df6'

2020-08-21 15:19:57 - [TEST_STEP][PASSED] - click(findTestObject("Object Repository/Share/Page_Folders - PowerFolder/button_Can administrate_pica-taginput-butto_3eb2fe")): Object: 'Object Repository/Share/Page_Folders - PowerFolder/button_Can administrate_pica-taginput-butto_3eb2fe' is clicked on

2020-08-21 15:19:57 - [MESSAGE][PASSED] - Object: 'Object Repository/Share/Page_Folders - PowerFolder/button_Can administrate_pica-taginput-butto_3eb2fe' is clicked on

2020-08-21 15:19:57 - [TEST_STEP][PASSED] - assert membersCount + 3 == share.ShareHelper.getMembersCount(): share.ShareHelper.getMembersCount is PASSED

2020-08-21 15:19:58 - [MESSAGE][PASSED] - share.ShareHelper.getMembersCount is PASSED]]></system-out>
         <system-err><![CDATA[2020-08-21 15:19:41 - [TEST_CASE][FAILED] - Test Cases/Share/Share Using plus button/Share folder with Multiple emails semi colon: Test Cases/Share/Share Using plus button/Share folder with Multiple emails semi colon FAILED.
Reason:
Assertion failed: 

assert membersCount+3 == CustomKeywords.'share.ShareHelper.getMembersCount'()
       |           |  |                 |
       0           3  false             0

	at Share folder with Multiple emails semi colon.run(Share folder with Multiple emails semi colon:50)
	at com.kms.katalon.core.main.ScriptEngine.run(ScriptEngine.java:194)
	at com.kms.katalon.core.main.ScriptEngine.runScriptAsRawText(ScriptEngine.java:119)
	at com.kms.katalon.core.main.TestCaseExecutor.runScript(TestCaseExecutor.java:337)
	at com.kms.katalon.core.main.TestCaseExecutor.doExecute(TestCaseExecutor.java:328)
	at com.kms.katalon.core.main.TestCaseExecutor.processExecutionPhase(TestCaseExecutor.java:307)
	at com.kms.katalon.core.main.TestCaseExecutor.accessMainPhase(TestCaseExecutor.java:299)
	at com.kms.katalon.core.main.TestCaseExecutor.execute(TestCaseExecutor.java:233)
	at com.kms.katalon.core.main.TestSuiteExecutor.accessTestCaseMainPhase(TestSuiteExecutor.java:169)
	at com.kms.katalon.core.main.TestSuiteExecutor.accessTestSuiteMainPhase(TestSuiteExecutor.java:142)
	at com.kms.katalon.core.main.TestSuiteExecutor.execute(TestSuiteExecutor.java:91)
	at com.kms.katalon.core.main.TestCaseMain.startTestSuite(TestCaseMain.java:157)
	at com.kms.katalon.core.main.TestCaseMain$startTestSuite$0.call(Unknown Source)
	at TempTestSuite1598019558913.run(TempTestSuite1598019558913.groovy:36)]]></system-err>
      </testcase>
      <testcase name="Test Cases/Share/Share Using plus button/Share folder with one email outlook format" time="21.266" classname="Test Cases/Share/Share Using plus button/Share folder with one email outlook format" status="PASSED">
         <system-out><![CDATA[2020-08-21 15:19:58 - [TEST_CASE][PASSED] - Test Cases/Share/Share Using plus button/Share folder with one email outlook format: Test Cases/Share/Share Using plus button/Share folder with one email outlook format

2020-08-21 15:19:58 - [TEST_STEP][PASSED] - callTestCase(findTestCase("Folders/Should Go to Folderstable"), [:], OPTIONAL): Call Test Case 'Test Cases/Folders/Should Go to Folderstable' successfully

2020-08-21 15:19:58 - [TEST_CASE][PASSED] - Test Cases/Folders/Should Go to Folderstable: Test Cases/Folders/Should Go to Folderstable

2020-08-21 15:19:58 - [TEST_STEP][PASSED] - openBrowser(""): Browser is opened with url: ''

2020-08-21 15:19:58 - [MESSAGE][WARNING] - A browser is already opened. Closing browser and opening a new one

2020-08-21 15:20:00 - [MESSAGE][INFO] - Starting 'Firefox' driver

2020-08-21 15:20:03 - [MESSAGE][PASSED] - Browser is opened with url: ''

2020-08-21 15:20:03 - [TEST_STEP][PASSED] - navigateToUrl(URL): Navigate to 'https://lab.powerfolder.net:8666/login' successfully

2020-08-21 15:20:06 - [MESSAGE][PASSED] - Navigate to 'https://lab.powerfolder.net:8666/login' successfully

2020-08-21 15:20:06 - [TEST_STEP][PASSED] - assert getWindowTitle().equals("Login - PowerFolder"): Current window's title is: 'Login - PowerFolder'

2020-08-21 15:20:06 - [MESSAGE][PASSED] - Current window's title is: 'Login - PowerFolder'

2020-08-21 15:20:06 - [TEST_STEP][PASSED] - setText(findTestObject("Object Repository/Login/Page_Login - PowerFolder/input_register new account_Username"), Username): Text 'admin' is set on object 'Object Repository/Login/Page_Login - PowerFolder/input_register new account_Username'

2020-08-21 15:20:06 - [MESSAGE][PASSED] - Text 'admin' is set on object 'Object Repository/Login/Page_Login - PowerFolder/input_register new account_Username'

2020-08-21 15:20:06 - [TEST_STEP][PASSED] - click(findTestObject("Object Repository/Login/Page_Login - PowerFolder/input_register new account_Login")): Object: 'Object Repository/Login/Page_Login - PowerFolder/input_register new account_Login' is clicked on

2020-08-21 15:20:07 - [MESSAGE][PASSED] - Object: 'Object Repository/Login/Page_Login - PowerFolder/input_register new account_Login' is clicked on

2020-08-21 15:20:07 - [TEST_STEP][PASSED] - isPresent = waitForElementVisible(findTestObject("Object Repository/Login/Page_Login - PowerFolder/input_Recover password_Password"), 2): Object 'Object Repository/Login/Page_Login - PowerFolder/input_Recover password_Password' is visible

2020-08-21 15:20:07 - [MESSAGE][PASSED] - Object 'Object Repository/Login/Page_Login - PowerFolder/input_Recover password_Password' is visible

2020-08-21 15:20:07 - [TEST_STEP][PASSED] - assert isPresent: null

2020-08-21 15:20:07 - [TEST_STEP][PASSED] - setText(findTestObject("Object Repository/Login/Page_Login - PowerFolder/input_Recover password_Password"), Password): Text 'password' is set on object 'Object Repository/Login/Page_Login - PowerFolder/input_Recover password_Password'

2020-08-21 15:20:08 - [MESSAGE][PASSED] - Text 'password' is set on object 'Object Repository/Login/Page_Login - PowerFolder/input_Recover password_Password'

2020-08-21 15:20:08 - [TEST_STEP][PASSED] - click(findTestObject("Object Repository/Login/Page_Login - PowerFolder/input_register new account_Login")): Object: 'Object Repository/Login/Page_Login - PowerFolder/input_register new account_Login' is clicked on

2020-08-21 15:20:09 - [MESSAGE][PASSED] - Object: 'Object Repository/Login/Page_Login - PowerFolder/input_register new account_Login' is clicked on

2020-08-21 15:20:09 - [TEST_STEP][PASSED] - assert getWindowTitle().equals("Dashboard - PowerFolder"): Current window's title is: 'Dashboard - PowerFolder'

2020-08-21 15:20:09 - [MESSAGE][PASSED] - Current window's title is: 'Dashboard - PowerFolder'

2020-08-21 15:20:09 - [TEST_STEP][PASSED] - click(findTestObject("Object Repository/Folders/Page_Folders - PowerFolder/lang_Folders")): Object: 'Object Repository/Folders/Page_Folders - PowerFolder/lang_Folders' is clicked on

2020-08-21 15:20:10 - [MESSAGE][PASSED] - Object: 'Object Repository/Folders/Page_Folders - PowerFolder/lang_Folders' is clicked on

2020-08-21 15:20:10 - [TEST_STEP][PASSED] - assert getWindowTitle().equals("Folders - PowerFolder"): Current window's title is: 'Folders - PowerFolder'

2020-08-21 15:20:10 - [MESSAGE][PASSED] - Current window's title is: 'Folders - PowerFolder'

2020-08-21 15:20:10 - [MESSAGE][PASSED] - Call Test Case 'Test Cases/Folders/Should Go to Folderstable' successfully

2020-08-21 15:20:10 - [TEST_STEP][PASSED] - folderName = RandomStringUtils.random(9, true, true): null

2020-08-21 15:20:10 - [TEST_STEP][PASSED] - click(findTestObject("Object Repository/Share/Page_Folders - PowerFolder/span_Paste_pica-glyph glyphicons glyphicons_ca92f0")): Object: 'Object Repository/Share/Page_Folders - PowerFolder/span_Paste_pica-glyph glyphicons glyphicons_ca92f0' is clicked on

2020-08-21 15:20:12 - [MESSAGE][PASSED] - Object: 'Object Repository/Share/Page_Folders - PowerFolder/span_Paste_pica-glyph glyphicons glyphicons_ca92f0' is clicked on

2020-08-21 15:20:12 - [TEST_STEP][PASSED] - click(findTestObject("Object Repository/Share/Page_Folders - PowerFolder/a_Create Folder                            _852e7b")): Object: 'Object Repository/Share/Page_Folders - PowerFolder/a_Create Folder                            _852e7b' is clicked on

2020-08-21 15:20:13 - [MESSAGE][PASSED] - Object: 'Object Repository/Share/Page_Folders - PowerFolder/a_Create Folder                            _852e7b' is clicked on

2020-08-21 15:20:13 - [TEST_STEP][PASSED] - setText(findTestObject("Object Repository/Share/Page_Folders - PowerFolder/input_Create a new Folder_pencil"), folderName): Text 'UN9Hmwl0z' is set on object 'Object Repository/Share/Page_Folders - PowerFolder/input_Create a new Folder_pencil'

2020-08-21 15:20:13 - [MESSAGE][PASSED] - Text 'UN9Hmwl0z' is set on object 'Object Repository/Share/Page_Folders - PowerFolder/input_Create a new Folder_pencil'

2020-08-21 15:20:13 - [TEST_STEP][PASSED] - sendKeys(findTestObject("Object Repository/Share/Page_Folders - PowerFolder/input_Create a new Folder_pencil"), Keys.chord(ENTER)): Keys 'ENTER + ' sent to object: 'Object Repository/Share/Page_Folders - PowerFolder/input_Create a new Folder_pencil'

2020-08-21 15:20:13 - [MESSAGE][PASSED] - Keys 'ENTER + ' sent to object: 'Object Repository/Share/Page_Folders - PowerFolder/input_Create a new Folder_pencil'

2020-08-21 15:20:13 - [TEST_STEP][PASSED] - btn = share.ShareHelper.findShareButton(folderName): share.ShareHelper.findShareButton is PASSED

2020-08-21 15:20:15 - [MESSAGE][PASSED] - share.ShareHelper.findShareButton is PASSED

2020-08-21 15:20:15 - [TEST_STEP][PASSED] - executeJavaScript("arguments[0].click()", Arrays.asList(btn)): Execute JavaScript 'arguments[0].click()' successfully

2020-08-21 15:20:15 - [MESSAGE][PASSED] - Execute JavaScript 'arguments[0].click()' successfully

2020-08-21 15:20:15 - [TEST_STEP][PASSED] - mail = ${ -> ... } <${ -> ... }@outlook.com>: null

2020-08-21 15:20:15 - [TEST_STEP][PASSED] - setText(findTestObject("Object Repository/Share/Page_Folders - PowerFolder/input_Invite users and groups or create a l_797df6"), mail): Text 'UN9Hmwl0z <UN9Hmwl0z@outlook.com>' is set on object 'Object Repository/Share/Page_Folders - PowerFolder/input_Invite users and groups or create a l_797df6'

2020-08-21 15:20:16 - [MESSAGE][PASSED] - Text 'UN9Hmwl0z <UN9Hmwl0z@outlook.com>' is set on object 'Object Repository/Share/Page_Folders - PowerFolder/input_Invite users and groups or create a l_797df6'

2020-08-21 15:20:16 - [TEST_STEP][PASSED] - click(findTestObject("Object Repository/Share/Page_Folders - PowerFolder/button_Can administrate_pica-taginput-butto_3eb2fe")): Object: 'Object Repository/Share/Page_Folders - PowerFolder/button_Can administrate_pica-taginput-butto_3eb2fe' is clicked on

2020-08-21 15:20:17 - [MESSAGE][PASSED] - Object: 'Object Repository/Share/Page_Folders - PowerFolder/button_Can administrate_pica-taginput-butto_3eb2fe' is clicked on

2020-08-21 15:20:17 - [TEST_STEP][PASSED] - verifyElementText(findTestObject("Object Repository/Share/Page_Folders - PowerFolder/td_usermailcom"), folderName): Actual text and expected text of test object 'Object Repository/Share/Page_Folders - PowerFolder/td_usermailcom' are matched.

2020-08-21 15:20:17 - [MESSAGE][PASSED] - Actual text and expected text of test object 'Object Repository/Share/Page_Folders - PowerFolder/td_usermailcom' are matched.

2020-08-21 15:20:17 - [TEST_STEP][PASSED] - closeBrowser(): Browser is closed

2020-08-21 15:20:20 - [MESSAGE][PASSED] - Browser is closed]]></system-out>
         <system-err><![CDATA[]]></system-err>
      </testcase>
      <testcase name="Test Cases/Share/Share Using plus button/Share folder with Multiple emails tabulation separator" time="18.538" classname="Test Cases/Share/Share Using plus button/Share folder with Multiple emails tabulation separator" status="FAILED">
         <failure type="FAILED" message="Test Cases/Share/Share Using plus button/Share folder with Multiple emails tabulation separator FAILED.
Reason:
Assertion failed: 

assert membersCount+3 == CustomKeywords.'share.ShareHelper.getMembersCount'()
       |           |  |                 |
       0           3  false             0

	at Share folder with Multiple emails tabulation separator.run(Share folder with Multiple emails tabulation separator:50)
	at com.kms.katalon.core.main.ScriptEngine.run(ScriptEngine.java:194)
	at com.kms.katalon.core.main.ScriptEngine.runScriptAsRawText(ScriptEngine.java:119)
	at com.kms.katalon.core.main.TestCaseExecutor.runScript(TestCaseExecutor.java:337)
	at com.kms.katalon.core.main.TestCaseExecutor.doExecute(TestCaseExecutor.java:328)
	at com.kms.katalon.core.main.TestCaseExecutor.processExecutionPhase(TestCaseExecutor.java:307)
	at com.kms.katalon.core.main.TestCaseExecutor.accessMainPhase(TestCaseExecutor.java:299)
	at com.kms.katalon.core.main.TestCaseExecutor.execute(TestCaseExecutor.java:233)
	at com.kms.katalon.core.main.TestSuiteExecutor.accessTestCaseMainPhase(TestSuiteExecutor.java:169)
	at com.kms.katalon.core.main.TestSuiteExecutor.accessTestSuiteMainPhase(TestSuiteExecutor.java:142)
	at com.kms.katalon.core.main.TestSuiteExecutor.execute(TestSuiteExecutor.java:91)
	at com.kms.katalon.core.main.TestCaseMain.startTestSuite(TestCaseMain.java:157)
	at com.kms.katalon.core.main.TestCaseMain$startTestSuite$0.call(Unknown Source)
	at TempTestSuite1598019558913.run(TempTestSuite1598019558913.groovy:36)
"/>
         <system-out><![CDATA[2020-08-21 15:20:20 - [TEST_CASE][FAILED] - Test Cases/Share/Share Using plus button/Share folder with Multiple emails tabulation separator: Test Cases/Share/Share Using plus button/Share folder with Multiple emails tabulation separator FAILED.
Reason:
Assertion failed: 

assert membersCount+3 == CustomKeywords.'share.ShareHelper.getMembersCount'()
       |           |  |                 |
       0           3  false             0

	at Share folder with Multiple emails tabulation separator.run(Share folder with Multiple emails tabulation separator:50)
	at com.kms.katalon.core.main.ScriptEngine.run(ScriptEngine.java:194)
	at com.kms.katalon.core.main.ScriptEngine.runScriptAsRawText(ScriptEngine.java:119)
	at com.kms.katalon.core.main.TestCaseExecutor.runScript(TestCaseExecutor.java:337)
	at com.kms.katalon.core.main.TestCaseExecutor.doExecute(TestCaseExecutor.java:328)
	at com.kms.katalon.core.main.TestCaseExecutor.processExecutionPhase(TestCaseExecutor.java:307)
	at com.kms.katalon.core.main.TestCaseExecutor.accessMainPhase(TestCaseExecutor.java:299)
	at com.kms.katalon.core.main.TestCaseExecutor.execute(TestCaseExecutor.java:233)
	at com.kms.katalon.core.main.TestSuiteExecutor.accessTestCaseMainPhase(TestSuiteExecutor.java:169)
	at com.kms.katalon.core.main.TestSuiteExecutor.accessTestSuiteMainPhase(TestSuiteExecutor.java:142)
	at com.kms.katalon.core.main.TestSuiteExecutor.execute(TestSuiteExecutor.java:91)
	at com.kms.katalon.core.main.TestCaseMain.startTestSuite(TestCaseMain.java:157)
	at com.kms.katalon.core.main.TestCaseMain$startTestSuite$0.call(Unknown Source)
	at TempTestSuite1598019558913.run(TempTestSuite1598019558913.groovy:36)


2020-08-21 15:20:20 - [TEST_STEP][PASSED] - callTestCase(findTestCase("Folders/Should Go to Folderstable"), [:], OPTIONAL): Call Test Case 'Test Cases/Folders/Should Go to Folderstable' successfully

2020-08-21 15:20:20 - [TEST_CASE][PASSED] - Test Cases/Folders/Should Go to Folderstable: Test Cases/Folders/Should Go to Folderstable

2020-08-21 15:20:20 - [TEST_STEP][PASSED] - openBrowser(""): Browser is opened with url: ''

2020-08-21 15:20:20 - [MESSAGE][INFO] - Starting 'Firefox' driver

2020-08-21 15:20:23 - [MESSAGE][PASSED] - Browser is opened with url: ''

2020-08-21 15:20:23 - [TEST_STEP][PASSED] - navigateToUrl(URL): Navigate to 'https://lab.powerfolder.net:8666/login' successfully

2020-08-21 15:20:26 - [MESSAGE][PASSED] - Navigate to 'https://lab.powerfolder.net:8666/login' successfully

2020-08-21 15:20:26 - [TEST_STEP][PASSED] - assert getWindowTitle().equals("Login - PowerFolder"): Current window's title is: 'Login - PowerFolder'

2020-08-21 15:20:26 - [MESSAGE][PASSED] - Current window's title is: 'Login - PowerFolder'

2020-08-21 15:20:26 - [TEST_STEP][PASSED] - setText(findTestObject("Object Repository/Login/Page_Login - PowerFolder/input_register new account_Username"), Username): Text 'admin' is set on object 'Object Repository/Login/Page_Login - PowerFolder/input_register new account_Username'

2020-08-21 15:20:27 - [MESSAGE][PASSED] - Text 'admin' is set on object 'Object Repository/Login/Page_Login - PowerFolder/input_register new account_Username'

2020-08-21 15:20:27 - [TEST_STEP][PASSED] - click(findTestObject("Object Repository/Login/Page_Login - PowerFolder/input_register new account_Login")): Object: 'Object Repository/Login/Page_Login - PowerFolder/input_register new account_Login' is clicked on

2020-08-21 15:20:27 - [MESSAGE][PASSED] - Object: 'Object Repository/Login/Page_Login - PowerFolder/input_register new account_Login' is clicked on

2020-08-21 15:20:27 - [TEST_STEP][PASSED] - isPresent = waitForElementVisible(findTestObject("Object Repository/Login/Page_Login - PowerFolder/input_Recover password_Password"), 2): Object 'Object Repository/Login/Page_Login - PowerFolder/input_Recover password_Password' is visible

2020-08-21 15:20:28 - [MESSAGE][PASSED] - Object 'Object Repository/Login/Page_Login - PowerFolder/input_Recover password_Password' is visible

2020-08-21 15:20:28 - [TEST_STEP][PASSED] - assert isPresent: null

2020-08-21 15:20:28 - [TEST_STEP][PASSED] - setText(findTestObject("Object Repository/Login/Page_Login - PowerFolder/input_Recover password_Password"), Password): Text 'password' is set on object 'Object Repository/Login/Page_Login - PowerFolder/input_Recover password_Password'

2020-08-21 15:20:28 - [MESSAGE][PASSED] - Text 'password' is set on object 'Object Repository/Login/Page_Login - PowerFolder/input_Recover password_Password'

2020-08-21 15:20:28 - [TEST_STEP][PASSED] - click(findTestObject("Object Repository/Login/Page_Login - PowerFolder/input_register new account_Login")): Object: 'Object Repository/Login/Page_Login - PowerFolder/input_register new account_Login' is clicked on

2020-08-21 15:20:29 - [MESSAGE][PASSED] - Object: 'Object Repository/Login/Page_Login - PowerFolder/input_register new account_Login' is clicked on

2020-08-21 15:20:29 - [TEST_STEP][PASSED] - assert getWindowTitle().equals("Dashboard - PowerFolder"): Current window's title is: 'Dashboard - PowerFolder'

2020-08-21 15:20:29 - [MESSAGE][PASSED] - Current window's title is: 'Dashboard - PowerFolder'

2020-08-21 15:20:29 - [TEST_STEP][PASSED] - click(findTestObject("Object Repository/Folders/Page_Folders - PowerFolder/lang_Folders")): Object: 'Object Repository/Folders/Page_Folders - PowerFolder/lang_Folders' is clicked on

2020-08-21 15:20:31 - [MESSAGE][PASSED] - Object: 'Object Repository/Folders/Page_Folders - PowerFolder/lang_Folders' is clicked on

2020-08-21 15:20:31 - [TEST_STEP][PASSED] - assert getWindowTitle().equals("Folders - PowerFolder"): Current window's title is: 'Folders - PowerFolder'

2020-08-21 15:20:31 - [MESSAGE][PASSED] - Current window's title is: 'Folders - PowerFolder'

2020-08-21 15:20:31 - [MESSAGE][PASSED] - Call Test Case 'Test Cases/Folders/Should Go to Folderstable' successfully

2020-08-21 15:20:31 - [TEST_STEP][PASSED] - folderName = RandomStringUtils.random(9, true, true): null

2020-08-21 15:20:31 - [TEST_STEP][PASSED] - click(findTestObject("Object Repository/Share/Page_Folders - PowerFolder/span_Paste_pica-glyph glyphicons glyphicons_ca92f0")): Object: 'Object Repository/Share/Page_Folders - PowerFolder/span_Paste_pica-glyph glyphicons glyphicons_ca92f0' is clicked on

2020-08-21 15:20:32 - [MESSAGE][PASSED] - Object: 'Object Repository/Share/Page_Folders - PowerFolder/span_Paste_pica-glyph glyphicons glyphicons_ca92f0' is clicked on

2020-08-21 15:20:32 - [TEST_STEP][PASSED] - click(findTestObject("Object Repository/Share/Page_Folders - PowerFolder/a_Create Folder                            _852e7b")): Object: 'Object Repository/Share/Page_Folders - PowerFolder/a_Create Folder                            _852e7b' is clicked on

2020-08-21 15:20:33 - [MESSAGE][PASSED] - Object: 'Object Repository/Share/Page_Folders - PowerFolder/a_Create Folder                            _852e7b' is clicked on

2020-08-21 15:20:33 - [TEST_STEP][PASSED] - setText(findTestObject("Object Repository/Share/Page_Folders - PowerFolder/input_Create a new Folder_pencil"), folderName): Text 'k4bfpLLv1' is set on object 'Object Repository/Share/Page_Folders - PowerFolder/input_Create a new Folder_pencil'

2020-08-21 15:20:33 - [MESSAGE][PASSED] - Text 'k4bfpLLv1' is set on object 'Object Repository/Share/Page_Folders - PowerFolder/input_Create a new Folder_pencil'

2020-08-21 15:20:33 - [TEST_STEP][PASSED] - sendKeys(findTestObject("Object Repository/Share/Page_Folders - PowerFolder/input_Create a new Folder_pencil"), Keys.chord(ENTER)): Keys 'ENTER + ' sent to object: 'Object Repository/Share/Page_Folders - PowerFolder/input_Create a new Folder_pencil'

2020-08-21 15:20:34 - [MESSAGE][PASSED] - Keys 'ENTER + ' sent to object: 'Object Repository/Share/Page_Folders - PowerFolder/input_Create a new Folder_pencil'

2020-08-21 15:20:34 - [TEST_STEP][PASSED] - btn = share.ShareHelper.findShareButton(folderName): share.ShareHelper.findShareButton is PASSED

2020-08-21 15:20:35 - [MESSAGE][PASSED] - share.ShareHelper.findShareButton is PASSED

2020-08-21 15:20:35 - [TEST_STEP][PASSED] - executeJavaScript("arguments[0].click()", Arrays.asList(btn)): Execute JavaScript 'arguments[0].click()' successfully

2020-08-21 15:20:35 - [MESSAGE][PASSED] - Execute JavaScript 'arguments[0].click()' successfully

2020-08-21 15:20:35 - [TEST_STEP][PASSED] - mails = a_${ -> ... }@a.com	b_${ -> ... }@b.com	c_${ -> ... }@c.com: null

2020-08-21 15:20:35 - [TEST_STEP][PASSED] - membersCount = share.ShareHelper.getMembersCount(): share.ShareHelper.getMembersCount is PASSED

2020-08-21 15:20:36 - [MESSAGE][PASSED] - share.ShareHelper.getMembersCount is PASSED

2020-08-21 15:20:36 - [TEST_STEP][PASSED] - setText(findTestObject("Object Repository/Share/Page_Folders - PowerFolder/input_Invite users and groups or create a l_797df6"), mails): Text 'a_k4bfpLLv1@a.com	b_k4bfpLLv1@b.com	c_k4bfpLLv1@c.com' is set on object 'Object Repository/Share/Page_Folders - PowerFolder/input_Invite users and groups or create a l_797df6'

2020-08-21 15:20:37 - [MESSAGE][PASSED] - Text 'a_k4bfpLLv1@a.com	b_k4bfpLLv1@b.com	c_k4bfpLLv1@c.com' is set on object 'Object Repository/Share/Page_Folders - PowerFolder/input_Invite users and groups or create a l_797df6'

2020-08-21 15:20:37 - [TEST_STEP][PASSED] - click(findTestObject("Object Repository/Share/Page_Folders - PowerFolder/button_Can administrate_pica-taginput-butto_3eb2fe")): Object: 'Object Repository/Share/Page_Folders - PowerFolder/button_Can administrate_pica-taginput-butto_3eb2fe' is clicked on

2020-08-21 15:20:37 - [MESSAGE][PASSED] - Object: 'Object Repository/Share/Page_Folders - PowerFolder/button_Can administrate_pica-taginput-butto_3eb2fe' is clicked on

2020-08-21 15:20:37 - [TEST_STEP][PASSED] - assert membersCount + 3 == share.ShareHelper.getMembersCount(): share.ShareHelper.getMembersCount is PASSED

2020-08-21 15:20:38 - [MESSAGE][PASSED] - share.ShareHelper.getMembersCount is PASSED]]></system-out>
         <system-err><![CDATA[2020-08-21 15:20:20 - [TEST_CASE][FAILED] - Test Cases/Share/Share Using plus button/Share folder with Multiple emails tabulation separator: Test Cases/Share/Share Using plus button/Share folder with Multiple emails tabulation separator FAILED.
Reason:
Assertion failed: 

assert membersCount+3 == CustomKeywords.'share.ShareHelper.getMembersCount'()
       |           |  |                 |
       0           3  false             0

	at Share folder with Multiple emails tabulation separator.run(Share folder with Multiple emails tabulation separator:50)
	at com.kms.katalon.core.main.ScriptEngine.run(ScriptEngine.java:194)
	at com.kms.katalon.core.main.ScriptEngine.runScriptAsRawText(ScriptEngine.java:119)
	at com.kms.katalon.core.main.TestCaseExecutor.runScript(TestCaseExecutor.java:337)
	at com.kms.katalon.core.main.TestCaseExecutor.doExecute(TestCaseExecutor.java:328)
	at com.kms.katalon.core.main.TestCaseExecutor.processExecutionPhase(TestCaseExecutor.java:307)
	at com.kms.katalon.core.main.TestCaseExecutor.accessMainPhase(TestCaseExecutor.java:299)
	at com.kms.katalon.core.main.TestCaseExecutor.execute(TestCaseExecutor.java:233)
	at com.kms.katalon.core.main.TestSuiteExecutor.accessTestCaseMainPhase(TestSuiteExecutor.java:169)
	at com.kms.katalon.core.main.TestSuiteExecutor.accessTestSuiteMainPhase(TestSuiteExecutor.java:142)
	at com.kms.katalon.core.main.TestSuiteExecutor.execute(TestSuiteExecutor.java:91)
	at com.kms.katalon.core.main.TestCaseMain.startTestSuite(TestCaseMain.java:157)
	at com.kms.katalon.core.main.TestCaseMain$startTestSuite$0.call(Unknown Source)
	at TempTestSuite1598019558913.run(TempTestSuite1598019558913.groovy:36)]]></system-err>
      </testcase>
      <testcase name="Test Cases/Share/Share Using plus button/Share Folder With Group" time="24.423" classname="Test Cases/Share/Share Using plus button/Share Folder With Group" status="ERROR">
         <error type="ERROR" message="Test Cases/Share/Share Using plus button/Share Folder With Group FAILED.
Reason:
org.openqa.selenium.NoSuchElementException: Unable to locate element: //table[@id='files_files_table']/tbody/tr/td[2]/a[contains(text(),'YlFb1XvVB')]/../../td[6]/a
For documentation on this error, please visit: https://www.seleniumhq.org/exceptions/no_such_element.html
Build info: version: '3.141.59', revision: 'e82be7d358', time: '2018-11-14T08:25:53'
System info: host: 'MacBook-Pro-di-mac.local', ip: 'fe80:0:0:0:ca8:b2f6:3082:738c%en0', os.name: 'Mac OS X', os.arch: 'x86_64', os.version: '10.15.6', java.version: '1.8.0_181'
Driver info: com.kms.katalon.core.webui.driver.firefox.CGeckoDriver
Capabilities {acceptInsecureCerts: true, browserName: firefox, browserVersion: 79.0, javascriptEnabled: true, moz:accessibilityChecks: false, moz:buildID: 20200720193547, moz:geckodriverVersion: 0.23.0, moz:headless: false, moz:processID: 2063, moz:profile: /var/folders/5c/kwwyrlhd2mq..., moz:shutdownTimeout: 60000, moz:useNonSpecCompliantPointerOrigin: false, moz:webdriverClick: true, pageLoadStrategy: normal, platform: MAC, platformName: MAC, platformVersion: 19.6.0, proxy: Proxy(direct), rotatable: false, setWindowRect: true, strictFileInteractability: false, timeouts: {implicit: 0, pageLoad: 300000, script: 30000}, unhandledPromptBehavior: dismiss and notify}
Session ID: f7a71a6e-1299-294a-b2d0-be9aa3cfaf7f
*** Element info: {Using=xpath, value=//table[@id='files_files_table']/tbody/tr/td[2]/a[contains(text(),'YlFb1XvVB')]/../../td[6]/a}
	at org.openqa.selenium.remote.http.W3CHttpResponseCodec.createException(W3CHttpResponseCodec.java:187)
	at org.openqa.selenium.remote.http.W3CHttpResponseCodec.decode(W3CHttpResponseCodec.java:122)
	at org.openqa.selenium.remote.http.W3CHttpResponseCodec.decode(W3CHttpResponseCodec.java:49)
	at org.openqa.selenium.remote.HttpCommandExecutor.execute(HttpCommandExecutor.java:158)
	at org.openqa.selenium.remote.service.DriverCommandExecutor.execute(DriverCommandExecutor.java:83)
	at org.openqa.selenium.remote.RemoteWebDriver.execute(RemoteWebDriver.java:552)
	at com.kms.katalon.selenium.driver.CFirefoxDriver.execute(CFirefoxDriver.java:27)
	at org.openqa.selenium.remote.RemoteWebDriver.findElement(RemoteWebDriver.java:323)
	at org.openqa.selenium.remote.RemoteWebDriver.findElementByXPath(RemoteWebDriver.java:428)
	at org.openqa.selenium.By$ByXPath.findElement(By.java:353)
	at org.openqa.selenium.remote.RemoteWebDriver.findElement(RemoteWebDriver.java:315)
	at org.openqa.selenium.support.events.EventFiringWebDriver.lambda$new$1(EventFiringWebDriver.java:105)
	at com.sun.proxy.$Proxy9.findElement(Unknown Source)
	at org.openqa.selenium.support.events.EventFiringWebDriver.findElement(EventFiringWebDriver.java:194)
	at org.openqa.selenium.WebDriver$findElement.call(Unknown Source)
	at share.ShareHelper.findShareButton(ShareHelper.groovy:41)
	at share.ShareHelper.invokeMethod(ShareHelper.groovy)
	at com.kms.katalon.core.main.CustomKeywordDelegatingMetaClass.invokeStaticMethod(CustomKeywordDelegatingMetaClass.java:50)
	at Share Folder With Group.run(Share Folder With Group:48)
	at com.kms.katalon.core.main.ScriptEngine.run(ScriptEngine.java:194)
	at com.kms.katalon.core.main.ScriptEngine.runScriptAsRawText(ScriptEngine.java:119)
	at com.kms.katalon.core.main.TestCaseExecutor.runScript(TestCaseExecutor.java:337)
	at com.kms.katalon.core.main.TestCaseExecutor.doExecute(TestCaseExecutor.java:328)
	at com.kms.katalon.core.main.TestCaseExecutor.processExecutionPhase(TestCaseExecutor.java:307)
	at com.kms.katalon.core.main.TestCaseExecutor.accessMainPhase(TestCaseExecutor.java:299)
	at com.kms.katalon.core.main.TestCaseExecutor.execute(TestCaseExecutor.java:233)
	at com.kms.katalon.core.main.TestSuiteExecutor.accessTestCaseMainPhase(TestSuiteExecutor.java:169)
	at com.kms.katalon.core.main.TestSuiteExecutor.accessTestSuiteMainPhase(TestSuiteExecutor.java:142)
	at com.kms.katalon.core.main.TestSuiteExecutor.execute(TestSuiteExecutor.java:91)
	at com.kms.katalon.core.main.TestCaseMain.startTestSuite(TestCaseMain.java:157)
	at com.kms.katalon.core.main.TestCaseMain$startTestSuite$0.call(Unknown Source)
	at TempTestSuite1598019558913.run(TempTestSuite1598019558913.groovy:36)
"/>
         <system-out><![CDATA[2020-08-21 15:20:38 - [TEST_CASE][ERROR] - Test Cases/Share/Share Using plus button/Share Folder With Group: Test Cases/Share/Share Using plus button/Share Folder With Group FAILED.
Reason:
org.openqa.selenium.NoSuchElementException: Unable to locate element: //table[@id='files_files_table']/tbody/tr/td[2]/a[contains(text(),'YlFb1XvVB')]/../../td[6]/a
For documentation on this error, please visit: https://www.seleniumhq.org/exceptions/no_such_element.html
Build info: version: '3.141.59', revision: 'e82be7d358', time: '2018-11-14T08:25:53'
System info: host: 'MacBook-Pro-di-mac.local', ip: 'fe80:0:0:0:ca8:b2f6:3082:738c%en0', os.name: 'Mac OS X', os.arch: 'x86_64', os.version: '10.15.6', java.version: '1.8.0_181'
Driver info: com.kms.katalon.core.webui.driver.firefox.CGeckoDriver
Capabilities {acceptInsecureCerts: true, browserName: firefox, browserVersion: 79.0, javascriptEnabled: true, moz:accessibilityChecks: false, moz:buildID: 20200720193547, moz:geckodriverVersion: 0.23.0, moz:headless: false, moz:processID: 2063, moz:profile: /var/folders/5c/kwwyrlhd2mq..., moz:shutdownTimeout: 60000, moz:useNonSpecCompliantPointerOrigin: false, moz:webdriverClick: true, pageLoadStrategy: normal, platform: MAC, platformName: MAC, platformVersion: 19.6.0, proxy: Proxy(direct), rotatable: false, setWindowRect: true, strictFileInteractability: false, timeouts: {implicit: 0, pageLoad: 300000, script: 30000}, unhandledPromptBehavior: dismiss and notify}
Session ID: f7a71a6e-1299-294a-b2d0-be9aa3cfaf7f
*** Element info: {Using=xpath, value=//table[@id='files_files_table']/tbody/tr/td[2]/a[contains(text(),'YlFb1XvVB')]/../../td[6]/a}
	at org.openqa.selenium.remote.http.W3CHttpResponseCodec.createException(W3CHttpResponseCodec.java:187)
	at org.openqa.selenium.remote.http.W3CHttpResponseCodec.decode(W3CHttpResponseCodec.java:122)
	at org.openqa.selenium.remote.http.W3CHttpResponseCodec.decode(W3CHttpResponseCodec.java:49)
	at org.openqa.selenium.remote.HttpCommandExecutor.execute(HttpCommandExecutor.java:158)
	at org.openqa.selenium.remote.service.DriverCommandExecutor.execute(DriverCommandExecutor.java:83)
	at org.openqa.selenium.remote.RemoteWebDriver.execute(RemoteWebDriver.java:552)
	at com.kms.katalon.selenium.driver.CFirefoxDriver.execute(CFirefoxDriver.java:27)
	at org.openqa.selenium.remote.RemoteWebDriver.findElement(RemoteWebDriver.java:323)
	at org.openqa.selenium.remote.RemoteWebDriver.findElementByXPath(RemoteWebDriver.java:428)
	at org.openqa.selenium.By$ByXPath.findElement(By.java:353)
	at org.openqa.selenium.remote.RemoteWebDriver.findElement(RemoteWebDriver.java:315)
	at org.openqa.selenium.support.events.EventFiringWebDriver.lambda$new$1(EventFiringWebDriver.java:105)
	at com.sun.proxy.$Proxy9.findElement(Unknown Source)
	at org.openqa.selenium.support.events.EventFiringWebDriver.findElement(EventFiringWebDriver.java:194)
	at org.openqa.selenium.WebDriver$findElement.call(Unknown Source)
	at share.ShareHelper.findShareButton(ShareHelper.groovy:41)
	at share.ShareHelper.invokeMethod(ShareHelper.groovy)
	at com.kms.katalon.core.main.CustomKeywordDelegatingMetaClass.invokeStaticMethod(CustomKeywordDelegatingMetaClass.java:50)
	at Share Folder With Group.run(Share Folder With Group:48)
	at com.kms.katalon.core.main.ScriptEngine.run(ScriptEngine.java:194)
	at com.kms.katalon.core.main.ScriptEngine.runScriptAsRawText(ScriptEngine.java:119)
	at com.kms.katalon.core.main.TestCaseExecutor.runScript(TestCaseExecutor.java:337)
	at com.kms.katalon.core.main.TestCaseExecutor.doExecute(TestCaseExecutor.java:328)
	at com.kms.katalon.core.main.TestCaseExecutor.processExecutionPhase(TestCaseExecutor.java:307)
	at com.kms.katalon.core.main.TestCaseExecutor.accessMainPhase(TestCaseExecutor.java:299)
	at com.kms.katalon.core.main.TestCaseExecutor.execute(TestCaseExecutor.java:233)
	at com.kms.katalon.core.main.TestSuiteExecutor.accessTestCaseMainPhase(TestSuiteExecutor.java:169)
	at com.kms.katalon.core.main.TestSuiteExecutor.accessTestSuiteMainPhase(TestSuiteExecutor.java:142)
	at com.kms.katalon.core.main.TestSuiteExecutor.execute(TestSuiteExecutor.java:91)
	at com.kms.katalon.core.main.TestCaseMain.startTestSuite(TestCaseMain.java:157)
	at com.kms.katalon.core.main.TestCaseMain$startTestSuite$0.call(Unknown Source)
	at TempTestSuite1598019558913.run(TempTestSuite1598019558913.groovy:36)


2020-08-21 15:20:38 - [TEST_STEP][PASSED] - callTestCase(findTestCase("Folders/Should Go to Folderstable"), [:], OPTIONAL): Call Test Case 'Test Cases/Folders/Should Go to Folderstable' successfully

2020-08-21 15:20:38 - [TEST_CASE][PASSED] - Test Cases/Folders/Should Go to Folderstable: Test Cases/Folders/Should Go to Folderstable

2020-08-21 15:20:38 - [TEST_STEP][PASSED] - openBrowser(""): Browser is opened with url: ''

2020-08-21 15:20:38 - [MESSAGE][WARNING] - A browser is already opened. Closing browser and opening a new one

2020-08-21 15:20:40 - [MESSAGE][INFO] - Starting 'Firefox' driver

2020-08-21 15:20:43 - [MESSAGE][PASSED] - Browser is opened with url: ''

2020-08-21 15:20:43 - [TEST_STEP][PASSED] - navigateToUrl(URL): Navigate to 'https://lab.powerfolder.net:8666/login' successfully

2020-08-21 15:20:46 - [MESSAGE][PASSED] - Navigate to 'https://lab.powerfolder.net:8666/login' successfully

2020-08-21 15:20:46 - [TEST_STEP][PASSED] - assert getWindowTitle().equals("Login - PowerFolder"): Current window's title is: 'Login - PowerFolder'

2020-08-21 15:20:46 - [MESSAGE][PASSED] - Current window's title is: 'Login - PowerFolder'

2020-08-21 15:20:46 - [TEST_STEP][PASSED] - setText(findTestObject("Object Repository/Login/Page_Login - PowerFolder/input_register new account_Username"), Username): Text 'admin' is set on object 'Object Repository/Login/Page_Login - PowerFolder/input_register new account_Username'

2020-08-21 15:20:46 - [MESSAGE][PASSED] - Text 'admin' is set on object 'Object Repository/Login/Page_Login - PowerFolder/input_register new account_Username'

2020-08-21 15:20:46 - [TEST_STEP][PASSED] - click(findTestObject("Object Repository/Login/Page_Login - PowerFolder/input_register new account_Login")): Object: 'Object Repository/Login/Page_Login - PowerFolder/input_register new account_Login' is clicked on

2020-08-21 15:20:47 - [MESSAGE][PASSED] - Object: 'Object Repository/Login/Page_Login - PowerFolder/input_register new account_Login' is clicked on

2020-08-21 15:20:47 - [TEST_STEP][PASSED] - isPresent = waitForElementVisible(findTestObject("Object Repository/Login/Page_Login - PowerFolder/input_Recover password_Password"), 2): Object 'Object Repository/Login/Page_Login - PowerFolder/input_Recover password_Password' is visible

2020-08-21 15:20:47 - [MESSAGE][PASSED] - Object 'Object Repository/Login/Page_Login - PowerFolder/input_Recover password_Password' is visible

2020-08-21 15:20:47 - [TEST_STEP][PASSED] - assert isPresent: null

2020-08-21 15:20:47 - [TEST_STEP][PASSED] - setText(findTestObject("Object Repository/Login/Page_Login - PowerFolder/input_Recover password_Password"), Password): Text 'password' is set on object 'Object Repository/Login/Page_Login - PowerFolder/input_Recover password_Password'

2020-08-21 15:20:48 - [MESSAGE][PASSED] - Text 'password' is set on object 'Object Repository/Login/Page_Login - PowerFolder/input_Recover password_Password'

2020-08-21 15:20:48 - [TEST_STEP][PASSED] - click(findTestObject("Object Repository/Login/Page_Login - PowerFolder/input_register new account_Login")): Object: 'Object Repository/Login/Page_Login - PowerFolder/input_register new account_Login' is clicked on

2020-08-21 15:20:49 - [MESSAGE][PASSED] - Object: 'Object Repository/Login/Page_Login - PowerFolder/input_register new account_Login' is clicked on

2020-08-21 15:20:49 - [TEST_STEP][PASSED] - assert getWindowTitle().equals("Dashboard - PowerFolder"): Current window's title is: 'Dashboard - PowerFolder'

2020-08-21 15:20:49 - [MESSAGE][PASSED] - Current window's title is: 'Dashboard - PowerFolder'

2020-08-21 15:20:49 - [TEST_STEP][PASSED] - click(findTestObject("Object Repository/Folders/Page_Folders - PowerFolder/lang_Folders")): Object: 'Object Repository/Folders/Page_Folders - PowerFolder/lang_Folders' is clicked on

2020-08-21 15:20:51 - [MESSAGE][PASSED] - Object: 'Object Repository/Folders/Page_Folders - PowerFolder/lang_Folders' is clicked on

2020-08-21 15:20:51 - [TEST_STEP][PASSED] - assert getWindowTitle().equals("Folders - PowerFolder"): Current window's title is: 'Folders - PowerFolder'

2020-08-21 15:20:51 - [MESSAGE][PASSED] - Current window's title is: 'Folders - PowerFolder'

2020-08-21 15:20:51 - [MESSAGE][PASSED] - Call Test Case 'Test Cases/Folders/Should Go to Folderstable' successfully

2020-08-21 15:20:51 - [TEST_STEP][PASSED] - folderName = RandomStringUtils.random(9, true, true): null

2020-08-21 15:20:51 - [TEST_STEP][PASSED] - click(findTestObject("Object Repository/Share/Page_Folders - PowerFolder/span_Paste_pica-glyph glyphicons glyphicons_ca92f0")): Object: 'Object Repository/Share/Page_Folders - PowerFolder/span_Paste_pica-glyph glyphicons glyphicons_ca92f0' is clicked on

2020-08-21 15:20:53 - [MESSAGE][PASSED] - Object: 'Object Repository/Share/Page_Folders - PowerFolder/span_Paste_pica-glyph glyphicons glyphicons_ca92f0' is clicked on

2020-08-21 15:20:53 - [TEST_STEP][PASSED] - click(findTestObject("Object Repository/Share/Page_Folders - PowerFolder/a_Create Folder                            _852e7b")): Object: 'Object Repository/Share/Page_Folders - PowerFolder/a_Create Folder                            _852e7b' is clicked on

2020-08-21 15:20:53 - [MESSAGE][PASSED] - Object: 'Object Repository/Share/Page_Folders - PowerFolder/a_Create Folder                            _852e7b' is clicked on

2020-08-21 15:20:53 - [TEST_STEP][PASSED] - setText(findTestObject("Object Repository/Share/Page_Folders - PowerFolder/input_Create a new Folder_pencil"), folderName): Text 'YlFb1XvVB' is set on object 'Object Repository/Share/Page_Folders - PowerFolder/input_Create a new Folder_pencil'

2020-08-21 15:20:54 - [MESSAGE][PASSED] - Text 'YlFb1XvVB' is set on object 'Object Repository/Share/Page_Folders - PowerFolder/input_Create a new Folder_pencil'

2020-08-21 15:20:54 - [TEST_STEP][PASSED] - sendKeys(findTestObject("Object Repository/Share/Page_Folders - PowerFolder/input_Create a new Folder_pencil"), Keys.chord(ENTER)): Keys 'ENTER + ' sent to object: 'Object Repository/Share/Page_Folders - PowerFolder/input_Create a new Folder_pencil'

2020-08-21 15:20:54 - [MESSAGE][PASSED] - Keys 'ENTER + ' sent to object: 'Object Repository/Share/Page_Folders - PowerFolder/input_Create a new Folder_pencil'

2020-08-21 15:20:54 - [TEST_STEP][PASSED] - click(findTestObject("Object Repository/Folders/Page_Dashboard - PowerFolder/lang_Groups")): Object: 'Object Repository/Folders/Page_Dashboard - PowerFolder/lang_Groups' is clicked on

2020-08-21 15:20:56 - [MESSAGE][PASSED] - Object: 'Object Repository/Folders/Page_Dashboard - PowerFolder/lang_Groups' is clicked on

2020-08-21 15:20:56 - [TEST_STEP][PASSED] - click(findTestObject("Object Repository/Share/Page_Groups - PowerFolder/span_Log out_pica-icon pica-glyph glyphicon_0824b5")): Object: 'Object Repository/Share/Page_Groups - PowerFolder/span_Log out_pica-icon pica-glyph glyphicon_0824b5' is clicked on

2020-08-21 15:20:57 - [MESSAGE][PASSED] - Object: 'Object Repository/Share/Page_Groups - PowerFolder/span_Log out_pica-icon pica-glyph glyphicon_0824b5' is clicked on

2020-08-21 15:20:57 - [TEST_STEP][PASSED] - setText(findTestObject("Object Repository/Share/Page_Groups - PowerFolder/input_Organizations_pica_group_name"), Group_${ -> ... }): Text 'Group_YlFb1XvVB' is set on object 'Object Repository/Share/Page_Groups - PowerFolder/input_Organizations_pica_group_name'

2020-08-21 15:20:58 - [MESSAGE][PASSED] - Text 'Group_YlFb1XvVB' is set on object 'Object Repository/Share/Page_Groups - PowerFolder/input_Organizations_pica_group_name'

2020-08-21 15:20:58 - [TEST_STEP][PASSED] - click(findTestObject("Object Repository/Share/Page_Groups - PowerFolder/lang_Save")): Object: 'Object Repository/Share/Page_Groups - PowerFolder/lang_Save' is clicked on

2020-08-21 15:20:58 - [MESSAGE][PASSED] - Object: 'Object Repository/Share/Page_Groups - PowerFolder/lang_Save' is clicked on

2020-08-21 15:20:58 - [TEST_STEP][PASSED] - click(findTestObject("Object Repository/Folders/Page_Folders - PowerFolder/lang_Folders")): Object: 'Object Repository/Folders/Page_Folders - PowerFolder/lang_Folders' is clicked on

2020-08-21 15:21:01 - [MESSAGE][PASSED] - Object: 'Object Repository/Folders/Page_Folders - PowerFolder/lang_Folders' is clicked on

2020-08-21 15:21:01 - [TEST_STEP][PASSED] - assert getWindowTitle().equals("Folders - PowerFolder"): Current window's title is: 'Folders - PowerFolder'

2020-08-21 15:21:01 - [MESSAGE][PASSED] - Current window's title is: 'Folders - PowerFolder'

2020-08-21 15:21:01 - [TEST_STEP][ERROR] - btn = share.ShareHelper.findShareButton(folderName): Unable to locate element: //table[@id='files_files_table']/tbody/tr/td[2]/a[contains(text(),'YlFb1XvVB')]/../../td[6]/a
For documentation on this error, please visit: https://www.seleniumhq.org/exceptions/no_such_element.html
Build info: version: '3.141.59', revision: 'e82be7d358', time: '2018-11-14T08:25:53'
System info: host: 'MacBook-Pro-di-mac.local', ip: 'fe80:0:0:0:ca8:b2f6:3082:738c%en0', os.name: 'Mac OS X', os.arch: 'x86_64', os.version: '10.15.6', java.version: '1.8.0_181'
Driver info: com.kms.katalon.core.webui.driver.firefox.CGeckoDriver
Capabilities {acceptInsecureCerts: true, browserName: firefox, browserVersion: 79.0, javascriptEnabled: true, moz:accessibilityChecks: false, moz:buildID: 20200720193547, moz:geckodriverVersion: 0.23.0, moz:headless: false, moz:processID: 2063, moz:profile: /var/folders/5c/kwwyrlhd2mq..., moz:shutdownTimeout: 60000, moz:useNonSpecCompliantPointerOrigin: false, moz:webdriverClick: true, pageLoadStrategy: normal, platform: MAC, platformName: MAC, platformVersion: 19.6.0, proxy: Proxy(direct), rotatable: false, setWindowRect: true, strictFileInteractability: false, timeouts: {implicit: 0, pageLoad: 300000, script: 30000}, unhandledPromptBehavior: dismiss and notify}
Session ID: f7a71a6e-1299-294a-b2d0-be9aa3cfaf7f
*** Element info: {Using=xpath, value=//table[@id='files_files_table']/tbody/tr/td[2]/a[contains(text(),'YlFb1XvVB')]/../../td[6]/a}

2020-08-21 15:21:02 - [MESSAGE][ERROR] - Unable to locate element: //table[@id='files_files_table']/tbody/tr/td[2]/a[contains(text(),'YlFb1XvVB')]/../../td[6]/a
For documentation on this error, please visit: https://www.seleniumhq.org/exceptions/no_such_element.html
Build info: version: '3.141.59', revision: 'e82be7d358', time: '2018-11-14T08:25:53'
System info: host: 'MacBook-Pro-di-mac.local', ip: 'fe80:0:0:0:ca8:b2f6:3082:738c%en0', os.name: 'Mac OS X', os.arch: 'x86_64', os.version: '10.15.6', java.version: '1.8.0_181'
Driver info: com.kms.katalon.core.webui.driver.firefox.CGeckoDriver
Capabilities {acceptInsecureCerts: true, browserName: firefox, browserVersion: 79.0, javascriptEnabled: true, moz:accessibilityChecks: false, moz:buildID: 20200720193547, moz:geckodriverVersion: 0.23.0, moz:headless: false, moz:processID: 2063, moz:profile: /var/folders/5c/kwwyrlhd2mq..., moz:shutdownTimeout: 60000, moz:useNonSpecCompliantPointerOrigin: false, moz:webdriverClick: true, pageLoadStrategy: normal, platform: MAC, platformName: MAC, platformVersion: 19.6.0, proxy: Proxy(direct), rotatable: false, setWindowRect: true, strictFileInteractability: false, timeouts: {implicit: 0, pageLoad: 300000, script: 30000}, unhandledPromptBehavior: dismiss and notify}
Session ID: f7a71a6e-1299-294a-b2d0-be9aa3cfaf7f
*** Element info: {Using=xpath, value=//table[@id='files_files_table']/tbody/tr/td[2]/a[contains(text(),'YlFb1XvVB')]/../../td[6]/a}]]></system-out>
         <system-err><![CDATA[2020-08-21 15:20:38 - [TEST_CASE][ERROR] - Test Cases/Share/Share Using plus button/Share Folder With Group: Test Cases/Share/Share Using plus button/Share Folder With Group FAILED.
Reason:
org.openqa.selenium.NoSuchElementException: Unable to locate element: //table[@id='files_files_table']/tbody/tr/td[2]/a[contains(text(),'YlFb1XvVB')]/../../td[6]/a
For documentation on this error, please visit: https://www.seleniumhq.org/exceptions/no_such_element.html
Build info: version: '3.141.59', revision: 'e82be7d358', time: '2018-11-14T08:25:53'
System info: host: 'MacBook-Pro-di-mac.local', ip: 'fe80:0:0:0:ca8:b2f6:3082:738c%en0', os.name: 'Mac OS X', os.arch: 'x86_64', os.version: '10.15.6', java.version: '1.8.0_181'
Driver info: com.kms.katalon.core.webui.driver.firefox.CGeckoDriver
Capabilities {acceptInsecureCerts: true, browserName: firefox, browserVersion: 79.0, javascriptEnabled: true, moz:accessibilityChecks: false, moz:buildID: 20200720193547, moz:geckodriverVersion: 0.23.0, moz:headless: false, moz:processID: 2063, moz:profile: /var/folders/5c/kwwyrlhd2mq..., moz:shutdownTimeout: 60000, moz:useNonSpecCompliantPointerOrigin: false, moz:webdriverClick: true, pageLoadStrategy: normal, platform: MAC, platformName: MAC, platformVersion: 19.6.0, proxy: Proxy(direct), rotatable: false, setWindowRect: true, strictFileInteractability: false, timeouts: {implicit: 0, pageLoad: 300000, script: 30000}, unhandledPromptBehavior: dismiss and notify}
Session ID: f7a71a6e-1299-294a-b2d0-be9aa3cfaf7f
*** Element info: {Using=xpath, value=//table[@id='files_files_table']/tbody/tr/td[2]/a[contains(text(),'YlFb1XvVB')]/../../td[6]/a}
	at org.openqa.selenium.remote.http.W3CHttpResponseCodec.createException(W3CHttpResponseCodec.java:187)
	at org.openqa.selenium.remote.http.W3CHttpResponseCodec.decode(W3CHttpResponseCodec.java:122)
	at org.openqa.selenium.remote.http.W3CHttpResponseCodec.decode(W3CHttpResponseCodec.java:49)
	at org.openqa.selenium.remote.HttpCommandExecutor.execute(HttpCommandExecutor.java:158)
	at org.openqa.selenium.remote.service.DriverCommandExecutor.execute(DriverCommandExecutor.java:83)
	at org.openqa.selenium.remote.RemoteWebDriver.execute(RemoteWebDriver.java:552)
	at com.kms.katalon.selenium.driver.CFirefoxDriver.execute(CFirefoxDriver.java:27)
	at org.openqa.selenium.remote.RemoteWebDriver.findElement(RemoteWebDriver.java:323)
	at org.openqa.selenium.remote.RemoteWebDriver.findElementByXPath(RemoteWebDriver.java:428)
	at org.openqa.selenium.By$ByXPath.findElement(By.java:353)
	at org.openqa.selenium.remote.RemoteWebDriver.findElement(RemoteWebDriver.java:315)
	at org.openqa.selenium.support.events.EventFiringWebDriver.lambda$new$1(EventFiringWebDriver.java:105)
	at com.sun.proxy.$Proxy9.findElement(Unknown Source)
	at org.openqa.selenium.support.events.EventFiringWebDriver.findElement(EventFiringWebDriver.java:194)
	at org.openqa.selenium.WebDriver$findElement.call(Unknown Source)
	at share.ShareHelper.findShareButton(ShareHelper.groovy:41)
	at share.ShareHelper.invokeMethod(ShareHelper.groovy)
	at com.kms.katalon.core.main.CustomKeywordDelegatingMetaClass.invokeStaticMethod(CustomKeywordDelegatingMetaClass.java:50)
	at Share Folder With Group.run(Share Folder With Group:48)
	at com.kms.katalon.core.main.ScriptEngine.run(ScriptEngine.java:194)
	at com.kms.katalon.core.main.ScriptEngine.runScriptAsRawText(ScriptEngine.java:119)
	at com.kms.katalon.core.main.TestCaseExecutor.runScript(TestCaseExecutor.java:337)
	at com.kms.katalon.core.main.TestCaseExecutor.doExecute(TestCaseExecutor.java:328)
	at com.kms.katalon.core.main.TestCaseExecutor.processExecutionPhase(TestCaseExecutor.java:307)
	at com.kms.katalon.core.main.TestCaseExecutor.accessMainPhase(TestCaseExecutor.java:299)
	at com.kms.katalon.core.main.TestCaseExecutor.execute(TestCaseExecutor.java:233)
	at com.kms.katalon.core.main.TestSuiteExecutor.accessTestCaseMainPhase(TestSuiteExecutor.java:169)
	at com.kms.katalon.core.main.TestSuiteExecutor.accessTestSuiteMainPhase(TestSuiteExecutor.java:142)
	at com.kms.katalon.core.main.TestSuiteExecutor.execute(TestSuiteExecutor.java:91)
	at com.kms.katalon.core.main.TestCaseMain.startTestSuite(TestCaseMain.java:157)
	at com.kms.katalon.core.main.TestCaseMain$startTestSuite$0.call(Unknown Source)
	at TempTestSuite1598019558913.run(TempTestSuite1598019558913.groovy:36)]]></system-err>
      </testcase>
      <testcase name="Test Cases/Share/Share Using plus button/Share folder with Multiple outlook emails" time="22.586" classname="Test Cases/Share/Share Using plus button/Share folder with Multiple outlook emails" status="PASSED">
         <system-out><![CDATA[2020-08-21 15:21:03 - [TEST_CASE][PASSED] - Test Cases/Share/Share Using plus button/Share folder with Multiple outlook emails: Test Cases/Share/Share Using plus button/Share folder with Multiple outlook emails

2020-08-21 15:21:03 - [TEST_STEP][PASSED] - callTestCase(findTestCase("Folders/Should Go to Folderstable"), [:], OPTIONAL): Call Test Case 'Test Cases/Folders/Should Go to Folderstable' successfully

2020-08-21 15:21:03 - [TEST_CASE][PASSED] - Test Cases/Folders/Should Go to Folderstable: Test Cases/Folders/Should Go to Folderstable

2020-08-21 15:21:03 - [TEST_STEP][PASSED] - openBrowser(""): Browser is opened with url: ''

2020-08-21 15:21:03 - [MESSAGE][WARNING] - A browser is already opened. Closing browser and opening a new one

2020-08-21 15:21:04 - [MESSAGE][INFO] - Starting 'Firefox' driver

2020-08-21 15:21:07 - [MESSAGE][PASSED] - Browser is opened with url: ''

2020-08-21 15:21:07 - [TEST_STEP][PASSED] - navigateToUrl(URL): Navigate to 'https://lab.powerfolder.net:8666/login' successfully

2020-08-21 15:21:11 - [MESSAGE][PASSED] - Navigate to 'https://lab.powerfolder.net:8666/login' successfully

2020-08-21 15:21:11 - [TEST_STEP][PASSED] - assert getWindowTitle().equals("Login - PowerFolder"): Current window's title is: 'Login - PowerFolder'

2020-08-21 15:21:11 - [MESSAGE][PASSED] - Current window's title is: 'Login - PowerFolder'

2020-08-21 15:21:11 - [TEST_STEP][PASSED] - setText(findTestObject("Object Repository/Login/Page_Login - PowerFolder/input_register new account_Username"), Username): Text 'admin' is set on object 'Object Repository/Login/Page_Login - PowerFolder/input_register new account_Username'

2020-08-21 15:21:11 - [MESSAGE][PASSED] - Text 'admin' is set on object 'Object Repository/Login/Page_Login - PowerFolder/input_register new account_Username'

2020-08-21 15:21:11 - [TEST_STEP][PASSED] - click(findTestObject("Object Repository/Login/Page_Login - PowerFolder/input_register new account_Login")): Object: 'Object Repository/Login/Page_Login - PowerFolder/input_register new account_Login' is clicked on

2020-08-21 15:21:12 - [MESSAGE][PASSED] - Object: 'Object Repository/Login/Page_Login - PowerFolder/input_register new account_Login' is clicked on

2020-08-21 15:21:12 - [TEST_STEP][PASSED] - isPresent = waitForElementVisible(findTestObject("Object Repository/Login/Page_Login - PowerFolder/input_Recover password_Password"), 2): Object 'Object Repository/Login/Page_Login - PowerFolder/input_Recover password_Password' is visible

2020-08-21 15:21:12 - [MESSAGE][PASSED] - Object 'Object Repository/Login/Page_Login - PowerFolder/input_Recover password_Password' is visible

2020-08-21 15:21:12 - [TEST_STEP][PASSED] - assert isPresent: null

2020-08-21 15:21:12 - [TEST_STEP][PASSED] - setText(findTestObject("Object Repository/Login/Page_Login - PowerFolder/input_Recover password_Password"), Password): Text 'password' is set on object 'Object Repository/Login/Page_Login - PowerFolder/input_Recover password_Password'

2020-08-21 15:21:12 - [MESSAGE][PASSED] - Text 'password' is set on object 'Object Repository/Login/Page_Login - PowerFolder/input_Recover password_Password'

2020-08-21 15:21:12 - [TEST_STEP][PASSED] - click(findTestObject("Object Repository/Login/Page_Login - PowerFolder/input_register new account_Login")): Object: 'Object Repository/Login/Page_Login - PowerFolder/input_register new account_Login' is clicked on

2020-08-21 15:21:14 - [MESSAGE][PASSED] - Object: 'Object Repository/Login/Page_Login - PowerFolder/input_register new account_Login' is clicked on

2020-08-21 15:21:14 - [TEST_STEP][PASSED] - assert getWindowTitle().equals("Dashboard - PowerFolder"): Current window's title is: 'Dashboard - PowerFolder'

2020-08-21 15:21:14 - [MESSAGE][PASSED] - Current window's title is: 'Dashboard - PowerFolder'

2020-08-21 15:21:14 - [TEST_STEP][PASSED] - click(findTestObject("Object Repository/Folders/Page_Folders - PowerFolder/lang_Folders")): Object: 'Object Repository/Folders/Page_Folders - PowerFolder/lang_Folders' is clicked on

2020-08-21 15:21:16 - [MESSAGE][PASSED] - Object: 'Object Repository/Folders/Page_Folders - PowerFolder/lang_Folders' is clicked on

2020-08-21 15:21:16 - [TEST_STEP][PASSED] - assert getWindowTitle().equals("Folders - PowerFolder"): Current window's title is: 'Folders - PowerFolder'

2020-08-21 15:21:16 - [MESSAGE][PASSED] - Current window's title is: 'Folders - PowerFolder'

2020-08-21 15:21:16 - [MESSAGE][PASSED] - Call Test Case 'Test Cases/Folders/Should Go to Folderstable' successfully

2020-08-21 15:21:16 - [TEST_STEP][PASSED] - folderName = RandomStringUtils.random(9, true, true): null

2020-08-21 15:21:16 - [TEST_STEP][PASSED] - click(findTestObject("Object Repository/Share/Page_Folders - PowerFolder/span_Paste_pica-glyph glyphicons glyphicons_ca92f0")): Object: 'Object Repository/Share/Page_Folders - PowerFolder/span_Paste_pica-glyph glyphicons glyphicons_ca92f0' is clicked on

2020-08-21 15:21:18 - [MESSAGE][PASSED] - Object: 'Object Repository/Share/Page_Folders - PowerFolder/span_Paste_pica-glyph glyphicons glyphicons_ca92f0' is clicked on

2020-08-21 15:21:18 - [TEST_STEP][PASSED] - click(findTestObject("Object Repository/Share/Page_Folders - PowerFolder/a_Create Folder                            _852e7b")): Object: 'Object Repository/Share/Page_Folders - PowerFolder/a_Create Folder                            _852e7b' is clicked on

2020-08-21 15:21:18 - [MESSAGE][PASSED] - Object: 'Object Repository/Share/Page_Folders - PowerFolder/a_Create Folder                            _852e7b' is clicked on

2020-08-21 15:21:18 - [TEST_STEP][PASSED] - setText(findTestObject("Object Repository/Share/Page_Folders - PowerFolder/input_Create a new Folder_pencil"), folderName): Text '6VQxDD7oI' is set on object 'Object Repository/Share/Page_Folders - PowerFolder/input_Create a new Folder_pencil'

2020-08-21 15:21:19 - [MESSAGE][PASSED] - Text '6VQxDD7oI' is set on object 'Object Repository/Share/Page_Folders - PowerFolder/input_Create a new Folder_pencil'

2020-08-21 15:21:19 - [TEST_STEP][PASSED] - sendKeys(findTestObject("Object Repository/Share/Page_Folders - PowerFolder/input_Create a new Folder_pencil"), Keys.chord(ENTER)): Keys 'ENTER + ' sent to object: 'Object Repository/Share/Page_Folders - PowerFolder/input_Create a new Folder_pencil'

2020-08-21 15:21:19 - [MESSAGE][PASSED] - Keys 'ENTER + ' sent to object: 'Object Repository/Share/Page_Folders - PowerFolder/input_Create a new Folder_pencil'

2020-08-21 15:21:19 - [TEST_STEP][PASSED] - btn = share.ShareHelper.findShareButton(folderName): share.ShareHelper.findShareButton is PASSED

2020-08-21 15:21:21 - [MESSAGE][PASSED] - share.ShareHelper.findShareButton is PASSED

2020-08-21 15:21:21 - [TEST_STEP][PASSED] - executeJavaScript("arguments[0].click()", Arrays.asList(btn)): Execute JavaScript 'arguments[0].click()' successfully

2020-08-21 15:21:21 - [MESSAGE][PASSED] - Execute JavaScript 'arguments[0].click()' successfully

2020-08-21 15:21:21 - [TEST_STEP][PASSED] - mails = ${ -> ... } <${ -> ... }@outlook.com>;${ -> ... } <${ -> ... }@outlook.com>;${ -> ... } <${ -> ... }@outlook.com>: null

2020-08-21 15:21:21 - [TEST_STEP][PASSED] - membersCount = share.ShareHelper.getMembersCount(): share.ShareHelper.getMembersCount is PASSED

2020-08-21 15:21:22 - [MESSAGE][PASSED] - share.ShareHelper.getMembersCount is PASSED

2020-08-21 15:21:22 - [TEST_STEP][PASSED] - setText(findTestObject("Object Repository/Share/Page_Folders - PowerFolder/input_Invite users and groups or create a l_797df6"), mails): Text '6VQxDD7oIa <6VQxDD7oIa@outlook.com>;6VQxDD7oIb <6VQxDD7oIb@outlook.com>;6VQxDD7oIc <6VQxDD7oIc@outlook.com>' is set on object 'Object Repository/Share/Page_Folders - PowerFolder/input_Invite users and groups or create a l_797df6'

2020-08-21 15:21:22 - [MESSAGE][PASSED] - Text '6VQxDD7oIa <6VQxDD7oIa@outlook.com>;6VQxDD7oIb <6VQxDD7oIb@outlook.com>;6VQxDD7oIc <6VQxDD7oIc@outlook.com>' is set on object 'Object Repository/Share/Page_Folders - PowerFolder/input_Invite users and groups or create a l_797df6'

[...]

2020-08-21 15:25:26 - [TEST_STEP][ERROR] - btn = share.ShareHelper.findShareButton(folderName): Unable to locate element: //table[@id='files_files_table']/tbody/tr/td[2]/a[contains(text(),'Uld1US8s7')]/../../td[6]/a
For documentation on this error, please visit: https://www.seleniumhq.org/exceptions/no_such_element.html
Build info: version: '3.141.59', revision: 'e82be7d358', time: '2018-11-14T08:25:53'
System info: host: 'MacBook-Pro-di-mac.local', ip: 'fe80:0:0:0:ca8:b2f6:3082:738c%en0', os.name: 'Mac OS X', os.arch: 'x86_64', os.version: '10.15.6', java.version: '1.8.0_181'
Driver info: com.kms.katalon.core.webui.driver.firefox.CGeckoDriver
Capabilities {acceptInsecureCerts: true, browserName: firefox, browserVersion: 79.0, javascriptEnabled: true, moz:accessibilityChecks: false, moz:buildID: 20200720193547, moz:geckodriverVersion: 0.23.0, moz:headless: false, moz:processID: 2240, moz:profile: /var/folders/5c/kwwyrlhd2mq..., moz:shutdownTimeout: 60000, moz:useNonSpecCompliantPointerOrigin: false, moz:webdriverClick: true, pageLoadStrategy: normal, platform: MAC, platformName: MAC, platformVersion: 19.6.0, proxy: Proxy(direct), rotatable: false, setWindowRect: true, strictFileInteractability: false, timeouts: {implicit: 0, pageLoad: 300000, script: 30000}, unhandledPromptBehavior: dismiss and notify}
Session ID: caff86f5-935c-7049-879a-77b03780674e
*** Element info: {Using=xpath, value=//table[@id='files_files_table']/tbody/tr/td[2]/a[contains(text(),'Uld1US8s7')]/../../td[6]/a}

2020-08-21 15:25:28 - [MESSAGE][ERROR] - Unable to locate element: //table[@id='files_files_table']/tbody/tr/td[2]/a[contains(text(),'Uld1US8s7')]/../../td[6]/a
For documentation on this error, please visit: https://www.seleniumhq.org/exceptions/no_such_element.html
Build info: version: '3.141.59', revision: 'e82be7d358', time: '2018-11-14T08:25:53'
System info: host: 'MacBook-Pro-di-mac.local', ip: 'fe80:0:0:0:ca8:b2f6:3082:738c%en0', os.name: 'Mac OS X', os.arch: 'x86_64', os.version: '10.15.6', java.version: '1.8.0_181'
Driver info: com.kms.katalon.core.webui.driver.firefox.CGeckoDriver
Capabilities {acceptInsecureCerts: true, browserName: firefox, browserVersion: 79.0, javascriptEnabled: true, moz:accessibilityChecks: false, moz:buildID: 20200720193547, moz:geckodriverVersion: 0.23.0, moz:headless: false, moz:processID: 2240, moz:profile: /var/folders/5c/kwwyrlhd2mq..., moz:shutdownTimeout: 60000, moz:useNonSpecCompliantPointerOrigin: false, moz:webdriverClick: true, pageLoadStrategy: normal, platform: MAC, platformName: MAC, platformVersion: 19.6.0, proxy: Proxy(direct), rotatable: false, setWindowRect: true, strictFileInteractability: false, timeouts: {implicit: 0, pageLoad: 300000, script: 30000}, unhandledPromptBehavior: dismiss and notify}
Session ID: caff86f5-935c-7049-879a-77b03780674e
*** Element info: {Using=xpath, value=//table[@id='files_files_table']/tbody/tr/td[2]/a[contains(text(),'Uld1US8s7')]/../../td[6]/a}]]></system-out>
         <system-err><![CDATA[2020-08-21 15:25:11 - [TEST_CASE][ERROR] - Test Cases/Share/Share Using enter/Share folder with Multiple emails comma separator: Test Cases/Share/Share Using enter/Share folder with Multiple emails comma separator FAILED.
Reason:
org.openqa.selenium.NoSuchElementException: Unable to locate element: //table[@id='files_files_table']/tbody/tr/td[2]/a[contains(text(),'Uld1US8s7')]/../../td[6]/a
For documentation on this error, please visit: https://www.seleniumhq.org/exceptions/no_such_element.html
Build info: version: '3.141.59', revision: 'e82be7d358', time: '2018-11-14T08:25:53'
System info: host: 'MacBook-Pro-di-mac.local', ip: 'fe80:0:0:0:ca8:b2f6:3082:738c%en0', os.name: 'Mac OS X', os.arch: 'x86_64', os.version: '10.15.6', java.version: '1.8.0_181'
Driver info: com.kms.katalon.core.webui.driver.firefox.CGeckoDriver
Capabilities {acceptInsecureCerts: true, browserName: firefox, browserVersion: 79.0, javascriptEnabled: true, moz:accessibilityChecks: false, moz:buildID: 20200720193547, moz:geckodriverVersion: 0.23.0, moz:headless: false, moz:processID: 2240, moz:profile: /var/folders/5c/kwwyrlhd2mq..., moz:shutdownTimeout: 60000, moz:useNonSpecCompliantPointerOrigin: false, moz:webdriverClick: true, pageLoadStrategy: normal, platform: MAC, platformName: MAC, platformVersion: 19.6.0, proxy: Proxy(direct), rotatable: false, setWindowRect: true, strictFileInteractability: false, timeouts: {implicit: 0, pageLoad: 300000, script: 30000}, unhandledPromptBehavior: dismiss and notify}
Session ID: caff86f5-935c-7049-879a-77b03780674e
*** Element info: {Using=xpath, value=//table[@id='files_files_table']/tbody/tr/td[2]/a[contains(text(),'Uld1US8s7')]/../../td[6]/a}
	at org.openqa.selenium.remote.http.W3CHttpResponseCodec.createException(W3CHttpResponseCodec.java:187)
	at org.openqa.selenium.remote.http.W3CHttpResponseCodec.decode(W3CHttpResponseCodec.java:122)
	at org.openqa.selenium.remote.http.W3CHttpResponseCodec.decode(W3CHttpResponseCodec.java:49)
	at org.openqa.selenium.remote.HttpCommandExecutor.execute(HttpCommandExecutor.java:158)
	at org.openqa.selenium.remote.service.DriverCommandExecutor.execute(DriverCommandExecutor.java:83)
	at org.openqa.selenium.remote.RemoteWebDriver.execute(RemoteWebDriver.java:552)
	at com.kms.katalon.selenium.driver.CFirefoxDriver.execute(CFirefoxDriver.java:27)
	at org.openqa.selenium.remote.RemoteWebDriver.findElement(RemoteWebDriver.java:323)
	at org.openqa.selenium.remote.RemoteWebDriver.findElementByXPath(RemoteWebDriver.java:428)
	at org.openqa.selenium.By$ByXPath.findElement(By.java:353)
	at org.openqa.selenium.remote.RemoteWebDriver.findElement(RemoteWebDriver.java:315)
	at org.openqa.selenium.support.events.EventFiringWebDriver.lambda$new$1(EventFiringWebDriver.java:105)
	at com.sun.proxy.$Proxy9.findElement(Unknown Source)
	at org.openqa.selenium.support.events.EventFiringWebDriver.findElement(EventFiringWebDriver.java:194)
	at org.openqa.selenium.WebDriver$findElement.call(Unknown Source)
	at share.ShareHelper.findShareButton(ShareHelper.groovy:41)
	at share.ShareHelper.invokeMethod(ShareHelper.groovy)
	at com.kms.katalon.core.main.CustomKeywordDelegatingMetaClass.invokeStaticMethod(CustomKeywordDelegatingMetaClass.java:50)
	at Share folder with Multiple emails comma separator.run(Share folder with Multiple emails comma separator:37)
	at com.kms.katalon.core.main.ScriptEngine.run(ScriptEngine.java:194)
	at com.kms.katalon.core.main.ScriptEngine.runScriptAsRawText(ScriptEngine.java:119)
	at com.kms.katalon.core.main.TestCaseExecutor.runScript(TestCaseExecutor.java:337)
	at com.kms.katalon.core.main.TestCaseExecutor.doExecute(TestCaseExecutor.java:328)
	at com.kms.katalon.core.main.TestCaseExecutor.processExecutionPhase(TestCaseExecutor.java:307)
	at com.kms.katalon.core.main.TestCaseExecutor.accessMainPhase(TestCaseExecutor.java:299)
	at com.kms.katalon.core.main.TestCaseExecutor.execute(TestCaseExecutor.java:233)
	at com.kms.katalon.core.main.TestSuiteExecutor.accessTestCaseMainPhase(TestSuiteExecutor.java:169)
	at com.kms.katalon.core.main.TestSuiteExecutor.accessTestSuiteMainPhase(TestSuiteExecutor.java:142)
	at com.kms.katalon.core.main.TestSuiteExecutor.execute(TestSuiteExecutor.java:91)
	at com.kms.katalon.core.main.TestCaseMain.startTestSuite(TestCaseMain.java:157)
	at com.kms.katalon.core.main.TestCaseMain$startTestSuite$0.call(Unknown Source)
	at TempTestSuite1598019558913.run(TempTestSuite1598019558913.groovy:36)]]></system-err>
      </testcase>
      <testcase name="Test Cases/Share/Share Using enter/Share folder with Multiple emails multiple separators" time="27.505" classname="Test Cases/Share/Share Using enter/Share folder with Multiple emails multiple separators" status="PASSED">
         <system-out><![CDATA[2020-08-21 15:25:28 - [TEST_CASE][PASSED] - Test Cases/Share/Share Using enter/Share folder with Multiple emails multiple separators: Test Cases/Share/Share Using enter/Share folder with Multiple emails multiple separators

2020-08-21 15:25:28 - [TEST_STEP][PASSED] - callTestCase(findTestCase("Folders/Should Go to Folderstable"), [:], OPTIONAL): Call Test Case 'Test Cases/Folders/Should Go to Folderstable' successfully

2020-08-21 15:25:29 - [TEST_CASE][PASSED] - Test Cases/Folders/Should Go to Folderstable: Test Cases/Folders/Should Go to Folderstable

2020-08-21 15:25:29 - [TEST_STEP][PASSED] - openBrowser(""): Browser is opened with url: ''

2020-08-21 15:25:29 - [MESSAGE][WARNING] - A browser is already opened. Closing browser and opening a new one

2020-08-21 15:25:31 - [MESSAGE][INFO] - Starting 'Firefox' driver

2020-08-21 15:25:33 - [MESSAGE][PASSED] - Browser is opened with url: ''

2020-08-21 15:25:33 - [TEST_STEP][PASSED] - navigateToUrl(URL): Navigate to 'https://lab.powerfolder.net:8666/login' successfully

2020-08-21 15:25:40 - [MESSAGE][PASSED] - Navigate to 'https://lab.powerfolder.net:8666/login' successfully

2020-08-21 15:25:40 - [TEST_STEP][PASSED] - assert getWindowTitle().equals("Login - PowerFolder"): Current window's title is: 'Login - PowerFolder'

2020-08-21 15:25:40 - [MESSAGE][PASSED] - Current window's title is: 'Login - PowerFolder'

2020-08-21 15:25:40 - [TEST_STEP][PASSED] - setText(findTestObject("Object Repository/Login/Page_Login - PowerFolder/input_register new account_Username"), Username): Text 'admin' is set on object 'Object Repository/Login/Page_Login - PowerFolder/input_register new account_Username'

2020-08-21 15:25:40 - [MESSAGE][PASSED] - Text 'admin' is set on object 'Object Repository/Login/Page_Login - PowerFolder/input_register new account_Username'

2020-08-21 15:25:40 - [TEST_STEP][PASSED] - click(findTestObject("Object Repository/Login/Page_Login - PowerFolder/input_register new account_Login")): Object: 'Object Repository/Login/Page_Login - PowerFolder/input_register new account_Login' is clicked on

2020-08-21 15:25:41 - [MESSAGE][PASSED] - Object: 'Object Repository/Login/Page_Login - PowerFolder/input_register new account_Login' is clicked on

2020-08-21 15:25:41 - [TEST_STEP][PASSED] - isPresent = waitForElementVisible(findTestObject("Object Repository/Login/Page_Login - PowerFolder/input_Recover password_Password"), 2): Object 'Object Repository/Login/Page_Login - PowerFolder/input_Recover password_Password' is visible

2020-08-21 15:25:41 - [MESSAGE][PASSED] - Object 'Object Repository/Login/Page_Login - PowerFolder/input_Recover password_Password' is visible

2020-08-21 15:25:41 - [TEST_STEP][PASSED] - assert isPresent: null

2020-08-21 15:25:41 - [TEST_STEP][PASSED] - setText(findTestObject("Object Repository/Login/Page_Login - PowerFolder/input_Recover password_Password"), Password): Text 'password' is set on object 'Object Repository/Login/Page_Login - PowerFolder/input_Recover password_Password'

2020-08-21 15:25:41 - [MESSAGE][PASSED] - Text 'password' is set on object 'Object Repository/Login/Page_Login - PowerFolder/input_Recover password_Password'

2020-08-21 15:25:41 - [TEST_STEP][PASSED] - click(findTestObject("Object Repository/Login/Page_Login - PowerFolder/input_register new account_Login")): Object: 'Object Repository/Login/Page_Login - PowerFolder/input_register new account_Login' is clicked on

2020-08-21 15:25:44 - [MESSAGE][PASSED] - Object: 'Object Repository/Login/Page_Login - PowerFolder/input_register new account_Login' is clicked on

2020-08-21 15:25:44 - [TEST_STEP][PASSED] - assert getWindowTitle().equals("Dashboard - PowerFolder"): Current window's title is: 'Dashboard - PowerFolder'

2020-08-21 15:25:44 - [MESSAGE][PASSED] - Current window's title is: 'Dashboard - PowerFolder'

2020-08-21 15:25:44 - [TEST_STEP][PASSED] - click(findTestObject("Object Repository/Folders/Page_Folders - PowerFolder/lang_Folders")): Object: 'Object Repository/Folders/Page_Folders - PowerFolder/lang_Folders' is clicked on

2020-08-21 15:25:46 - [MESSAGE][PASSED] - Object: 'Object Repository/Folders/Page_Folders - PowerFolder/lang_Folders' is clicked on

2020-08-21 15:25:46 - [TEST_STEP][PASSED] - assert getWindowTitle().equals("Folders - PowerFolder"): Current window's title is: 'Folders - PowerFolder'

2020-08-21 15:25:46 - [MESSAGE][PASSED] - Current window's title is: 'Folders - PowerFolder'

2020-08-21 15:25:46 - [MESSAGE][PASSED] - Call Test Case 'Test Cases/Folders/Should Go to Folderstable' successfully

2020-08-21 15:25:46 - [TEST_STEP][PASSED] - folderName = RandomStringUtils.random(9, true, true): null

2020-08-21 15:25:46 - [TEST_STEP][PASSED] - click(findTestObject("Object Repository/Share/Page_Folders - PowerFolder/span_Paste_pica-glyph glyphicons glyphicons_ca92f0")): Object: 'Object Repository/Share/Page_Folders - PowerFolder/span_Paste_pica-glyph glyphicons glyphicons_ca92f0' is clicked on

2020-08-21 15:25:48 - [MESSAGE][PASSED] - Object: 'Object Repository/Share/Page_Folders - PowerFolder/span_Paste_pica-glyph glyphicons glyphicons_ca92f0' is clicked on

2020-08-21 15:25:48 - [TEST_STEP][PASSED] - click(findTestObject("Object Repository/Share/Page_Folders - PowerFolder/a_Create Folder                            _852e7b")): Object: 'Object Repository/Share/Page_Folders - PowerFolder/a_Create Folder                            _852e7b' is clicked on

2020-08-21 15:25:48 - [MESSAGE][PASSED] - Object: 'Object Repository/Share/Page_Folders - PowerFolder/a_Create Folder                            _852e7b' is clicked on

2020-08-21 15:25:48 - [TEST_STEP][PASSED] - setText(findTestObject("Object Repository/Share/Page_Folders - PowerFolder/input_Create a new Folder_pencil"), folderName): Text 'MmllZUvUt' is set on object 'Object Repository/Share/Page_Folders - PowerFolder/input_Create a new Folder_pencil'

2020-08-21 15:25:49 - [MESSAGE][PASSED] - Text 'MmllZUvUt' is set on object 'Object Repository/Share/Page_Folders - PowerFolder/input_Create a new Folder_pencil'

2020-08-21 15:25:49 - [TEST_STEP][PASSED] - sendKeys(findTestObject("Object Repository/Share/Page_Folders - PowerFolder/input_Create a new Folder_pencil"), Keys.chord(ENTER)): Keys 'ENTER + ' sent to object: 'Object Repository/Share/Page_Folders - PowerFolder/input_Create a new Folder_pencil'

2020-08-21 15:25:49 - [MESSAGE][PASSED] - Keys 'ENTER + ' sent to object: 'Object Repository/Share/Page_Folders - PowerFolder/input_Create a new Folder_pencil'

2020-08-21 15:25:49 - [TEST_STEP][PASSED] - btn = share.ShareHelper.findShareButton(folderName): share.ShareHelper.findShareButton is PASSED

2020-08-21 15:25:52 - [MESSAGE][PASSED] - share.ShareHelper.findShareButton is PASSED

2020-08-21 15:25:52 - [TEST_STEP][PASSED] - executeJavaScript("arguments[0].click()", Arrays.asList(btn)): Execute JavaScript 'arguments[0].click()' successfully

2020-08-21 15:25:52 - [MESSAGE][PASSED] - Execute JavaScript 'arguments[0].click()' successfully

2020-08-21 15:25:52 - [TEST_STEP][PASSED] - mails = a_${ -> ... }@a.com;b_${ -> ... }@b.com:c_${ -> ... }@c.com,d_${ -> ... }@d.com: null

2020-08-21 15:25:52 - [TEST_STEP][PASSED] - membersCount = share.ShareHelper.getMembersCount(): share.ShareHelper.getMembersCount is PASSED

2020-08-21 15:25:53 - [MESSAGE][PASSED] - share.ShareHelper.getMembersCount is PASSED

2020-08-21 15:25:53 - [TEST_STEP][PASSED] - setText(findTestObject("Object Repository/Share/Page_Folders - PowerFolder/input_Invite users and groups or create a l_797df6"), mails): Text 'a_MmllZUvUt@a.com;b_MmllZUvUt@b.com:c_MmllZUvUt@c.com,d_MmllZUvUt@d.com' is set on object 'Object Repository/Share/Page_Folders - PowerFolder/input_Invite users and groups or create a l_797df6'

2020-08-21 15:25:53 - [MESSAGE][PASSED] - Text 'a_MmllZUvUt@a.com;b_MmllZUvUt@b.com:c_MmllZUvUt@c.com,d_MmllZUvUt@d.com' is set on object 'Object Repository/Share/Page_Folders - PowerFolder/input_Invite users and groups or create a l_797df6'

2020-08-21 15:25:53 - [TEST_STEP][PASSED] - sendKeys(findTestObject("Object Repository/Share/Page_Folders - PowerFolder/input_Invite users and groups or create a l_797df6"), Keys.chord(ENTER)): Keys 'ENTER + ' sent to object: 'Object Repository/Share/Page_Folders - PowerFolder/input_Invite users and groups or create a l_797df6'

2020-08-21 15:25:53 - [MESSAGE][PASSED] - Keys 'ENTER + ' sent to object: 'Object Repository/Share/Page_Folders - PowerFolder/input_Invite users and groups or create a l_797df6'

2020-08-21 15:25:53 - [TEST_STEP][PASSED] - assert membersCount + 4 == share.ShareHelper.getMembersCount(): share.ShareHelper.getMembersCount is PASSED

2020-08-21 15:25:54 - [MESSAGE][PASSED] - share.ShareHelper.getMembersCount is PASSED

2020-08-21 15:25:54 - [TEST_STEP][PASSED] - closeBrowser(): Browser is closed

2020-08-21 15:25:56 - [MESSAGE][PASSED] - Browser is closed]]></system-out>
         <system-err><![CDATA[]]></system-err>
      </testcase>
      <system-out><![CDATA[2020-08-21 15:19:20 - [TEST_SUITE][FAILED] - Folder Share: Test Cases/Share/Share Using plus button/Share folder with Multiple emails semi colon FAILED.
Reason:
Assertion failed: 

assert membersCount+3 == CustomKeywords.'share.ShareHelper.getMembersCount'()
       |           |  |                 |
       0           3  false             0

	at Share folder with Multiple emails semi colon.run(Share folder with Multiple emails semi colon:50)
	at com.kms.katalon.core.main.ScriptEngine.run(ScriptEngine.java:194)
	at com.kms.katalon.core.main.ScriptEngine.runScriptAsRawText(ScriptEngine.java:119)
	at com.kms.katalon.core.main.TestCaseExecutor.runScript(TestCaseExecutor.java:337)
	at com.kms.katalon.core.main.TestCaseExecutor.doExecute(TestCaseExecutor.java:328)
	at com.kms.katalon.core.main.TestCaseExecutor.processExecutionPhase(TestCaseExecutor.java:307)
	at com.kms.katalon.core.main.TestCaseExecutor.accessMainPhase(TestCaseExecutor.java:299)
	at com.kms.katalon.core.main.TestCaseExecutor.execute(TestCaseExecutor.java:233)
	at com.kms.katalon.core.main.TestSuiteExecutor.accessTestCaseMainPhase(TestSuiteExecutor.java:169)
	at com.kms.katalon.core.main.TestSuiteExecutor.accessTestSuiteMainPhase(TestSuiteExecutor.java:142)
	at com.kms.katalon.core.main.TestSuiteExecutor.execute(TestSuiteExecutor.java:91)
	at com.kms.katalon.core.main.TestCaseMain.startTestSuite(TestCaseMain.java:157)
	at com.kms.katalon.core.main.TestCaseMain$startTestSuite$0.call(Unknown Source)
	at TempTestSuite1598019558913.run(TempTestSuite1598019558913.groovy:36)]]></system-out>
      <system-err><![CDATA[2020-08-21 15:19:20 - [TEST_SUITE][FAILED] - Folder Share: Test Cases/Share/Share Using plus button/Share folder with Multiple emails semi colon FAILED.
Reason:
Assertion failed: 

assert membersCount+3 == CustomKeywords.'share.ShareHelper.getMembersCount'()
       |           |  |                 |
       0           3  false             0

	at Share folder with Multiple emails semi colon.run(Share folder with Multiple emails semi colon:50)
	at com.kms.katalon.core.main.ScriptEngine.run(ScriptEngine.java:194)
	at com.kms.katalon.core.main.ScriptEngine.runScriptAsRawText(ScriptEngine.java:119)
	at com.kms.katalon.core.main.TestCaseExecutor.runScript(TestCaseExecutor.java:337)
	at com.kms.katalon.core.main.TestCaseExecutor.doExecute(TestCaseExecutor.java:328)
	at com.kms.katalon.core.main.TestCaseExecutor.processExecutionPhase(TestCaseExecutor.java:307)
	at com.kms.katalon.core.main.TestCaseExecutor.accessMainPhase(TestCaseExecutor.java:299)
	at com.kms.katalon.core.main.TestCaseExecutor.execute(TestCaseExecutor.java:233)
	at com.kms.katalon.core.main.TestSuiteExecutor.accessTestCaseMainPhase(TestSuiteExecutor.java:169)
	at com.kms.katalon.core.main.TestSuiteExecutor.accessTestSuiteMainPhase(TestSuiteExecutor.java:142)
	at com.kms.katalon.core.main.TestSuiteExecutor.execute(TestSuiteExecutor.java:91)
	at com.kms.katalon.core.main.TestCaseMain.startTestSuite(TestCaseMain.java:157)
	at com.kms.katalon.core.main.TestCaseMain$startTestSuite$0.call(Unknown Source)
	at TempTestSuite1598019558913.run(TempTestSuite1598019558913.groovy:36)]]></system-err>
   </testsuite>
</testsuites>
